0 verbose cli C:\Program Files\nodejs\node.exe C:\Users\richard.goltara\AppData\Roaming\npm\node_modules\npm\bin\npm-cli.js
1 info using npm@11.2.0
2 info using node@v22.14.0
3 silly config load:file:C:\Users\richard.goltara\AppData\Roaming\npm\node_modules\npm\npmrc
4 silly config load:file:c:\Users\richard.goltara\testeyau\radioman-1\.npmrc
5 silly config load:file:C:\Users\richard.goltara\.npmrc
6 silly config load:file:C:\Users\richard.goltara\AppData\Roaming\npm\etc\npmrc
7 verbose title npm view @microsoft/rush-stack-compiler description dist-tags.latest homepage version time
8 verbose argv "view" "--json" "--" "@microsoft/rush-stack-compiler" "description" "dist-tags.latest" "homepage" "version" "time"
9 verbose logfile logs-max:10 dir:C:\Users\richard.goltara\testeyau\radioman-1\.npm-cache\_logs\2025-03-28T12_17_31_905Z-
10 verbose logfile C:\Users\richard.goltara\testeyau\radioman-1\.npm-cache\_logs\2025-03-28T12_17_31_905Z-debug-0.log
11 silly logfile start cleaning logs, removing 1 files
12 silly logfile done cleaning log files
13 http fetch GET 200 https://registry.npmjs.org/@microsoft%2frush-stack-compiler 228ms (cache updated)
14 verbose cwd c:\Users\richard.goltara\testeyau\radioman-1
15 verbose os Windows_NT 10.0.19045
16 verbose node v22.14.0
17 verbose npm  v11.2.0
18 verbose exit 0
19 info ok
