0 verbose cli C:\Program Files\nodejs\node.exe C:\Users\richard.goltara\AppData\Roaming\npm\node_modules\npm\bin\npm-cli.js
1 info using npm@11.2.0
2 info using node@v22.14.0
3 silly config load:file:C:\Users\richard.goltara\AppData\Roaming\npm\node_modules\npm\npmrc
4 silly config load:file:C:\Users\richard.goltara\testeyau\radioman-1\.npmrc
5 silly config load:file:C:\Users\richard.goltara\.npmrc
6 silly config load:file:C:\Users\richard.goltara\AppData\Roaming\npm\etc\npmrc
7 verbose title npm install eslint@8.57.1
8 verbose argv "install" "eslint@8.57.1" "--save-dev"
9 verbose logfile logs-max:10 dir:C:\Users\richard.goltara\testeyau\radioman-1\.npm-cache\_logs\2025-03-28T11_31_21_484Z-
10 verbose logfile C:\Users\richard.goltara\testeyau\radioman-1\.npm-cache\_logs\2025-03-28T11_31_21_484Z-debug-0.log
11 silly logfile start cleaning logs, removing 1 files
12 silly packumentCache heap:2197815296 maxSize:549453824 maxEntrySize:274726912
13 silly logfile done cleaning log files
14 verbose stack JSONParseError: Expected ',' or '}' after property value in JSON at position 178 (line 9 column 5) while parsing near "...: \"next start\"\r\n    // \"lint\": \"eslint ...."
14 verbose stack     at C:\Users\richard.goltara\AppData\Roaming\npm\node_modules\npm\node_modules\read-package-json-fast\lib\index.js:7:61
14 verbose stack     at async #initTree (C:\Users\richard.goltara\AppData\Roaming\npm\node_modules\npm\node_modules\@npmcli\arborist\lib\arborist\build-ideal-tree.js:268:21)
14 verbose stack     at async Arborist.buildIdealTree (C:\Users\richard.goltara\AppData\Roaming\npm\node_modules\npm\node_modules\@npmcli\arborist\lib\arborist\build-ideal-tree.js:178:7)
14 verbose stack     at async Promise.all (index 1)
14 verbose stack     at async Arborist.reify (C:\Users\richard.goltara\AppData\Roaming\npm\node_modules\npm\node_modules\@npmcli\arborist\lib\arborist\reify.js:131:5)
14 verbose stack     at async Install.exec (C:\Users\richard.goltara\AppData\Roaming\npm\node_modules\npm\lib\commands\install.js:149:5)
14 verbose stack     at async Npm.exec (C:\Users\richard.goltara\AppData\Roaming\npm\node_modules\npm\lib\npm.js:208:9)
14 verbose stack     at async module.exports (C:\Users\richard.goltara\AppData\Roaming\npm\node_modules\npm\lib\cli\entry.js:67:5)
15 error code EJSONPARSE
16 error path C:\Users\richard.goltara\testeyau\radioman-1/package.json
17 error JSON.parse Expected ',' or '}' after property value in JSON at position 178 (line 9 column 5) while parsing near "...: \"next start\"\r\n    // \"lint\": \"eslint ...."
18 error JSON.parse Failed to parse JSON data.
18 error JSON.parse Note: package.json must be actual JSON, not just JavaScript.
19 silly unfinished npm timer reify 1743161482118
20 silly unfinished npm timer reify:loadTrees 1743161482118
21 silly unfinished npm timer idealTree:init 1743161482119
22 verbose cwd C:\Users\richard.goltara\testeyau\radioman-1
23 verbose os Windows_NT 10.0.19045
24 verbose node v22.14.0
25 verbose npm  v11.2.0
26 verbose exit 1
27 verbose code 1
28 error A complete log of this run can be found in: C:\Users\richard.goltara\testeyau\radioman-1\.npm-cache\_logs\2025-03-28T11_31_21_484Z-debug-0.log
