0 verbose cli C:\Program Files\Nodejs\node.exe C:\Users\richard.goltara\AppData\Roaming\npm\node_modules\npm\bin\npm-cli.js
1 info using npm@11.2.0
2 info using node@v20.19.0
3 silly config load:file:C:\Users\richard.goltara\AppData\Roaming\npm\node_modules\npm\npmrc
4 silly config load:file:C:\Users\richard.goltara\AppData\Local\Microsoft\TypeScript\5.8\.npmrc
5 silly config load:file:C:\Users\richard.goltara\.npmrc
6 silly config load:file:C:\Users\richard.goltara\AppData\Roaming\npm\etc\npmrc
7 verbose title npm install types-registry@latest
8 verbose argv "install" "--ignore-scripts" "types-registry@latest"
9 verbose logfile logs-max:10 dir:C:\Users\richard.goltara\testeyau\radioman-1\.npm-cache\_logs\2025-06-16T10_32_32_557Z-
10 verbose logfile C:\Users\richard.goltara\testeyau\radioman-1\.npm-cache\_logs\2025-06-16T10_32_32_557Z-debug-0.log
11 silly logfile start cleaning logs, removing 1 files
12 silly packumentCache heap:2197815296 maxSize:549453824 maxEntrySize:274726912
13 silly logfile done cleaning log files
14 silly packumentCache corgi:https://registry.npmjs.org/types-registry cache-miss
15 http fetch GET 200 https://registry.npmjs.org/types-registry 143ms (cache updated)
16 silly packumentCache corgi:https://registry.npmjs.org/types-registry set size:undefined disposed:false
17 silly idealTree buildDeps
18 silly fetch manifest types-registry@0.1.725
19 silly packumentCache full:https://registry.npmjs.org/types-registry cache-miss
20 http fetch GET 200 https://registry.npmjs.org/npm 341ms
21 http fetch GET 200 https://registry.npmjs.org/types-registry 151ms (cache updated)
22 silly packumentCache full:https://registry.npmjs.org/types-registry set size:undefined disposed:false
23 silly placeDep ROOT types-registry@0.1.725 REPLACE for:  want: 0.1.725
24 silly reify mark retired [
24 silly reify   'C:\\Users\\richard.goltara\\AppData\\Local\\Microsoft\\TypeScript\\5.8\\node_modules\\types-registry'
24 silly reify ]
25 silly reify moves {
25 silly reify   'C:\\Users\\richard.goltara\\AppData\\Local\\Microsoft\\TypeScript\\5.8\\node_modules\\types-registry': 'C:\\Users\\richard.goltara\\AppData\\Local\\Microsoft\\TypeScript\\5.8\\node_modules\\.types-registry-ldwKC1Qa'
25 silly reify }
26 silly audit bulk request {
26 silly audit   '@types/brace-expansion': [ '1.1.2' ],
26 silly audit   '@types/crypto-js': [ '4.2.2' ],
26 silly audit   '@types/debug': [ '4.1.12' ],
26 silly audit   '@types/estree': [ '1.0.7' ],
26 silly audit   '@types/json-schema': [ '7.0.15' ],
26 silly audit   '@types/jsonwebtoken': [ '9.0.9' ],
26 silly audit   '@types/ms': [ '2.1.0' ],
26 silly audit   '@types/node': [ '22.13.13' ],
26 silly audit   '@types/object-assign': [ '4.0.33' ],
26 silly audit   '@types/object.entries': [ '1.1.1' ],
26 silly audit   '@types/object.fromentries': [ '2.0.4' ],
26 silly audit   '@types/page': [ '1.11.9' ],
26 silly audit   '@types/prop-types': [ '15.7.14' ],
26 silly audit   '@types/react': [ '19.1.1' ],
26 silly audit   '@types/react-dom': [ '19.1.2' ],
26 silly audit   '@types/react-is': [ '19.0.0' ],
26 silly audit   csstype: [ '3.1.3' ],
26 silly audit   'undici-types': [ '6.20.0' ],
26 silly audit   'types-registry': [ '0.1.725' ]
26 silly audit }
27 http cache types-registry@https://registry.npmjs.org/types-registry/-/types-registry-0.1.725.tgz 0ms (cache hit)
28 silly tarball no local data for types-registry@https://registry.npmjs.org/types-registry/-/types-registry-0.1.725.tgz. Extracting by manifest.
29 http fetch GET 200 https://registry.npmjs.org/types-registry/-/types-registry-0.1.725.tgz 93ms (cache miss)
30 http fetch POST 200 https://registry.npmjs.org/-/npm/v1/security/advisories/bulk 247ms
31 silly audit report {}
32 silly CHANGE node_modules/types-registry
33 verbose cwd C:\Users\richard.goltara\AppData\Local\Microsoft\TypeScript\5.8
34 verbose os Windows_NT 10.0.19045
35 verbose node v20.19.0
36 verbose npm  v11.2.0
37 notice
37 notice New minor version of npm available! 11.2.0 -> 11.4.2
37 notice Changelog: https://github.com/npm/cli/releases/tag/v11.4.2
37 notice To update run: npm install -g npm@11.4.2
37 notice  { force: true, [Symbol(proc-log.meta)]: true }
38 verbose exit 0
39 info ok
