0 verbose cli C:\Program Files\Nodejs\node.exe C:\Users\richard.goltara\AppData\Roaming\npm\node_modules\npm\bin\npm-cli.js
1 info using npm@11.2.0
2 info using node@v20.19.0
3 silly config load:file:C:\Users\richard.goltara\AppData\Roaming\npm\node_modules\npm\npmrc
4 silly config load:file:C:\Users\richard.goltara\AppData\Local\Microsoft\TypeScript\5.8\.npmrc
5 silly config load:file:C:\Users\richard.goltara\.npmrc
6 silly config load:file:C:\Users\richard.goltara\AppData\Roaming\npm\etc\npmrc
7 verbose title npm install @types/crypto-js@ts5.8 @types/jsonwebtoken@ts5.8 @types/prop-types@ts5.8 @types/react@ts5.8 @types/react-dom@ts5.8
8 verbose argv "install" "--ignore-scripts" "@types/crypto-js@ts5.8" "@types/jsonwebtoken@ts5.8" "@types/prop-types@ts5.8" "@types/react@ts5.8" "@types/react-dom@ts5.8" "--save-dev" "--user-agent" "typesInstaller/5.8.2"
9 verbose logfile logs-max:10 dir:C:\Users\richard.goltara\testeyau\radioman-1\.npm-cache\_logs\2025-03-31T09_50_00_042Z-
10 verbose logfile C:\Users\richard.goltara\testeyau\radioman-1\.npm-cache\_logs\2025-03-31T09_50_00_042Z-debug-0.log
11 silly logfile start cleaning logs, removing 1 files
12 silly packumentCache heap:2197815296 maxSize:549453824 maxEntrySize:274726912
13 silly logfile done cleaning log files
14 silly packumentCache corgi:https://registry.npmjs.org/@types%2fcrypto-js cache-miss
15 silly packumentCache corgi:https://registry.npmjs.org/@types%2fjsonwebtoken cache-miss
16 silly packumentCache corgi:https://registry.npmjs.org/@types%2fprop-types cache-miss
17 silly packumentCache corgi:https://registry.npmjs.org/@types%2freact cache-miss
18 silly packumentCache corgi:https://registry.npmjs.org/@types%2freact-dom cache-miss
19 http fetch GET 200 https://registry.npmjs.org/@types%2fprop-types 176ms (cache miss)
20 silly packumentCache corgi:https://registry.npmjs.org/@types%2fprop-types set size:undefined disposed:false
21 http fetch GET 200 https://registry.npmjs.org/@types%2fjsonwebtoken 181ms (cache miss)
22 silly packumentCache corgi:https://registry.npmjs.org/@types%2fjsonwebtoken set size:undefined disposed:false
23 http fetch GET 200 https://registry.npmjs.org/@types%2fcrypto-js 184ms (cache miss)
24 silly packumentCache corgi:https://registry.npmjs.org/@types%2fcrypto-js set size:undefined disposed:false
25 http fetch GET 200 https://registry.npmjs.org/@types%2freact-dom 226ms (cache miss)
26 silly packumentCache corgi:https://registry.npmjs.org/@types%2freact-dom set size:undefined disposed:false
27 http fetch GET 200 https://registry.npmjs.org/@types%2freact 237ms (cache miss)
28 silly packumentCache corgi:https://registry.npmjs.org/@types%2freact set size:undefined disposed:false
29 silly idealTree buildDeps
30 silly fetch manifest @types/crypto-js@4.2.2
31 silly packumentCache full:https://registry.npmjs.org/@types%2fcrypto-js cache-miss
32 http fetch GET 200 https://registry.npmjs.org/@types%2fcrypto-js 43ms (cache miss)
33 silly packumentCache full:https://registry.npmjs.org/@types%2fcrypto-js set size:undefined disposed:false
34 silly fetch manifest @types/jsonwebtoken@9.0.9
35 silly packumentCache full:https://registry.npmjs.org/@types%2fjsonwebtoken cache-miss
36 http fetch GET 200 https://registry.npmjs.org/@types%2fjsonwebtoken 60ms (cache miss)
37 silly packumentCache full:https://registry.npmjs.org/@types%2fjsonwebtoken set size:undefined disposed:false
38 silly fetch manifest @types/prop-types@15.7.14
39 silly packumentCache full:https://registry.npmjs.org/@types%2fprop-types cache-miss
40 http fetch GET 200 https://registry.npmjs.org/@types%2fprop-types 93ms (cache miss)
41 silly packumentCache full:https://registry.npmjs.org/@types%2fprop-types set size:undefined disposed:false
42 silly fetch manifest @types/react@19.0.12
43 silly packumentCache full:https://registry.npmjs.org/@types%2freact cache-miss
44 http cache https://registry.npmjs.org/@types%2freact 18ms (cache hit)
45 silly packumentCache full:https://registry.npmjs.org/@types%2freact set size:2333217 disposed:false
46 silly fetch manifest @types/react-dom@19.0.4
47 silly packumentCache full:https://registry.npmjs.org/@types%2freact-dom cache-miss
48 http fetch GET 200 https://registry.npmjs.org/@types%2freact-dom 64ms (cache miss)
49 silly packumentCache full:https://registry.npmjs.org/@types%2freact-dom set size:undefined disposed:false
50 silly placeDep ROOT @types/crypto-js@4.2.2 REPLACE for:  want: 4.2.2
51 silly placeDep ROOT @types/jsonwebtoken@9.0.9 REPLACE for:  want: 9.0.9
52 silly placeDep ROOT @types/prop-types@15.7.14 REPLACE for:  want: 15.7.14
53 silly placeDep ROOT @types/react@19.0.12 REPLACE for:  want: 19.0.12
54 silly placeDep ROOT @types/react-dom@19.0.4 REPLACE for:  want: 19.0.4
55 silly reify moves {}
56 silly audit bulk request {
56 silly audit   '@types/brace-expansion': [ '1.1.2' ],
56 silly audit   '@types/debug': [ '4.1.12' ],
56 silly audit   '@types/estree': [ '1.0.7' ],
56 silly audit   '@types/ms': [ '2.1.0' ],
56 silly audit   '@types/node': [ '22.13.13' ],
56 silly audit   '@types/object-assign': [ '4.0.33' ],
56 silly audit   '@types/object.entries': [ '1.1.1' ],
56 silly audit   '@types/object.fromentries': [ '2.0.4' ],
56 silly audit   '@types/page': [ '1.11.9' ],
56 silly audit   '@types/react-is': [ '19.0.0' ],
56 silly audit   csstype: [ '3.1.3' ],
56 silly audit   'types-registry': [ '0.1.714' ],
56 silly audit   'undici-types': [ '6.20.0' ],
56 silly audit   '@types/crypto-js': [ '4.2.2' ],
56 silly audit   '@types/jsonwebtoken': [ '9.0.9' ],
56 silly audit   '@types/prop-types': [ '15.7.14' ],
56 silly audit   '@types/react': [ '19.0.12' ],
56 silly audit   '@types/react-dom': [ '19.0.4' ]
56 silly audit }
57 http fetch POST 200 https://registry.npmjs.org/-/npm/v1/security/advisories/bulk 235ms
58 silly audit report {}
59 verbose cwd C:\Users\richard.goltara\AppData\Local\Microsoft\TypeScript\5.8
60 verbose os Windows_NT 10.0.19045
61 verbose node v20.19.0
62 verbose npm  v11.2.0
63 verbose exit 0
64 info ok
