0 verbose cli C:\Program Files\nodejs\node.exe C:\Users\richard.goltara\AppData\Roaming\npm\node_modules\npm\bin\npm-cli.js
1 info using npm@11.2.0
2 info using node@v22.14.0
3 silly config load:file:C:\Users\richard.goltara\AppData\Roaming\npm\node_modules\npm\npmrc
4 silly config load:file:C:\Users\richard.goltara\testeyau\radioman-1\.npmrc
5 silly config load:file:C:\Users\richard.goltara\.npmrc
6 silly config load:file:C:\Users\richard.goltara\AppData\Roaming\npm\etc\npmrc
7 verbose title npm install eslint-plugin
8 verbose argv "install" "eslint-plugin"
9 verbose logfile logs-max:10 dir:C:\Users\richard.goltara\testeyau\radioman-1\.npm-cache\_logs\2025-03-28T10_17_10_853Z-
10 verbose logfile C:\Users\richard.goltara\testeyau\radioman-1\.npm-cache\_logs\2025-03-28T10_17_10_853Z-debug-0.log
11 silly logfile start cleaning logs, removing 1 files
12 silly packumentCache heap:2197815296 maxSize:549453824 maxEntrySize:274726912
13 silly logfile done cleaning log files
14 silly idealTree buildDeps
15 silly fetch manifest eslint-plugin@*
16 silly packumentCache full:https://registry.npmjs.org/eslint-plugin cache-miss
17 http fetch GET 200 https://registry.npmjs.org/eslint-plugin 271ms (cache miss)
18 silly packumentCache full:https://registry.npmjs.org/eslint-plugin set size:undefined disposed:false
19 silly placeDep ROOT eslint-plugin@1.0.1 OK for: papyo2@0.1.0 want: *
20 silly fetch manifest requireindex@~1.1.0
21 silly packumentCache full:https://registry.npmjs.org/requireindex cache-miss
22 http fetch GET 200 https://registry.npmjs.org/requireindex 68ms (cache miss)
23 silly packumentCache full:https://registry.npmjs.org/requireindex set size:undefined disposed:false
24 silly placeDep ROOT requireindex@1.1.0 OK for: eslint-plugin@1.0.1 want: ~1.1.0
25 silly reify moves {}
26 silly audit bulk request {
26 silly audit   '@alloc/quick-lru': [ '5.2.0' ],
26 silly audit   '@clerk/backend': [ '1.25.8' ],
26 silly audit   '@clerk/clerk-react': [ '5.25.5' ],
26 silly audit   '@clerk/nextjs': [ '6.12.12' ],
26 silly audit   '@clerk/shared': [ '3.2.3' ],
26 silly audit   '@clerk/types': [ '4.50.1' ],
26 silly audit   '@emnapi/core': [ '1.3.1' ],
26 silly audit   '@emnapi/runtime': [ '1.3.1' ],
26 silly audit   '@emnapi/wasi-threads': [ '1.0.1' ],
26 silly audit   '@eslint-community/eslint-utils': [ '4.5.1' ],
26 silly audit   'eslint-visitor-keys': [ '3.4.3', '4.2.0' ],
26 silly audit   '@eslint-community/regexpp': [ '4.12.1' ],
26 silly audit   '@eslint/config-array': [ '0.19.2' ],
26 silly audit   '@eslint/config-helpers': [ '0.2.0' ],
26 silly audit   '@eslint/core': [ '0.12.0' ],
26 silly audit   '@eslint/eslintrc': [ '3.3.1' ],
26 silly audit   '@eslint/js': [ '9.23.0' ],
26 silly audit   '@eslint/object-schema': [ '2.1.6' ],
26 silly audit   '@eslint/plugin-kit': [ '0.2.7' ],
26 silly audit   '@heroicons/react': [ '2.2.0' ],
26 silly audit   '@humanfs/core': [ '0.19.1' ],
26 silly audit   '@humanfs/node': [ '0.16.6' ],
26 silly audit   '@humanwhocodes/retry': [ '0.3.1', '0.4.2' ],
26 silly audit   '@humanwhocodes/module-importer': [ '1.0.1' ],
26 silly audit   '@img/sharp-darwin-arm64': [ '0.33.5' ],
26 silly audit   '@img/sharp-darwin-x64': [ '0.33.5' ],
26 silly audit   '@img/sharp-libvips-darwin-arm64': [ '1.0.4' ],
26 silly audit   '@img/sharp-libvips-darwin-x64': [ '1.0.4' ],
26 silly audit   '@img/sharp-libvips-linux-arm': [ '1.0.5' ],
26 silly audit   '@img/sharp-libvips-linux-arm64': [ '1.0.4' ],
26 silly audit   '@img/sharp-libvips-linux-s390x': [ '1.0.4' ],
26 silly audit   '@img/sharp-libvips-linux-x64': [ '1.0.4' ],
26 silly audit   '@img/sharp-libvips-linuxmusl-arm64': [ '1.0.4' ],
26 silly audit   '@img/sharp-libvips-linuxmusl-x64': [ '1.0.4' ],
26 silly audit   '@img/sharp-linux-arm': [ '0.33.5' ],
26 silly audit   '@img/sharp-linux-arm64': [ '0.33.5' ],
26 silly audit   '@img/sharp-linux-s390x': [ '0.33.5' ],
26 silly audit   '@img/sharp-linux-x64': [ '0.33.5' ],
26 silly audit   '@img/sharp-linuxmusl-arm64': [ '0.33.5' ],
26 silly audit   '@img/sharp-linuxmusl-x64': [ '0.33.5' ],
26 silly audit   '@img/sharp-wasm32': [ '0.33.5' ],
26 silly audit   '@img/sharp-win32-ia32': [ '0.33.5' ],
26 silly audit   '@img/sharp-win32-x64': [ '0.33.5' ],
26 silly audit   '@isaacs/cliui': [ '8.0.2' ],
26 silly audit   '@jridgewell/gen-mapping': [ '0.3.8' ],
26 silly audit   '@jridgewell/resolve-uri': [ '3.1.2' ],
26 silly audit   '@jridgewell/set-array': [ '1.2.1' ],
26 silly audit   '@jridgewell/source-map': [ '0.3.6' ],
26 silly audit   '@jridgewell/sourcemap-codec': [ '1.5.0' ],
26 silly audit   '@jridgewell/trace-mapping': [ '0.3.25' ],
26 silly audit   '@napi-rs/wasm-runtime': [ '0.2.7' ],
26 silly audit   '@next/env': [ '15.2.4' ],
26 silly audit   '@next/eslint-plugin-next': [ '15.1.7' ],
26 silly audit   '@next/swc-darwin-arm64': [ '15.2.4' ],
26 silly audit   '@next/swc-darwin-x64': [ '15.2.4' ],
26 silly audit   '@next/swc-linux-arm64-gnu': [ '15.2.4' ],
26 silly audit   '@next/swc-linux-arm64-musl': [ '15.2.4' ],
26 silly audit   '@next/swc-linux-x64-gnu': [ '15.2.4' ],
26 silly audit   '@next/swc-linux-x64-musl': [ '15.2.4' ],
26 silly audit   '@next/swc-win32-arm64-msvc': [ '15.2.4' ],
26 silly audit   '@next/swc-win32-x64-msvc': [ '15.2.4' ],
26 silly audit   '@nodelib/fs.scandir': [ '2.1.5' ],
26 silly audit   '@nodelib/fs.stat': [ '2.0.5' ],
26 silly audit   '@nodelib/fs.walk': [ '1.2.8' ],
26 silly audit   '@nolyfill/is-core-module': [ '1.0.39' ],
26 silly audit   '@pkgjs/parseargs': [ '0.11.0' ],
26 silly audit   '@rtsao/scc': [ '1.1.0' ],
26 silly audit   '@rushstack/eslint-patch': [ '1.11.0' ],
26 silly audit   '@swc/counter': [ '0.1.3' ],
26 silly audit   '@swc/helpers': [ '0.5.15' ],
26 silly audit   '@tybys/wasm-util': [ '0.9.0' ],
26 silly audit   '@types/cookie': [ '0.6.0' ],
26 silly audit   '@types/eslint': [ '9.6.1' ],
26 silly audit   '@types/eslint-scope': [ '3.7.7' ],
26 silly audit   '@types/estree': [ '1.0.7' ],
26 silly audit   '@types/json-schema': [ '7.0.15' ],
26 silly audit   '@types/json5': [ '0.0.29' ],
26 silly audit   '@types/node': [ '22.13.14' ],
26 silly audit   '@typescript-eslint/eslint-plugin': [ '8.28.0' ],
26 silly audit   '@typescript-eslint/parser': [ '8.28.0' ],
26 silly audit   '@typescript-eslint/scope-manager': [ '8.28.0' ],
26 silly audit   '@typescript-eslint/type-utils': [ '8.28.0' ],
26 silly audit   '@typescript-eslint/types': [ '8.28.0' ],
26 silly audit   '@typescript-eslint/typescript-estree': [ '8.28.0' ],
26 silly audit   'brace-expansion': [ '2.0.1', '1.1.11' ],
26 silly audit   'fast-glob': [ '3.3.3', '3.3.1' ],
26 silly audit   'glob-parent': [ '5.1.2', '6.0.2' ],
26 silly audit   minimatch: [ '9.0.5', '3.1.2' ],
26 silly audit   '@typescript-eslint/utils': [ '8.28.0' ],
26 silly audit   '@typescript-eslint/visitor-keys': [ '8.28.0' ],
26 silly audit   '@unrs/resolver-binding-darwin-arm64': [ '1.3.2' ],
26 silly audit   '@unrs/resolver-binding-darwin-x64': [ '1.3.2' ],
26 silly audit   '@unrs/resolver-binding-freebsd-x64': [ '1.3.2' ],
26 silly audit   '@unrs/resolver-binding-linux-arm-gnueabihf': [ '1.3.2' ],
26 silly audit   '@unrs/resolver-binding-linux-arm-musleabihf': [ '1.3.2' ],
26 silly audit   '@unrs/resolver-binding-linux-arm64-gnu': [ '1.3.2' ],
26 silly audit   '@unrs/resolver-binding-linux-arm64-musl': [ '1.3.2' ],
26 silly audit   '@unrs/resolver-binding-linux-ppc64-gnu': [ '1.3.2' ],
26 silly audit   '@unrs/resolver-binding-linux-s390x-gnu': [ '1.3.2' ],
26 silly audit   '@unrs/resolver-binding-linux-x64-gnu': [ '1.3.2' ],
26 silly audit   '@unrs/resolver-binding-linux-x64-musl': [ '1.3.2' ],
26 silly audit   '@unrs/resolver-binding-wasm32-wasi': [ '1.3.2' ],
26 silly audit   '@unrs/resolver-binding-win32-arm64-msvc': [ '1.3.2' ],
26 silly audit   '@unrs/resolver-binding-win32-ia32-msvc': [ '1.3.2' ],
26 silly audit   '@unrs/resolver-binding-win32-x64-msvc': [ '1.3.2' ],
26 silly audit   '@webassemblyjs/ast': [ '1.14.1' ],
26 silly audit   '@webassemblyjs/floating-point-hex-parser': [ '1.13.2' ],
26 silly audit   '@webassemblyjs/helper-api-error': [ '1.13.2' ],
26 silly audit   '@webassemblyjs/helper-buffer': [ '1.14.1' ],
26 silly audit   '@webassemblyjs/helper-numbers': [ '1.13.2' ],
26 silly audit   '@webassemblyjs/helper-wasm-bytecode': [ '1.13.2' ],
26 silly audit   '@webassemblyjs/helper-wasm-section': [ '1.14.1' ],
26 silly audit   '@webassemblyjs/ieee754': [ '1.13.2' ],
26 silly audit   '@webassemblyjs/leb128': [ '1.13.2' ],
26 silly audit   '@webassemblyjs/utf8': [ '1.13.2' ],
26 silly audit   '@webassemblyjs/wasm-edit': [ '1.14.1' ],
26 silly audit   '@webassemblyjs/wasm-gen': [ '1.14.1' ],
26 silly audit   '@webassemblyjs/wasm-opt': [ '1.14.1' ],
26 silly audit   '@webassemblyjs/wasm-parser': [ '1.14.1' ],
26 silly audit   '@webassemblyjs/wast-printer': [ '1.14.1' ],
26 silly audit   '@xtuc/ieee754': [ '1.2.0' ],
26 silly audit   '@xtuc/long': [ '4.2.2' ],
26 silly audit   acorn: [ '8.14.1' ],
26 silly audit   'acorn-jsx': [ '5.3.2' ],
26 silly audit   ajv: [ '6.12.6', '8.17.1' ],
26 silly audit   'ajv-formats': [ '2.1.1' ],
26 silly audit   'json-schema-traverse': [ '1.0.0', '0.4.1' ],
26 silly audit   'ansi-regex': [ '6.1.0', '5.0.1' ],
26 silly audit   'ansi-styles': [ '4.3.0', '6.2.1' ],
26 silly audit   'any-promise': [ '1.3.0' ],
26 silly audit   anymatch: [ '3.1.3' ],
26 silly audit   arg: [ '5.0.2' ],
26 silly audit   argparse: [ '2.0.1' ],
26 silly audit   'aria-query': [ '5.3.2' ],
26 silly audit   'array-buffer-byte-length': [ '1.0.2' ],
26 silly audit   'array-includes': [ '3.1.8' ],
26 silly audit   'array.prototype.findlast': [ '1.2.5' ],
26 silly audit   'array.prototype.findlastindex': [ '1.2.6' ],
26 silly audit   'array.prototype.flat': [ '1.3.3' ],
26 silly audit   'array.prototype.flatmap': [ '1.3.3' ],
26 silly audit   'array.prototype.tosorted': [ '1.1.4' ],
26 silly audit   'arraybuffer.prototype.slice': [ '1.0.4' ],
26 silly audit   'ast-types-flow': [ '0.0.8' ],
26 silly audit   'async-function': [ '1.0.0' ],
26 silly audit   'available-typed-arrays': [ '1.0.7' ],
26 silly audit   'axe-core': [ '4.10.3' ],
26 silly audit   'axobject-query': [ '4.1.0' ],
26 silly audit   'balanced-match': [ '1.0.2' ],
26 silly audit   'binary-extensions': [ '2.3.0' ],
26 silly audit   braces: [ '3.0.3' ],
26 silly audit   browserslist: [ '4.24.4' ],
26 silly audit   'buffer-from': [ '1.1.2' ],
26 silly audit   busboy: [ '1.6.0' ],
26 silly audit   'call-bind': [ '1.0.8' ],
26 silly audit   'call-bind-apply-helpers': [ '1.0.2' ],
26 silly audit   'call-bound': [ '1.0.4' ],
26 silly audit   callsites: [ '3.1.0' ],
26 silly audit   'camelcase-css': [ '2.0.1' ],
26 silly audit   'caniuse-lite': [ '1.0.30001707' ],
26 silly audit   chalk: [ '4.1.2' ],
26 silly audit   chokidar: [ '3.6.0' ],
26 silly audit   'chrome-trace-event': [ '1.0.4' ],
26 silly audit   'client-only': [ '0.0.1' ],
26 silly audit   color: [ '4.2.3' ],
26 silly audit   'color-convert': [ '2.0.1' ],
26 silly audit   'color-name': [ '1.1.4' ],
26 silly audit   'color-string': [ '1.9.1' ],
26 silly audit   commander: [ '4.1.1', '2.20.3' ],
26 silly audit   'concat-map': [ '0.0.1' ],
26 silly audit   cookie: [ '1.0.2' ],
26 silly audit   'cross-spawn': [ '7.0.6' ],
26 silly audit   cssesc: [ '3.0.0' ],
26 silly audit   csstype: [ '3.1.3' ],
26 silly audit   'damerau-levenshtein': [ '1.0.8' ],
26 silly audit   'data-view-buffer': [ '1.0.2' ],
26 silly audit   'data-view-byte-length': [ '1.0.2' ],
26 silly audit   'data-view-byte-offset': [ '1.0.1' ],
26 silly audit   debug: [ '4.4.0', '3.2.7' ],
26 silly audit   'deep-is': [ '0.1.4' ],
26 silly audit   'define-data-property': [ '1.1.4' ],
26 silly audit   'define-properties': [ '1.2.1' ],
26 silly audit   dequal: [ '2.0.3' ],
26 silly audit   'detect-libc': [ '2.0.3' ],
26 silly audit   didyoumean: [ '1.2.2' ],
26 silly audit   dlv: [ '1.1.3' ],
26 silly audit   doctrine: [ '2.1.0' ],
26 silly audit   'dot-case': [ '3.0.4' ],
26 silly audit   'dunder-proto': [ '1.0.1' ],
26 silly audit   eastasianwidth: [ '0.2.0' ],
26 silly audit   'electron-to-chromium': [ '1.5.128' ],
26 silly audit   'emoji-regex': [ '9.2.2', '8.0.0' ],
26 silly audit   'enhanced-resolve': [ '5.18.1' ],
26 silly audit   'es-abstract': [ '1.23.9' ],
26 silly audit   'es-define-property': [ '1.0.1' ],
26 silly audit   'es-errors': [ '1.3.0' ],
26 silly audit   'es-iterator-helpers': [ '1.2.1' ],
26 silly audit   'es-module-lexer': [ '1.6.0' ],
26 silly audit   'es-object-atoms': [ '1.1.1' ],
26 silly audit   'es-set-tostringtag': [ '2.1.0' ],
26 silly audit   'es-shim-unscopables': [ '1.1.0' ],
26 silly audit   'es-to-primitive': [ '1.3.0' ],
26 silly audit   escalade: [ '3.2.0' ],
26 silly audit   'escape-string-regexp': [ '4.0.0' ],
26 silly audit   eslint: [ '9.23.0' ],
26 silly audit   'eslint-config-next': [ '15.1.7' ],
26 silly audit   'eslint-import-resolver-node': [ '0.3.9' ],
26 silly audit   'eslint-import-resolver-typescript': [ '3.10.0' ],
26 silly audit   'eslint-module-utils': [ '2.12.0' ],
26 silly audit   'eslint-plugin-import': [ '2.31.0' ],
26 silly audit   semver: [ '6.3.1', '7.7.1' ],
26 silly audit   'eslint-plugin-jsx-a11y': [ '6.10.2' ],
26 silly audit   'eslint-plugin-react': [ '7.37.4' ],
26 silly audit   'eslint-plugin-react-hooks': [ '5.2.0' ],
26 silly audit   resolve: [ '2.0.0-next.5', '1.22.10' ],
26 silly audit   'eslint-scope': [ '8.3.0', '5.1.1' ],
26 silly audit   espree: [ '10.3.0' ],
26 silly audit   esquery: [ '1.6.0' ],
26 silly audit   esrecurse: [ '4.3.0' ],
26 silly audit   estraverse: [ '5.3.0', '4.3.0' ],
26 silly audit   esutils: [ '2.0.3' ],
26 silly audit   events: [ '3.3.0' ],
26 silly audit   'fast-deep-equal': [ '3.1.3' ],
26 silly audit   'fast-json-stable-stringify': [ '2.1.0' ],
26 silly audit   'fast-levenshtein': [ '2.0.6' ],
26 silly audit   'fast-uri': [ '3.0.6' ],
26 silly audit   fastq: [ '1.19.1' ],
26 silly audit   'file-entry-cache': [ '8.0.0' ],
26 silly audit   'fill-range': [ '7.1.1' ],
26 silly audit   'find-up': [ '5.0.0' ],
26 silly audit   'flat-cache': [ '4.0.1' ],
26 silly audit   flatted: [ '3.3.3' ],
26 silly audit   'for-each': [ '0.3.5' ],
26 silly audit   'foreground-child': [ '3.3.1' ],
26 silly audit   fsevents: [ '2.3.3' ],
26 silly audit   'function-bind': [ '1.1.2' ],
26 silly audit   'function.prototype.name': [ '1.1.8' ],
26 silly audit   'functions-have-names': [ '1.2.3' ],
26 silly audit   'get-intrinsic': [ '1.3.0' ],
26 silly audit   'get-proto': [ '1.0.1' ],
26 silly audit   'get-symbol-description': [ '1.1.0' ],
26 silly audit   'get-tsconfig': [ '4.10.0' ],
26 silly audit   glob: [ '10.4.5' ],
26 silly audit   'glob-to-regexp': [ '0.4.1' ],
26 silly audit   globals: [ '14.0.0' ],
26 silly audit   globalthis: [ '1.0.4' ],
26 silly audit   gopd: [ '1.2.0' ],
26 silly audit   'graceful-fs': [ '4.2.11' ],
26 silly audit   graphemer: [ '1.4.0' ],
26 silly audit   'has-bigints': [ '1.1.0' ],
26 silly audit   'has-flag': [ '4.0.0' ],
26 silly audit   'has-property-descriptors': [ '1.0.2' ],
26 silly audit   'has-proto': [ '1.2.0' ],
26 silly audit   'has-symbols': [ '1.1.0' ],
26 silly audit   'has-tostringtag': [ '1.0.2' ],
26 silly audit   hasown: [ '2.0.2' ],
26 silly audit   ignore: [ '5.3.2' ],
26 silly audit   'import-fresh': [ '3.3.1' ],
26 silly audit   imurmurhash: [ '0.1.4' ],
26 silly audit   'internal-slot': [ '1.1.0' ],
26 silly audit   'is-array-buffer': [ '3.0.5' ],
26 silly audit   'is-arrayish': [ '0.3.2' ],
26 silly audit   'is-async-function': [ '2.1.1' ],
26 silly audit   'is-bigint': [ '1.1.0' ],
26 silly audit   'is-binary-path': [ '2.1.0' ],
26 silly audit   'is-boolean-object': [ '1.2.2' ],
26 silly audit   'is-bun-module': [ '2.0.0' ],
26 silly audit   'is-callable': [ '1.2.7' ],
26 silly audit   'is-core-module': [ '2.16.1' ],
26 silly audit   'is-data-view': [ '1.0.2' ],
26 silly audit   'is-date-object': [ '1.1.0' ],
26 silly audit   'is-extglob': [ '2.1.1' ],
26 silly audit   'is-finalizationregistry': [ '1.1.1' ],
26 silly audit   'is-fullwidth-code-point': [ '3.0.0' ],
26 silly audit   'is-generator-function': [ '1.1.0' ],
26 silly audit   'is-glob': [ '4.0.3' ],
26 silly audit   'is-map': [ '2.0.3' ],
26 silly audit   'is-number': [ '7.0.0' ],
26 silly audit   'is-number-object': [ '1.1.1' ],
26 silly audit   'is-regex': [ '1.2.1' ],
26 silly audit   'is-set': [ '2.0.3' ],
26 silly audit   'is-shared-array-buffer': [ '1.0.4' ],
26 silly audit   'is-string': [ '1.1.1' ],
26 silly audit   'is-symbol': [ '1.1.1' ],
26 silly audit   'is-typed-array': [ '1.1.15' ],
26 silly audit   'is-weakmap': [ '2.0.2' ],
26 silly audit   'is-weakref': [ '1.1.1' ],
26 silly audit   'is-weakset': [ '2.0.4' ],
26 silly audit   isarray: [ '2.0.5' ],
26 silly audit   isexe: [ '2.0.0' ],
26 silly audit   'iterator.prototype': [ '1.1.5' ],
26 silly audit   jackspeak: [ '3.4.3' ],
26 silly audit   'jest-worker': [ '27.5.1' ],
26 silly audit   'supports-color': [ '8.1.1', '7.2.0' ],
26 silly audit   jiti: [ '1.21.7' ],
26 silly audit   'js-cookie': [ '3.0.5' ],
26 silly audit   'js-tokens': [ '4.0.0' ],
26 silly audit   'js-yaml': [ '4.1.0' ],
26 silly audit   'json-buffer': [ '3.0.1' ],
26 silly audit   'json-parse-even-better-errors': [ '2.3.1' ],
26 silly audit   'json-stable-stringify-without-jsonify': [ '1.0.1' ],
26 silly audit   json5: [ '1.0.2' ],
26 silly audit   'jsx-ast-utils': [ '3.3.5' ],
26 silly audit   keyv: [ '4.5.4' ],
26 silly audit   'language-subtag-registry': [ '0.3.23' ],
26 silly audit   'language-tags': [ '1.0.9' ],
26 silly audit   levn: [ '0.4.1' ],
26 silly audit   lilconfig: [ '3.1.3' ],
26 silly audit   'lines-and-columns': [ '1.2.4' ],
26 silly audit   'loader-runner': [ '4.3.0' ],
26 silly audit   'locate-path': [ '6.0.0' ],
26 silly audit   'lodash.merge': [ '4.6.2' ],
26 silly audit   'loose-envify': [ '1.4.0' ],
26 silly audit   'lower-case': [ '2.0.2' ],
26 silly audit   'lru-cache': [ '10.4.3' ],
26 silly audit   'map-obj': [ '4.3.0' ],
26 silly audit   'math-intrinsics': [ '1.1.0' ],
26 silly audit   'merge-stream': [ '2.0.0' ],
26 silly audit   merge2: [ '1.4.1' ],
26 silly audit   micromatch: [ '4.0.8' ],
26 silly audit   'mime-db': [ '1.52.0' ],
26 silly audit   'mime-types': [ '2.1.35' ],
26 silly audit   minimist: [ '1.2.8' ],
26 silly audit   minipass: [ '7.1.2' ],
26 silly audit   ms: [ '2.1.3' ],
26 silly audit   mz: [ '2.7.0' ],
26 silly audit   nanoid: [ '3.3.11' ],
26 silly audit   'natural-compare': [ '1.4.0' ],
26 silly audit   'neo-async': [ '2.6.2' ],
26 silly audit   next: [ '15.2.4' ],
26 silly audit   postcss: [ '8.4.31', '8.5.3' ],
26 silly audit   'no-case': [ '3.0.4' ],
26 silly audit   'node-releases': [ '2.0.19' ],
26 silly audit   'normalize-path': [ '3.0.0' ],
26 silly audit   'object-assign': [ '4.1.1' ],
26 silly audit   'object-hash': [ '3.0.0' ],
26 silly audit   'object-inspect': [ '1.13.4' ],
26 silly audit   'object-keys': [ '1.1.1' ],
26 silly audit   'object.assign': [ '4.1.7' ],
26 silly audit   'object.entries': [ '1.1.9' ],
26 silly audit   'object.fromentries': [ '2.0.8' ],
26 silly audit   'object.groupby': [ '1.0.3' ],
26 silly audit   'object.values': [ '1.2.1' ],
26 silly audit   optionator: [ '0.9.4' ],
26 silly audit   'own-keys': [ '1.0.1' ],
26 silly audit   'p-limit': [ '3.1.0' ],
26 silly audit   'p-locate': [ '5.0.0' ],
26 silly audit   'package-json-from-dist': [ '1.0.1' ],
26 silly audit   'parent-module': [ '1.0.1' ],
26 silly audit   'path-exists': [ '4.0.0' ],
26 silly audit   'path-key': [ '3.1.1' ],
26 silly audit   'path-parse': [ '1.0.7' ],
26 silly audit   'path-scurry': [ '1.11.1' ],
26 silly audit   picocolors: [ '1.1.1' ],
26 silly audit   picomatch: [ '2.3.1', '4.0.2' ],
26 silly audit   pify: [ '2.3.0' ],
26 silly audit   pirates: [ '4.0.7' ],
26 silly audit   'possible-typed-array-names': [ '1.1.0' ],
26 silly audit   'postcss-import': [ '15.1.0' ],
26 silly audit   'postcss-js': [ '4.0.1' ],
26 silly audit   'postcss-load-config': [ '4.0.2' ],
26 silly audit   'postcss-nested': [ '6.2.0' ],
26 silly audit   'postcss-selector-parser': [ '6.1.2' ],
26 silly audit   'postcss-value-parser': [ '4.2.0' ],
26 silly audit   'prelude-ls': [ '1.2.1' ],
26 silly audit   'prop-types': [ '15.8.1' ],
26 silly audit   punycode: [ '2.3.1' ],
26 silly audit   'queue-microtask': [ '1.2.3' ],
26 silly audit   randombytes: [ '2.1.0' ],
26 silly audit   react: [ '19.0.0' ],
26 silly audit   'react-dom': [ '19.0.0' ],
26 silly audit   'react-is': [ '16.13.1' ],
26 silly audit   'react-router': [ '7.4.0' ],
26 silly audit   'react-router-dom': [ '7.4.0' ],
26 silly audit   'read-cache': [ '1.0.0' ],
26 silly audit   readdirp: [ '3.6.0' ],
26 silly audit   'reflect.getprototypeof': [ '1.0.10' ],
26 silly audit   'regexp.prototype.flags': [ '1.5.4' ],
26 silly audit   'require-from-string': [ '2.0.2' ],
26 silly audit   'resolve-from': [ '4.0.0' ],
26 silly audit   'resolve-pkg-maps': [ '1.0.0' ],
26 silly audit   reusify: [ '1.1.0' ],
26 silly audit   'run-parallel': [ '1.2.0' ],
26 silly audit   'safe-array-concat': [ '1.1.3' ],
26 silly audit   'safe-buffer': [ '5.2.1' ],
26 silly audit   'safe-push-apply': [ '1.0.0' ],
26 silly audit   'safe-regex-test': [ '1.1.0' ],
26 silly audit   scheduler: [ '0.25.0' ],
26 silly audit   'schema-utils': [ '4.3.0' ],
26 silly audit   'ajv-keywords': [ '5.1.0' ],
26 silly audit   'serialize-javascript': [ '6.0.2' ],
26 silly audit   'server-only': [ '0.0.1' ],
26 silly audit   'set-cookie-parser': [ '2.7.1' ],
26 silly audit   'set-function-length': [ '1.2.2' ],
26 silly audit   'set-function-name': [ '2.0.2' ],
26 silly audit   'set-proto': [ '1.0.0' ],
26 silly audit   sharp: [ '0.33.5' ],
26 silly audit   'shebang-command': [ '2.0.0' ],
26 silly audit   'shebang-regex': [ '3.0.0' ],
26 silly audit   'side-channel': [ '1.1.0' ],
26 silly audit   'side-channel-list': [ '1.0.0' ],
26 silly audit   'side-channel-map': [ '1.0.1' ],
26 silly audit   'side-channel-weakmap': [ '1.0.2' ],
26 silly audit   'signal-exit': [ '4.1.0' ],
26 silly audit   'simple-swizzle': [ '0.2.2' ],
26 silly audit   'snake-case': [ '3.0.4' ],
26 silly audit   'snakecase-keys': [ '8.0.1' ],
26 silly audit   'source-map': [ '0.6.1' ],
26 silly audit   'source-map-js': [ '1.2.1' ],
26 silly audit   'source-map-support': [ '0.5.21' ],
26 silly audit   'stable-hash': [ '0.0.5' ],
26 silly audit   'std-env': [ '3.8.1' ],
26 silly audit   streamsearch: [ '1.1.0' ],
26 silly audit   'string-width': [ '5.1.2', '4.2.3' ],
26 silly audit   'strip-ansi': [ '6.0.1', '7.1.0' ],
26 silly audit   'string.prototype.includes': [ '2.0.1' ],
26 silly audit   'string.prototype.matchall': [ '4.0.12' ],
26 silly audit   'string.prototype.repeat': [ '1.0.0' ],
26 silly audit   'string.prototype.trim': [ '1.2.10' ],
26 silly audit   'string.prototype.trimend': [ '1.0.9' ],
26 silly audit   'string.prototype.trimstart': [ '1.0.8' ],
26 silly audit   'strip-bom': [ '3.0.0' ],
26 silly audit   'strip-json-comments': [ '3.1.1' ],
26 silly audit   'styled-jsx': [ '5.1.6' ],
26 silly audit   sucrase: [ '3.35.0' ],
26 silly audit   'supports-preserve-symlinks-flag': [ '1.0.0' ],
26 silly audit   swr: [ '2.3.3' ],
26 silly audit   tailwindcss: [ '3.4.17' ],
26 silly audit   tapable: [ '2.2.1' ],
26 silly audit   terser: [ '5.39.0' ],
26 silly audit   'terser-webpack-plugin': [ '5.3.14' ],
26 silly audit   thenify: [ '3.3.1' ],
26 silly audit   'thenify-all': [ '1.6.0' ],
26 silly audit   tinyglobby: [ '0.2.12' ],
26 silly audit   fdir: [ '6.4.3' ],
26 silly audit   'to-regex-range': [ '5.0.1' ],
26 silly audit   'ts-api-utils': [ '2.1.0' ],
26 silly audit   'ts-interface-checker': [ '0.1.13' ],
26 silly audit   'tsconfig-paths': [ '3.15.0' ],
26 silly audit   tslib: [ '2.8.1' ],
26 silly audit   'turbo-stream': [ '2.4.0' ],
26 silly audit   'type-check': [ '0.4.0' ],
26 silly audit   'type-fest': [ '4.38.0' ],
26 silly audit   'typed-array-buffer': [ '1.0.3' ],
26 silly audit   'typed-array-byte-length': [ '1.0.3' ],
26 silly audit   'typed-array-byte-offset': [ '1.0.4' ],
26 silly audit   'typed-array-length': [ '1.0.7' ],
26 silly audit   typescript: [ '5.8.2' ],
26 silly audit   'typescript-eslint': [ '8.28.0' ],
26 silly audit   'unbox-primitive': [ '1.1.0' ],
26 silly audit   'undici-types': [ '6.20.0' ],
26 silly audit   'unrs-resolver': [ '1.3.2' ],
26 silly audit   'update-browserslist-db': [ '1.1.3' ],
26 silly audit   'uri-js': [ '4.4.1' ],
26 silly audit   'use-sync-external-store': [ '1.4.0' ],
26 silly audit   'util-deprecate': [ '1.0.2' ],
26 silly audit   watchpack: [ '2.4.2' ],
26 silly audit   webpack: [ '5.98.0' ],
26 silly audit   'webpack-sources': [ '3.2.3' ],
26 silly audit   which: [ '2.0.2' ],
26 silly audit   'which-boxed-primitive': [ '1.1.1' ],
26 silly audit   'which-builtin-type': [ '1.2.1' ],
26 silly audit   'which-collection': [ '1.0.2' ],
26 silly audit   'which-typed-array': [ '1.1.19' ],
26 silly audit   'word-wrap': [ '1.2.5' ],
26 silly audit   'wrap-ansi': [ '8.1.0', '7.0.0' ],
26 silly audit   yaml: [ '2.7.0' ],
26 silly audit   'yocto-queue': [ '0.1.0' ],
26 silly audit   'eslint-plugin': [ '1.0.1' ],
26 silly audit   requireindex: [ '1.1.0' ]
26 silly audit }
27 verbose reify failed optional dependency C:\Users\richard.goltara\testeyau\radioman-1\node_modules\fsevents
28 silly reify mark deleted [
28 silly reify   'C:\\Users\\richard.goltara\\testeyau\\radioman-1\\node_modules\\fsevents'
28 silly reify ]
29 verbose reify failed optional dependency C:\Users\richard.goltara\testeyau\radioman-1\node_modules\@unrs\resolver-binding-win32-ia32-msvc
30 silly reify mark deleted [
30 silly reify   'C:\\Users\\richard.goltara\\testeyau\\radioman-1\\node_modules\\@unrs\\resolver-binding-win32-ia32-msvc'
30 silly reify ]
31 verbose reify failed optional dependency C:\Users\richard.goltara\testeyau\radioman-1\node_modules\@unrs\resolver-binding-win32-arm64-msvc
32 silly reify mark deleted [
32 silly reify   'C:\\Users\\richard.goltara\\testeyau\\radioman-1\\node_modules\\@unrs\\resolver-binding-win32-arm64-msvc'
32 silly reify ]
33 verbose reify failed optional dependency C:\Users\richard.goltara\testeyau\radioman-1\node_modules\@unrs\resolver-binding-wasm32-wasi
34 silly reify mark deleted [
34 silly reify   'C:\\Users\\richard.goltara\\testeyau\\radioman-1\\node_modules\\@unrs\\resolver-binding-wasm32-wasi'
34 silly reify ]
35 verbose reify failed optional dependency C:\Users\richard.goltara\testeyau\radioman-1\node_modules\@napi-rs\wasm-runtime
36 silly reify mark deleted [
36 silly reify   'C:\\Users\\richard.goltara\\testeyau\\radioman-1\\node_modules\\@napi-rs\\wasm-runtime'
36 silly reify ]
37 verbose reify failed optional dependency C:\Users\richard.goltara\testeyau\radioman-1\node_modules\@emnapi\core
38 silly reify mark deleted [
38 silly reify   'C:\\Users\\richard.goltara\\testeyau\\radioman-1\\node_modules\\@emnapi\\core'
38 silly reify ]
39 verbose reify failed optional dependency C:\Users\richard.goltara\testeyau\radioman-1\node_modules\@tybys\wasm-util
40 silly reify mark deleted [
40 silly reify   'C:\\Users\\richard.goltara\\testeyau\\radioman-1\\node_modules\\@tybys\\wasm-util'
40 silly reify ]
41 verbose reify failed optional dependency C:\Users\richard.goltara\testeyau\radioman-1\node_modules\@emnapi\wasi-threads
42 silly reify mark deleted [
42 silly reify   'C:\\Users\\richard.goltara\\testeyau\\radioman-1\\node_modules\\@emnapi\\wasi-threads'
42 silly reify ]
43 verbose reify failed optional dependency C:\Users\richard.goltara\testeyau\radioman-1\node_modules\@unrs\resolver-binding-linux-x64-musl
44 silly reify mark deleted [
44 silly reify   'C:\\Users\\richard.goltara\\testeyau\\radioman-1\\node_modules\\@unrs\\resolver-binding-linux-x64-musl'
44 silly reify ]
45 verbose reify failed optional dependency C:\Users\richard.goltara\testeyau\radioman-1\node_modules\@unrs\resolver-binding-linux-x64-gnu
46 silly reify mark deleted [
46 silly reify   'C:\\Users\\richard.goltara\\testeyau\\radioman-1\\node_modules\\@unrs\\resolver-binding-linux-x64-gnu'
46 silly reify ]
47 verbose reify failed optional dependency C:\Users\richard.goltara\testeyau\radioman-1\node_modules\@unrs\resolver-binding-linux-s390x-gnu
48 silly reify mark deleted [
48 silly reify   'C:\\Users\\richard.goltara\\testeyau\\radioman-1\\node_modules\\@unrs\\resolver-binding-linux-s390x-gnu'
48 silly reify ]
49 verbose reify failed optional dependency C:\Users\richard.goltara\testeyau\radioman-1\node_modules\@unrs\resolver-binding-linux-ppc64-gnu
50 silly reify mark deleted [
50 silly reify   'C:\\Users\\richard.goltara\\testeyau\\radioman-1\\node_modules\\@unrs\\resolver-binding-linux-ppc64-gnu'
50 silly reify ]
51 verbose reify failed optional dependency C:\Users\richard.goltara\testeyau\radioman-1\node_modules\@unrs\resolver-binding-linux-arm64-musl
52 silly reify mark deleted [
52 silly reify   'C:\\Users\\richard.goltara\\testeyau\\radioman-1\\node_modules\\@unrs\\resolver-binding-linux-arm64-musl'
52 silly reify ]
53 verbose reify failed optional dependency C:\Users\richard.goltara\testeyau\radioman-1\node_modules\@unrs\resolver-binding-linux-arm64-gnu
54 silly reify mark deleted [
54 silly reify   'C:\\Users\\richard.goltara\\testeyau\\radioman-1\\node_modules\\@unrs\\resolver-binding-linux-arm64-gnu'
54 silly reify ]
55 verbose reify failed optional dependency C:\Users\richard.goltara\testeyau\radioman-1\node_modules\@unrs\resolver-binding-linux-arm-musleabihf
56 silly reify mark deleted [
56 silly reify   'C:\\Users\\richard.goltara\\testeyau\\radioman-1\\node_modules\\@unrs\\resolver-binding-linux-arm-musleabihf'
56 silly reify ]
57 verbose reify failed optional dependency C:\Users\richard.goltara\testeyau\radioman-1\node_modules\@unrs\resolver-binding-linux-arm-gnueabihf
58 silly reify mark deleted [
58 silly reify   'C:\\Users\\richard.goltara\\testeyau\\radioman-1\\node_modules\\@unrs\\resolver-binding-linux-arm-gnueabihf'
58 silly reify ]
59 verbose reify failed optional dependency C:\Users\richard.goltara\testeyau\radioman-1\node_modules\@unrs\resolver-binding-freebsd-x64
60 silly reify mark deleted [
60 silly reify   'C:\\Users\\richard.goltara\\testeyau\\radioman-1\\node_modules\\@unrs\\resolver-binding-freebsd-x64'
60 silly reify ]
61 verbose reify failed optional dependency C:\Users\richard.goltara\testeyau\radioman-1\node_modules\@unrs\resolver-binding-darwin-x64
62 silly reify mark deleted [
62 silly reify   'C:\\Users\\richard.goltara\\testeyau\\radioman-1\\node_modules\\@unrs\\resolver-binding-darwin-x64'
62 silly reify ]
63 verbose reify failed optional dependency C:\Users\richard.goltara\testeyau\radioman-1\node_modules\@unrs\resolver-binding-darwin-arm64
64 silly reify mark deleted [
64 silly reify   'C:\\Users\\richard.goltara\\testeyau\\radioman-1\\node_modules\\@unrs\\resolver-binding-darwin-arm64'
64 silly reify ]
65 verbose reify failed optional dependency C:\Users\richard.goltara\testeyau\radioman-1\node_modules\@next\swc-win32-arm64-msvc
66 silly reify mark deleted [
66 silly reify   'C:\\Users\\richard.goltara\\testeyau\\radioman-1\\node_modules\\@next\\swc-win32-arm64-msvc'
66 silly reify ]
67 verbose reify failed optional dependency C:\Users\richard.goltara\testeyau\radioman-1\node_modules\@next\swc-linux-x64-musl
68 silly reify mark deleted [
68 silly reify   'C:\\Users\\richard.goltara\\testeyau\\radioman-1\\node_modules\\@next\\swc-linux-x64-musl'
68 silly reify ]
69 verbose reify failed optional dependency C:\Users\richard.goltara\testeyau\radioman-1\node_modules\@next\swc-linux-x64-gnu
70 silly reify mark deleted [
70 silly reify   'C:\\Users\\richard.goltara\\testeyau\\radioman-1\\node_modules\\@next\\swc-linux-x64-gnu'
70 silly reify ]
71 verbose reify failed optional dependency C:\Users\richard.goltara\testeyau\radioman-1\node_modules\@next\swc-linux-arm64-musl
72 silly reify mark deleted [
72 silly reify   'C:\\Users\\richard.goltara\\testeyau\\radioman-1\\node_modules\\@next\\swc-linux-arm64-musl'
72 silly reify ]
73 verbose reify failed optional dependency C:\Users\richard.goltara\testeyau\radioman-1\node_modules\@next\swc-linux-arm64-gnu
74 silly reify mark deleted [
74 silly reify   'C:\\Users\\richard.goltara\\testeyau\\radioman-1\\node_modules\\@next\\swc-linux-arm64-gnu'
74 silly reify ]
75 verbose reify failed optional dependency C:\Users\richard.goltara\testeyau\radioman-1\node_modules\@next\swc-darwin-x64
76 silly reify mark deleted [
76 silly reify   'C:\\Users\\richard.goltara\\testeyau\\radioman-1\\node_modules\\@next\\swc-darwin-x64'
76 silly reify ]
77 verbose reify failed optional dependency C:\Users\richard.goltara\testeyau\radioman-1\node_modules\@next\swc-darwin-arm64
78 silly reify mark deleted [
78 silly reify   'C:\\Users\\richard.goltara\\testeyau\\radioman-1\\node_modules\\@next\\swc-darwin-arm64'
78 silly reify ]
79 verbose reify failed optional dependency C:\Users\richard.goltara\testeyau\radioman-1\node_modules\@img\sharp-win32-ia32
80 silly reify mark deleted [
80 silly reify   'C:\\Users\\richard.goltara\\testeyau\\radioman-1\\node_modules\\@img\\sharp-win32-ia32'
80 silly reify ]
81 verbose reify failed optional dependency C:\Users\richard.goltara\testeyau\radioman-1\node_modules\@img\sharp-wasm32
82 silly reify mark deleted [
82 silly reify   'C:\\Users\\richard.goltara\\testeyau\\radioman-1\\node_modules\\@img\\sharp-wasm32'
82 silly reify ]
83 verbose reify failed optional dependency C:\Users\richard.goltara\testeyau\radioman-1\node_modules\@img\sharp-linuxmusl-x64
84 silly reify mark deleted [
84 silly reify   'C:\\Users\\richard.goltara\\testeyau\\radioman-1\\node_modules\\@img\\sharp-linuxmusl-x64'
84 silly reify ]
85 verbose reify failed optional dependency C:\Users\richard.goltara\testeyau\radioman-1\node_modules\@img\sharp-linuxmusl-arm64
86 silly reify mark deleted [
86 silly reify   'C:\\Users\\richard.goltara\\testeyau\\radioman-1\\node_modules\\@img\\sharp-linuxmusl-arm64'
86 silly reify ]
87 verbose reify failed optional dependency C:\Users\richard.goltara\testeyau\radioman-1\node_modules\@img\sharp-linux-x64
88 silly reify mark deleted [
88 silly reify   'C:\\Users\\richard.goltara\\testeyau\\radioman-1\\node_modules\\@img\\sharp-linux-x64'
88 silly reify ]
89 verbose reify failed optional dependency C:\Users\richard.goltara\testeyau\radioman-1\node_modules\@img\sharp-linux-s390x
90 silly reify mark deleted [
90 silly reify   'C:\\Users\\richard.goltara\\testeyau\\radioman-1\\node_modules\\@img\\sharp-linux-s390x'
90 silly reify ]
91 verbose reify failed optional dependency C:\Users\richard.goltara\testeyau\radioman-1\node_modules\@img\sharp-linux-arm64
92 silly reify mark deleted [
92 silly reify   'C:\\Users\\richard.goltara\\testeyau\\radioman-1\\node_modules\\@img\\sharp-linux-arm64'
92 silly reify ]
93 verbose reify failed optional dependency C:\Users\richard.goltara\testeyau\radioman-1\node_modules\@img\sharp-linux-arm
94 silly reify mark deleted [
94 silly reify   'C:\\Users\\richard.goltara\\testeyau\\radioman-1\\node_modules\\@img\\sharp-linux-arm'
94 silly reify ]
95 verbose reify failed optional dependency C:\Users\richard.goltara\testeyau\radioman-1\node_modules\@img\sharp-libvips-linuxmusl-x64
96 silly reify mark deleted [
96 silly reify   'C:\\Users\\richard.goltara\\testeyau\\radioman-1\\node_modules\\@img\\sharp-libvips-linuxmusl-x64'
96 silly reify ]
97 verbose reify failed optional dependency C:\Users\richard.goltara\testeyau\radioman-1\node_modules\@img\sharp-libvips-linuxmusl-arm64
98 silly reify mark deleted [
98 silly reify   'C:\\Users\\richard.goltara\\testeyau\\radioman-1\\node_modules\\@img\\sharp-libvips-linuxmusl-arm64'
98 silly reify ]
99 verbose reify failed optional dependency C:\Users\richard.goltara\testeyau\radioman-1\node_modules\@img\sharp-libvips-linux-x64
100 silly reify mark deleted [
100 silly reify   'C:\\Users\\richard.goltara\\testeyau\\radioman-1\\node_modules\\@img\\sharp-libvips-linux-x64'
100 silly reify ]
101 verbose reify failed optional dependency C:\Users\richard.goltara\testeyau\radioman-1\node_modules\@img\sharp-libvips-linux-s390x
102 silly reify mark deleted [
102 silly reify   'C:\\Users\\richard.goltara\\testeyau\\radioman-1\\node_modules\\@img\\sharp-libvips-linux-s390x'
102 silly reify ]
103 verbose reify failed optional dependency C:\Users\richard.goltara\testeyau\radioman-1\node_modules\@img\sharp-libvips-linux-arm64
104 silly reify mark deleted [
104 silly reify   'C:\\Users\\richard.goltara\\testeyau\\radioman-1\\node_modules\\@img\\sharp-libvips-linux-arm64'
104 silly reify ]
105 verbose reify failed optional dependency C:\Users\richard.goltara\testeyau\radioman-1\node_modules\@img\sharp-libvips-linux-arm
106 silly reify mark deleted [
106 silly reify   'C:\\Users\\richard.goltara\\testeyau\\radioman-1\\node_modules\\@img\\sharp-libvips-linux-arm'
106 silly reify ]
107 verbose reify failed optional dependency C:\Users\richard.goltara\testeyau\radioman-1\node_modules\@img\sharp-libvips-darwin-x64
108 silly reify mark deleted [
108 silly reify   'C:\\Users\\richard.goltara\\testeyau\\radioman-1\\node_modules\\@img\\sharp-libvips-darwin-x64'
108 silly reify ]
109 verbose reify failed optional dependency C:\Users\richard.goltara\testeyau\radioman-1\node_modules\@img\sharp-libvips-darwin-arm64
110 silly reify mark deleted [
110 silly reify   'C:\\Users\\richard.goltara\\testeyau\\radioman-1\\node_modules\\@img\\sharp-libvips-darwin-arm64'
110 silly reify ]
111 verbose reify failed optional dependency C:\Users\richard.goltara\testeyau\radioman-1\node_modules\@img\sharp-darwin-x64
112 silly reify mark deleted [
112 silly reify   'C:\\Users\\richard.goltara\\testeyau\\radioman-1\\node_modules\\@img\\sharp-darwin-x64'
112 silly reify ]
113 verbose reify failed optional dependency C:\Users\richard.goltara\testeyau\radioman-1\node_modules\@img\sharp-darwin-arm64
114 silly reify mark deleted [
114 silly reify   'C:\\Users\\richard.goltara\\testeyau\\radioman-1\\node_modules\\@img\\sharp-darwin-arm64'
114 silly reify ]
115 http cache requireindex@https://registry.npmjs.org/requireindex/-/requireindex-1.1.0.tgz 0ms (cache hit)
116 http cache @napi-rs/wasm-runtime@https://registry.npmjs.org/@napi-rs/wasm-runtime/-/wasm-runtime-0.2.7.tgz 0ms (cache hit)
117 http cache @tybys/wasm-util@https://registry.npmjs.org/@tybys/wasm-util/-/wasm-util-0.9.0.tgz 0ms (cache hit)
118 http cache eslint-plugin@https://registry.npmjs.org/eslint-plugin/-/eslint-plugin-1.0.1.tgz 0ms (cache hit)
119 http cache @emnapi/core@https://registry.npmjs.org/@emnapi/core/-/core-1.3.1.tgz 0ms (cache hit)
120 http cache @emnapi/wasi-threads@https://registry.npmjs.org/@emnapi/wasi-threads/-/wasi-threads-1.0.1.tgz 0ms (cache hit)
121 silly tarball no local data for requireindex@https://registry.npmjs.org/requireindex/-/requireindex-1.1.0.tgz. Extracting by manifest.
122 silly tarball no local data for eslint-plugin@https://registry.npmjs.org/eslint-plugin/-/eslint-plugin-1.0.1.tgz. Extracting by manifest.
123 http fetch GET 200 https://registry.npmjs.org/eslint-plugin/-/eslint-plugin-1.0.1.tgz 116ms (cache miss)
124 http fetch GET 200 https://registry.npmjs.org/requireindex/-/requireindex-1.1.0.tgz 133ms (cache miss)
125 http fetch POST 200 https://registry.npmjs.org/-/npm/v1/security/advisories/bulk 410ms
126 silly audit report {}
127 silly ADD node_modules/requireindex
128 silly ADD node_modules/eslint-plugin
129 silly ADD
130 silly ADD
131 silly ADD
132 silly ADD
133 silly ADD
134 silly ADD
135 silly ADD
136 silly ADD
137 silly ADD
138 silly ADD
139 silly ADD
140 silly ADD
141 silly ADD
142 silly ADD
143 silly ADD
144 silly ADD
145 silly ADD
146 silly ADD
147 silly ADD
148 silly ADD
149 silly ADD
150 silly ADD
151 silly ADD
152 silly ADD
153 silly ADD
154 silly ADD
155 silly ADD
156 silly ADD
157 silly ADD
158 silly ADD
159 silly ADD
160 silly ADD
161 silly ADD
162 silly ADD
163 silly ADD
164 silly ADD
165 silly ADD
166 silly ADD
167 silly ADD
168 silly ADD
169 silly ADD
170 silly ADD
171 silly ADD
172 silly ADD
173 verbose cwd C:\Users\richard.goltara\testeyau\radioman-1
174 verbose os Windows_NT 10.0.19045
175 verbose node v22.14.0
176 verbose npm  v11.2.0
177 verbose exit 0
178 info ok
