0 verbose cli C:\Program Files\Nodejs\node.exe C:\Users\richard.goltara\AppData\Roaming\npm\node_modules\npm\bin\npm-cli.js
1 info using npm@11.2.0
2 info using node@v20.19.0
3 silly config load:file:C:\Users\richard.goltara\AppData\Roaming\npm\node_modules\npm\npmrc
4 silly config load:file:C:\Users\richard.goltara\AppData\Local\Microsoft\TypeScript\5.8\.npmrc
5 silly config load:file:C:\Users\richard.goltara\.npmrc
6 silly config load:file:C:\Users\richard.goltara\AppData\Roaming\npm\etc\npmrc
7 verbose title npm install @types/json-schema@ts5.8
8 verbose argv "install" "--ignore-scripts" "@types/json-schema@ts5.8" "--save-dev" "--user-agent" "typesInstaller/5.8.2"
9 verbose logfile logs-max:10 dir:C:\Users\richard.goltara\testeyau\radioman-1\.npm-cache\_logs\2025-03-31T10_36_44_483Z-
10 verbose logfile C:\Users\richard.goltara\testeyau\radioman-1\.npm-cache\_logs\2025-03-31T10_36_44_483Z-debug-0.log
11 silly logfile start cleaning logs, removing 1 files
12 silly packumentCache heap:2197815296 maxSize:549453824 maxEntrySize:274726912
13 silly logfile done cleaning log files
14 silly packumentCache corgi:https://registry.npmjs.org/@types%2fjson-schema cache-miss
15 http fetch GET 200 https://registry.npmjs.org/@types%2fjson-schema 271ms (cache miss)
16 silly packumentCache corgi:https://registry.npmjs.org/@types%2fjson-schema set size:undefined disposed:false
17 silly idealTree buildDeps
18 silly fetch manifest @types/json-schema@7.0.15
19 silly packumentCache full:https://registry.npmjs.org/@types%2fjson-schema cache-miss
20 http fetch GET 200 https://registry.npmjs.org/@types%2fjson-schema 80ms (cache updated)
21 silly packumentCache full:https://registry.npmjs.org/@types%2fjson-schema set size:undefined disposed:false
22 silly placeDep ROOT @types/json-schema@7.0.15 OK for:  want: 7.0.15
23 silly reify moves {}
24 silly audit bulk request {
24 silly audit   '@types/brace-expansion': [ '1.1.2' ],
24 silly audit   '@types/crypto-js': [ '4.2.2' ],
24 silly audit   '@types/debug': [ '4.1.12' ],
24 silly audit   '@types/estree': [ '1.0.7' ],
24 silly audit   '@types/jsonwebtoken': [ '9.0.9' ],
24 silly audit   '@types/ms': [ '2.1.0' ],
24 silly audit   '@types/node': [ '22.13.13' ],
24 silly audit   '@types/object-assign': [ '4.0.33' ],
24 silly audit   '@types/object.entries': [ '1.1.1' ],
24 silly audit   '@types/object.fromentries': [ '2.0.4' ],
24 silly audit   '@types/page': [ '1.11.9' ],
24 silly audit   '@types/prop-types': [ '15.7.14' ],
24 silly audit   '@types/react': [ '19.0.12' ],
24 silly audit   '@types/react-dom': [ '19.0.4' ],
24 silly audit   '@types/react-is': [ '19.0.0' ],
24 silly audit   csstype: [ '3.1.3' ],
24 silly audit   'types-registry': [ '0.1.714' ],
24 silly audit   'undici-types': [ '6.20.0' ],
24 silly audit   '@types/json-schema': [ '7.0.15' ]
24 silly audit }
25 http cache @types/json-schema@https://registry.npmjs.org/@types/json-schema/-/json-schema-7.0.15.tgz 1ms (cache hit)
26 http fetch POST 200 https://registry.npmjs.org/-/npm/v1/security/advisories/bulk 212ms
27 silly audit report {}
28 silly ADD node_modules/@types/json-schema
29 verbose cwd C:\Users\richard.goltara\AppData\Local\Microsoft\TypeScript\5.8
30 verbose os Windows_NT 10.0.19045
31 verbose node v20.19.0
32 verbose npm  v11.2.0
33 verbose exit 0
34 info ok
