0 verbose cli C:\Program Files\Nodejs\node.exe C:\Users\richard.goltara\AppData\Roaming\npm\node_modules\npm\bin\npm-cli.js
1 info using npm@11.2.0
2 info using node@v20.19.0
3 silly config load:file:C:\Users\richard.goltara\AppData\Roaming\npm\node_modules\npm\npmrc
4 silly config load:file:C:\Users\richard.goltara\testeyau\radioman-1\.npmrc
5 silly config load:file:C:\Users\richard.goltara\.npmrc
6 silly config load:file:C:\Users\richard.goltara\AppData\Roaming\npm\etc\npmrc
7 verbose title npm install mongoose mongodb
8 verbose argv "install" "mongoose" "mongodb"
9 verbose logfile logs-max:10 dir:C:\Users\richard.goltara\testeyau\radioman-1\.npm-cache\_logs\2025-04-14T09_09_17_940Z-
10 verbose logfile C:\Users\richard.goltara\testeyau\radioman-1\.npm-cache\_logs\2025-04-14T09_09_17_940Z-debug-0.log
11 silly logfile start cleaning logs, removing 1 files
12 silly packumentCache heap:2197815296 maxSize:549453824 maxEntrySize:274726912
13 silly logfile done cleaning log files
14 silly idealTree buildDeps
15 silly fetch manifest mongoose@*
16 silly packumentCache full:https://registry.npmjs.org/mongoose cache-miss
17 http fetch GET 200 https://registry.npmjs.org/mongoose 326ms (cache miss)
18 silly packumentCache full:https://registry.npmjs.org/mongoose set size:undefined disposed:false
19 silly fetch manifest mongodb@*
20 silly packumentCache full:https://registry.npmjs.org/mongodb cache-miss
21 http fetch GET 200 https://registry.npmjs.org/mongodb 68ms (cache miss)
22 silly packumentCache full:https://registry.npmjs.org/mongodb set size:undefined disposed:false
23 silly fetch manifest @aws-sdk/credential-providers@^3.188.0
24 silly packumentCache full:https://registry.npmjs.org/@aws-sdk%2fcredential-providers cache-miss
25 http fetch GET 200 https://registry.npmjs.org/@aws-sdk%2fcredential-providers 123ms (cache miss)
26 silly packumentCache full:https://registry.npmjs.org/@aws-sdk%2fcredential-providers set size:undefined disposed:false
27 silly fetch manifest @mongodb-js/zstd@^1.1.0 || ^2.0.0
28 silly packumentCache full:https://registry.npmjs.org/@mongodb-js%2fzstd cache-miss
29 http fetch GET 200 https://registry.npmjs.org/@mongodb-js%2fzstd 81ms (cache miss)
30 silly packumentCache full:https://registry.npmjs.org/@mongodb-js%2fzstd set size:undefined disposed:false
31 silly fetch manifest gcp-metadata@^5.2.0
32 silly packumentCache full:https://registry.npmjs.org/gcp-metadata cache-miss
33 http fetch GET 200 https://registry.npmjs.org/gcp-metadata 71ms (cache miss)
34 silly packumentCache full:https://registry.npmjs.org/gcp-metadata set size:undefined disposed:false
35 silly fetch manifest kerberos@^2.0.1
36 silly packumentCache full:https://registry.npmjs.org/kerberos cache-miss
37 http fetch GET 200 https://registry.npmjs.org/kerberos 30ms (cache miss)
38 silly packumentCache full:https://registry.npmjs.org/kerberos set size:undefined disposed:false
39 silly fetch manifest mongodb-client-encryption@>=6.0.0 <7
40 silly packumentCache full:https://registry.npmjs.org/mongodb-client-encryption cache-miss
41 http fetch GET 200 https://registry.npmjs.org/mongodb-client-encryption 33ms (cache miss)
42 silly packumentCache full:https://registry.npmjs.org/mongodb-client-encryption set size:undefined disposed:false
43 silly fetch manifest snappy@^7.2.2
44 silly packumentCache full:https://registry.npmjs.org/snappy cache-miss
45 http fetch GET 200 https://registry.npmjs.org/snappy 39ms (cache miss)
46 silly packumentCache full:https://registry.npmjs.org/snappy set size:undefined disposed:false
47 silly fetch manifest socks@^2.7.1
48 silly packumentCache full:https://registry.npmjs.org/socks cache-miss
49 http fetch GET 200 https://registry.npmjs.org/socks 34ms (cache miss)
50 silly packumentCache full:https://registry.npmjs.org/socks set size:undefined disposed:false
51 silly placeDep ROOT mongodb@6.15.0 OK for: papyo2@0.1.0 want: *
52 silly placeDep ROOT mongoose@8.13.2 OK for: papyo2@0.1.0 want: *
53 silly fetch manifest bson@^6.10.3
54 silly packumentCache full:https://registry.npmjs.org/bson cache-miss
55 silly fetch manifest @mongodb-js/saslprep@^1.1.9
56 silly packumentCache full:https://registry.npmjs.org/@mongodb-js%2fsaslprep cache-miss
57 silly fetch manifest mongodb-connection-string-url@^3.0.0
58 silly packumentCache full:https://registry.npmjs.org/mongodb-connection-string-url cache-miss
59 silly fetch manifest bson@^6.10.3
60 silly packumentCache full:https://registry.npmjs.org/bson cache-miss
61 silly fetch manifest kareem@2.6.3
62 silly packumentCache full:https://registry.npmjs.org/kareem cache-miss
63 silly fetch manifest mpath@0.9.0
64 silly packumentCache full:https://registry.npmjs.org/mpath cache-miss
65 silly fetch manifest mquery@5.0.0
66 silly packumentCache full:https://registry.npmjs.org/mquery cache-miss
67 http fetch GET 200 https://registry.npmjs.org/bson 96ms (cache miss)
68 silly packumentCache full:https://registry.npmjs.org/bson set size:undefined disposed:false
69 silly fetch manifest sift@17.1.3
70 silly packumentCache full:https://registry.npmjs.org/sift cache-miss
71 http fetch GET 200 https://registry.npmjs.org/mongodb-connection-string-url 103ms (cache miss)
72 silly packumentCache full:https://registry.npmjs.org/mongodb-connection-string-url set size:undefined disposed:false
73 http fetch GET 200 https://registry.npmjs.org/mpath 110ms (cache miss)
74 silly packumentCache full:https://registry.npmjs.org/mpath set size:undefined disposed:false
75 http fetch GET 200 https://registry.npmjs.org/kareem 114ms (cache miss)
76 silly packumentCache full:https://registry.npmjs.org/kareem set size:undefined disposed:false
77 http fetch GET 200 https://registry.npmjs.org/mquery 126ms (cache miss)
78 silly packumentCache full:https://registry.npmjs.org/mquery set size:undefined disposed:false
79 http fetch GET 200 https://registry.npmjs.org/bson 140ms (cache miss)
80 silly packumentCache full:https://registry.npmjs.org/bson set size:undefined disposed:false
81 http fetch GET 200 https://registry.npmjs.org/@mongodb-js%2fsaslprep 148ms (cache miss)
82 silly packumentCache full:https://registry.npmjs.org/@mongodb-js%2fsaslprep set size:undefined disposed:false
83 http fetch GET 200 https://registry.npmjs.org/sift 50ms (cache miss)
84 silly packumentCache full:https://registry.npmjs.org/sift set size:undefined disposed:false
85 silly placeDep ROOT @mongodb-js/saslprep@1.2.2 OK for: mongodb@6.15.0 want: ^1.1.9
86 silly placeDep ROOT bson@6.10.3 OK for: mongodb@6.15.0 want: ^6.10.3
87 silly placeDep ROOT mongodb-connection-string-url@3.0.2 OK for: mongodb@6.15.0 want: ^3.0.0
88 silly fetch manifest sparse-bitfield@^3.0.3
89 silly packumentCache full:https://registry.npmjs.org/sparse-bitfield cache-miss
90 silly fetch manifest whatwg-url@^14.1.0 || ^13.0.0
91 silly packumentCache full:https://registry.npmjs.org/whatwg-url cache-miss
92 silly fetch manifest @types/whatwg-url@^11.0.2
93 silly packumentCache full:https://registry.npmjs.org/@types%2fwhatwg-url cache-miss
94 http fetch GET 200 https://registry.npmjs.org/sparse-bitfield 37ms (cache miss)
95 silly packumentCache full:https://registry.npmjs.org/sparse-bitfield set size:undefined disposed:false
96 http fetch GET 200 https://registry.npmjs.org/whatwg-url 39ms (cache miss)
97 silly packumentCache full:https://registry.npmjs.org/whatwg-url set size:undefined disposed:false
98 http fetch GET 200 https://registry.npmjs.org/@types%2fwhatwg-url 46ms (cache miss)
99 silly packumentCache full:https://registry.npmjs.org/@types%2fwhatwg-url set size:undefined disposed:false
100 silly placeDep ROOT sparse-bitfield@3.0.3 OK for: @mongodb-js/saslprep@1.2.2 want: ^3.0.3
101 silly fetch manifest memory-pager@^1.0.2
102 silly packumentCache full:https://registry.npmjs.org/memory-pager cache-miss
103 http fetch GET 200 https://registry.npmjs.org/memory-pager 35ms (cache miss)
104 silly packumentCache full:https://registry.npmjs.org/memory-pager set size:undefined disposed:false
105 silly placeDep ROOT @types/whatwg-url@11.0.5 OK for: mongodb-connection-string-url@3.0.2 want: ^11.0.2
106 silly placeDep ROOT whatwg-url@14.2.0 OK for: mongodb-connection-string-url@3.0.2 want: ^14.1.0 || ^13.0.0
107 silly fetch manifest @types/webidl-conversions@*
108 silly packumentCache full:https://registry.npmjs.org/@types%2fwebidl-conversions cache-miss
109 silly fetch manifest tr46@^5.1.0
110 silly packumentCache full:https://registry.npmjs.org/tr46 cache-miss
111 silly fetch manifest webidl-conversions@^7.0.0
112 silly packumentCache full:https://registry.npmjs.org/webidl-conversions cache-miss
113 http fetch GET 200 https://registry.npmjs.org/webidl-conversions 33ms (cache miss)
114 silly packumentCache full:https://registry.npmjs.org/webidl-conversions set size:undefined disposed:false
115 http fetch GET 200 https://registry.npmjs.org/@types%2fwebidl-conversions 49ms (cache miss)
116 silly packumentCache full:https://registry.npmjs.org/@types%2fwebidl-conversions set size:undefined disposed:false
117 http fetch GET 200 https://registry.npmjs.org/tr46 51ms (cache miss)
118 silly packumentCache full:https://registry.npmjs.org/tr46 set size:undefined disposed:false
119 silly placeDep ROOT @types/webidl-conversions@7.0.3 OK for: @types/whatwg-url@11.0.5 want: *
120 silly placeDep ROOT kareem@2.6.3 OK for: mongoose@8.13.2 want: 2.6.3
121 silly placeDep ROOT mpath@0.9.0 OK for: mongoose@8.13.2 want: 0.9.0
122 silly placeDep ROOT mquery@5.0.0 OK for: mongoose@8.13.2 want: 5.0.0
123 silly placeDep ROOT sift@17.1.3 OK for: mongoose@8.13.2 want: 17.1.3
124 silly placeDep ROOT memory-pager@1.5.0 OK for: sparse-bitfield@3.0.3 want: ^1.0.2
125 silly placeDep ROOT tr46@5.1.0 OK for: whatwg-url@14.2.0 want: ^5.1.0
126 silly placeDep ROOT webidl-conversions@7.0.0 OK for: whatwg-url@14.2.0 want: ^7.0.0
127 silly reify moves {}
128 silly audit bulk request {
128 silly audit   '@babel/code-frame': [ '7.26.2' ],
128 silly audit   '@babel/helper-validator-identifier': [ '7.25.9' ],
128 silly audit   '@clerk/backend': [ '1.25.8' ],
128 silly audit   '@clerk/clerk-react': [ '5.25.5' ],
128 silly audit   '@clerk/nextjs': [ '6.12.12' ],
128 silly audit   '@clerk/shared': [ '3.2.3' ],
128 silly audit   '@clerk/types': [ '4.50.1' ],
128 silly audit   '@emnapi/core': [ '1.4.0' ],
128 silly audit   '@emnapi/runtime': [ '1.4.0' ],
128 silly audit   '@emnapi/wasi-threads': [ '1.0.1' ],
128 silly audit   '@eslint-community/eslint-utils': [ '4.5.1' ],
128 silly audit   '@eslint-community/regexpp': [ '4.12.1' ],
128 silly audit   '@eslint/eslintrc': [ '2.1.4' ],
128 silly audit   'brace-expansion': [ '1.1.11', '2.0.1' ],
128 silly audit   globals: [ '13.24.0', '16.0.0' ],
128 silly audit   minimatch: [ '3.1.2', '9.0.5' ],
128 silly audit   'type-fest': [ '0.20.2', '4.38.0' ],
128 silly audit   '@eslint/js': [ '8.57.0' ],
128 silly audit   '@heroicons/react': [ '2.2.0' ],
128 silly audit   '@humanwhocodes/config-array': [ '0.11.14' ],
128 silly audit   '@humanwhocodes/module-importer': [ '1.0.1' ],
128 silly audit   '@humanwhocodes/object-schema': [ '2.0.3' ],
128 silly audit   '@img/sharp-darwin-arm64': [ '0.33.5' ],
128 silly audit   '@img/sharp-darwin-x64': [ '0.33.5' ],
128 silly audit   '@img/sharp-libvips-darwin-arm64': [ '1.0.4' ],
128 silly audit   '@img/sharp-libvips-darwin-x64': [ '1.0.4' ],
128 silly audit   '@img/sharp-libvips-linux-arm': [ '1.0.5' ],
128 silly audit   '@img/sharp-libvips-linux-arm64': [ '1.0.4' ],
128 silly audit   '@img/sharp-libvips-linux-s390x': [ '1.0.4' ],
128 silly audit   '@img/sharp-libvips-linux-x64': [ '1.0.4' ],
128 silly audit   '@img/sharp-libvips-linuxmusl-arm64': [ '1.0.4' ],
128 silly audit   '@img/sharp-libvips-linuxmusl-x64': [ '1.0.4' ],
128 silly audit   '@img/sharp-linux-arm': [ '0.33.5' ],
128 silly audit   '@img/sharp-linux-arm64': [ '0.33.5' ],
128 silly audit   '@img/sharp-linux-s390x': [ '0.33.5' ],
128 silly audit   '@img/sharp-linux-x64': [ '0.33.5' ],
128 silly audit   '@img/sharp-linuxmusl-arm64': [ '0.33.5' ],
128 silly audit   '@img/sharp-linuxmusl-x64': [ '0.33.5' ],
128 silly audit   '@img/sharp-wasm32': [ '0.33.5' ],
128 silly audit   '@img/sharp-win32-ia32': [ '0.33.5' ],
128 silly audit   '@img/sharp-win32-x64': [ '0.33.5' ],
128 silly audit   '@napi-rs/wasm-runtime': [ '0.2.7' ],
128 silly audit   '@next/env': [ '15.2.4' ],
128 silly audit   '@next/eslint-plugin-next': [ '15.2.4' ],
128 silly audit   '@next/swc-darwin-arm64': [ '15.2.4' ],
128 silly audit   '@next/swc-darwin-x64': [ '15.2.4' ],
128 silly audit   '@next/swc-linux-arm64-gnu': [ '15.2.4' ],
128 silly audit   '@next/swc-linux-arm64-musl': [ '15.2.4' ],
128 silly audit   '@next/swc-linux-x64-gnu': [ '15.2.4' ],
128 silly audit   '@next/swc-linux-x64-musl': [ '15.2.4' ],
128 silly audit   '@next/swc-win32-arm64-msvc': [ '15.2.4' ],
128 silly audit   '@next/swc-win32-x64-msvc': [ '15.2.4' ],
128 silly audit   '@nodelib/fs.scandir': [ '2.1.5' ],
128 silly audit   '@nodelib/fs.stat': [ '2.0.5' ],
128 silly audit   '@nodelib/fs.walk': [ '1.2.8' ],
128 silly audit   '@nolyfill/is-core-module': [ '1.0.39' ],
128 silly audit   '@rtsao/scc': [ '1.1.0' ],
128 silly audit   '@rushstack/eslint-patch': [ '1.11.0' ],
128 silly audit   '@swc/counter': [ '0.1.3' ],
128 silly audit   '@swc/helpers': [ '0.5.15' ],
128 silly audit   '@tybys/wasm-util': [ '0.9.0' ],
128 silly audit   '@types/json5': [ '0.0.29' ],
128 silly audit   '@types/node': [ '20.17.28' ],
128 silly audit   '@types/prop-types': [ '15.7.14' ],
128 silly audit   '@types/react': [ '18.3.20' ],
128 silly audit   '@typescript-eslint/eslint-plugin': [ '7.18.0' ],
128 silly audit   '@typescript-eslint/parser': [ '7.18.0' ],
128 silly audit   '@typescript-eslint/scope-manager': [ '7.18.0' ],
128 silly audit   '@typescript-eslint/type-utils': [ '7.18.0' ],
128 silly audit   '@typescript-eslint/types': [ '7.18.0' ],
128 silly audit   '@typescript-eslint/typescript-estree': [ '7.18.0' ],
128 silly audit   '@typescript-eslint/utils': [ '7.18.0' ],
128 silly audit   '@typescript-eslint/visitor-keys': [ '7.18.0' ],
128 silly audit   '@ungap/structured-clone': [ '1.3.0' ],
128 silly audit   '@unrs/resolver-binding-darwin-arm64': [ '1.3.3' ],
128 silly audit   '@unrs/resolver-binding-darwin-x64': [ '1.3.3' ],
128 silly audit   '@unrs/resolver-binding-freebsd-x64': [ '1.3.3' ],
128 silly audit   '@unrs/resolver-binding-linux-arm-gnueabihf': [ '1.3.3' ],
128 silly audit   '@unrs/resolver-binding-linux-arm-musleabihf': [ '1.3.3' ],
128 silly audit   '@unrs/resolver-binding-linux-arm64-gnu': [ '1.3.3' ],
128 silly audit   '@unrs/resolver-binding-linux-arm64-musl': [ '1.3.3' ],
128 silly audit   '@unrs/resolver-binding-linux-ppc64-gnu': [ '1.3.3' ],
128 silly audit   '@unrs/resolver-binding-linux-s390x-gnu': [ '1.3.3' ],
128 silly audit   '@unrs/resolver-binding-linux-x64-gnu': [ '1.3.3' ],
128 silly audit   '@unrs/resolver-binding-linux-x64-musl': [ '1.3.3' ],
128 silly audit   '@unrs/resolver-binding-wasm32-wasi': [ '1.3.3' ],
128 silly audit   '@unrs/resolver-binding-win32-arm64-msvc': [ '1.3.3' ],
128 silly audit   '@unrs/resolver-binding-win32-ia32-msvc': [ '1.3.3' ],
128 silly audit   '@unrs/resolver-binding-win32-x64-msvc': [ '1.3.3' ],
128 silly audit   acorn: [ '8.14.1' ],
128 silly audit   'acorn-jsx': [ '5.3.2' ],
128 silly audit   ajv: [ '6.12.6' ],
128 silly audit   'ansi-regex': [ '5.0.1' ],
128 silly audit   'ansi-styles': [ '4.3.0' ],
128 silly audit   argparse: [ '2.0.1' ],
128 silly audit   'aria-query': [ '5.3.2' ],
128 silly audit   'array-buffer-byte-length': [ '1.0.2' ],
128 silly audit   'array-includes': [ '3.1.8' ],
128 silly audit   'array-union': [ '2.1.0' ],
128 silly audit   'array.prototype.findlast': [ '1.2.5' ],
128 silly audit   'array.prototype.findlastindex': [ '1.2.6' ],
128 silly audit   'array.prototype.flat': [ '1.3.3' ],
128 silly audit   'array.prototype.flatmap': [ '1.3.3' ],
128 silly audit   'array.prototype.tosorted': [ '1.1.4' ],
128 silly audit   'arraybuffer.prototype.slice': [ '1.0.4' ],
128 silly audit   'ast-types-flow': [ '0.0.8' ],
128 silly audit   'async-function': [ '1.0.0' ],
128 silly audit   autoprefixer: [ '10.4.21' ],
128 silly audit   'available-typed-arrays': [ '1.0.7' ],
128 silly audit   'axe-core': [ '4.10.3' ],
128 silly audit   'axobject-query': [ '4.1.0' ],
128 silly audit   'balanced-match': [ '1.0.2' ],
128 silly audit   braces: [ '3.0.3' ],
128 silly audit   browserslist: [ '4.24.4' ],
128 silly audit   'buffer-equal-constant-time': [ '1.0.1' ],
128 silly audit   busboy: [ '1.6.0' ],
128 silly audit   'call-bind': [ '1.0.8' ],
128 silly audit   'call-bind-apply-helpers': [ '1.0.2' ],
128 silly audit   'call-bound': [ '1.0.4' ],
128 silly audit   callsites: [ '3.1.0' ],
128 silly audit   'caniuse-lite': [ '1.0.30001707' ],
128 silly audit   chalk: [ '4.1.2' ],
128 silly audit   'client-only': [ '0.0.1' ],
128 silly audit   color: [ '4.2.3' ],
128 silly audit   'color-convert': [ '2.0.1' ],
128 silly audit   'color-name': [ '1.1.4' ],
128 silly audit   'color-string': [ '1.9.1' ],
128 silly audit   'concat-map': [ '0.0.1' ],
128 silly audit   cookie: [ '1.0.2' ],
128 silly audit   cosmiconfig: [ '9.0.0' ],
128 silly audit   'cross-spawn': [ '7.0.6' ],
128 silly audit   'crypto-js': [ '4.2.0' ],
128 silly audit   'css-loader': [ '7.1.2' ],
128 silly audit   cssesc: [ '3.0.0' ],
128 silly audit   csstype: [ '3.1.3' ],
128 silly audit   'damerau-levenshtein': [ '1.0.8' ],
128 silly audit   'data-view-buffer': [ '1.0.2' ],
128 silly audit   'data-view-byte-length': [ '1.0.2' ],
128 silly audit   'data-view-byte-offset': [ '1.0.1' ],
128 silly audit   debug: [ '4.4.0', '3.2.7' ],
128 silly audit   'deep-is': [ '0.1.4' ],
128 silly audit   'define-data-property': [ '1.1.4' ],
128 silly audit   'define-properties': [ '1.2.1' ],
128 silly audit   dequal: [ '2.0.3' ],
128 silly audit   'detect-libc': [ '2.0.3' ],
128 silly audit   'dir-glob': [ '3.0.1' ],
128 silly audit   doctrine: [ '3.0.0', '2.1.0' ],
128 silly audit   'dot-case': [ '3.0.4' ],
128 silly audit   'dunder-proto': [ '1.0.1' ],
128 silly audit   'ecdsa-sig-formatter': [ '1.0.11' ],
128 silly audit   'electron-to-chromium': [ '1.5.128' ],
128 silly audit   'emoji-regex': [ '9.2.2' ],
128 silly audit   'env-paths': [ '2.2.1' ],
128 silly audit   'error-ex': [ '1.3.2' ],
128 silly audit   'es-abstract': [ '1.23.9' ],
128 silly audit   'es-define-property': [ '1.0.1' ],
128 silly audit   'es-errors': [ '1.3.0' ],
128 silly audit   'es-iterator-helpers': [ '1.2.1' ],
128 silly audit   'es-object-atoms': [ '1.1.1' ],
128 silly audit   'es-set-tostringtag': [ '2.1.0' ],
128 silly audit   'es-shim-unscopables': [ '1.1.0' ],
128 silly audit   'es-to-primitive': [ '1.3.0' ],
128 silly audit   escalade: [ '3.2.0' ],
128 silly audit   'escape-string-regexp': [ '4.0.0' ],
128 silly audit   eslint: [ '8.57.0' ],
128 silly audit   'eslint-config-next': [ '15.2.4' ],
128 silly audit   'eslint-plugin-react-hooks': [ '5.2.0', '4.6.2' ],
128 silly audit   'eslint-import-resolver-node': [ '0.3.9' ],
128 silly audit   'eslint-import-resolver-typescript': [ '3.10.0' ],
128 silly audit   'eslint-module-utils': [ '2.12.0' ],
128 silly audit   'eslint-plugin-import': [ '2.31.0' ],
128 silly audit   semver: [ '6.3.1', '7.7.1' ],
128 silly audit   'eslint-plugin-jsx-a11y': [ '6.10.2' ],
128 silly audit   'eslint-plugin-react': [ '7.37.4' ],
128 silly audit   resolve: [ '2.0.0-next.5', '1.22.10' ],
128 silly audit   'eslint-scope': [ '7.2.2' ],
128 silly audit   'eslint-visitor-keys': [ '3.4.3' ],
128 silly audit   espree: [ '9.6.1' ],
128 silly audit   esquery: [ '1.6.0' ],
128 silly audit   esrecurse: [ '4.3.0' ],
128 silly audit   estraverse: [ '5.3.0' ],
128 silly audit   esutils: [ '2.0.3' ],
128 silly audit   'fast-deep-equal': [ '3.1.3' ],
128 silly audit   'fast-glob': [ '3.3.1' ],
128 silly audit   'glob-parent': [ '5.1.2', '6.0.2' ],
128 silly audit   'fast-json-stable-stringify': [ '2.1.0' ],
128 silly audit   'fast-levenshtein': [ '2.0.6' ],
128 silly audit   fastq: [ '1.19.1' ],
128 silly audit   'file-entry-cache': [ '6.0.1' ],
128 silly audit   'fill-range': [ '7.1.1' ],
128 silly audit   'find-up': [ '5.0.0' ],
128 silly audit   'flat-cache': [ '3.2.0' ],
128 silly audit   flatted: [ '3.3.3' ],
128 silly audit   'for-each': [ '0.3.5' ],
128 silly audit   'fraction.js': [ '4.3.7' ],
128 silly audit   'fs.realpath': [ '1.0.0' ],
128 silly audit   'function-bind': [ '1.1.2' ],
128 silly audit   'function.prototype.name': [ '1.1.8' ],
128 silly audit   'functions-have-names': [ '1.2.3' ],
128 silly audit   'get-intrinsic': [ '1.3.0' ],
128 silly audit   'get-proto': [ '1.0.1' ],
128 silly audit   'get-symbol-description': [ '1.1.0' ],
128 silly audit   'get-tsconfig': [ '4.10.0' ],
128 silly audit   glob: [ '7.2.3' ],
128 silly audit   'glob-to-regexp': [ '0.4.1' ],
128 silly audit   globalthis: [ '1.0.4' ],
128 silly audit   globby: [ '11.1.0' ],
128 silly audit   gopd: [ '1.2.0' ],
128 silly audit   graphemer: [ '1.4.0' ],
128 silly audit   'has-bigints': [ '1.1.0' ],
128 silly audit   'has-flag': [ '4.0.0' ],
128 silly audit   'has-property-descriptors': [ '1.0.2' ],
128 silly audit   'has-proto': [ '1.2.0' ],
128 silly audit   'has-symbols': [ '1.1.0' ],
128 silly audit   'has-tostringtag': [ '1.0.2' ],
128 silly audit   hasown: [ '2.0.2' ],
128 silly audit   'icss-utils': [ '5.1.0' ],
128 silly audit   ignore: [ '5.3.2' ],
128 silly audit   'import-fresh': [ '3.3.1' ],
128 silly audit   imurmurhash: [ '0.1.4' ],
128 silly audit   inflight: [ '1.0.6' ],
128 silly audit   inherits: [ '2.0.4' ],
128 silly audit   'internal-slot': [ '1.1.0' ],
128 silly audit   'is-array-buffer': [ '3.0.5' ],
128 silly audit   'is-arrayish': [ '0.2.1', '0.3.2' ],
128 silly audit   'is-async-function': [ '2.1.1' ],
128 silly audit   'is-bigint': [ '1.1.0' ],
128 silly audit   'is-boolean-object': [ '1.2.2' ],
128 silly audit   'is-bun-module': [ '2.0.0' ],
128 silly audit   'is-callable': [ '1.2.7' ],
128 silly audit   'is-core-module': [ '2.16.1' ],
128 silly audit   'is-data-view': [ '1.0.2' ],
128 silly audit   'is-date-object': [ '1.1.0' ],
128 silly audit   'is-extglob': [ '2.1.1' ],
128 silly audit   'is-finalizationregistry': [ '1.1.1' ],
128 silly audit   'is-generator-function': [ '1.1.0' ],
128 silly audit   'is-glob': [ '4.0.3' ],
128 silly audit   'is-map': [ '2.0.3' ],
128 silly audit   'is-number': [ '7.0.0' ],
128 silly audit   'is-number-object': [ '1.1.1' ],
128 silly audit   'is-path-inside': [ '3.0.3' ],
128 silly audit   'is-regex': [ '1.2.1' ],
128 silly audit   'is-set': [ '2.0.3' ],
128 silly audit   'is-shared-array-buffer': [ '1.0.4' ],
128 silly audit   'is-string': [ '1.1.1' ],
128 silly audit   'is-symbol': [ '1.1.1' ],
128 silly audit   'is-typed-array': [ '1.1.15' ],
128 silly audit   'is-weakmap': [ '2.0.2' ],
128 silly audit   'is-weakref': [ '1.1.1' ],
128 silly audit   'is-weakset': [ '2.0.4' ],
128 silly audit   isarray: [ '2.0.5' ],
128 silly audit   isexe: [ '2.0.0' ],
128 silly audit   'iterator.prototype': [ '1.1.5' ],
128 silly audit   'js-cookie': [ '3.0.5' ],
128 silly audit   'js-tokens': [ '4.0.0' ],
128 silly audit   'js-yaml': [ '4.1.0' ],
128 silly audit   'json-buffer': [ '3.0.1' ],
128 silly audit   'json-parse-even-better-errors': [ '2.3.1' ],
128 silly audit   'json-schema-traverse': [ '0.4.1' ],
128 silly audit   'json-stable-stringify-without-jsonify': [ '1.0.1' ],
128 silly audit   json5: [ '1.0.2' ],
128 silly audit   jsonwebtoken: [ '9.0.2' ],
128 silly audit   'jsx-ast-utils': [ '3.3.5' ],
128 silly audit   jwa: [ '1.4.1' ],
128 silly audit   jws: [ '3.2.2' ],
128 silly audit   keyv: [ '4.5.4' ],
128 silly audit   'language-subtag-registry': [ '0.3.23' ],
128 silly audit   'language-tags': [ '1.0.9' ],
128 silly audit   levn: [ '0.4.1' ],
128 silly audit   lightningcss: [ '1.29.3' ],
128 silly audit   'lightningcss-darwin-arm64': [ '1.29.3' ],
128 silly audit   'lightningcss-darwin-x64': [ '1.29.3' ],
128 silly audit   'lightningcss-freebsd-x64': [ '1.29.3' ],
128 silly audit   'lightningcss-linux-arm-gnueabihf': [ '1.29.3' ],
128 silly audit   'lightningcss-linux-arm64-gnu': [ '1.29.3' ],
128 silly audit   'lightningcss-linux-arm64-musl': [ '1.29.3' ],
128 silly audit   'lightningcss-linux-x64-gnu': [ '1.29.3' ],
128 silly audit   'lightningcss-linux-x64-musl': [ '1.29.3' ],
128 silly audit   'lightningcss-win32-arm64-msvc': [ '1.29.3' ],
128 silly audit   'lightningcss-win32-x64-msvc': [ '1.29.3' ],
128 silly audit   'lines-and-columns': [ '1.2.4' ],
128 silly audit   'locate-path': [ '6.0.0' ],
128 silly audit   'lodash.includes': [ '4.3.0' ],
128 silly audit   'lodash.isboolean': [ '3.0.3' ],
128 silly audit   'lodash.isinteger': [ '4.0.4' ],
128 silly audit   'lodash.isnumber': [ '3.0.3' ],
128 silly audit   'lodash.isplainobject': [ '4.0.6' ],
128 silly audit   'lodash.isstring': [ '4.0.1' ],
128 silly audit   'lodash.merge': [ '4.6.2' ],
128 silly audit   'lodash.once': [ '4.1.1' ],
128 silly audit   'loose-envify': [ '1.4.0' ],
128 silly audit   'lower-case': [ '2.0.2' ],
128 silly audit   'map-obj': [ '4.3.0' ],
128 silly audit   'math-intrinsics': [ '1.1.0' ],
128 silly audit   merge2: [ '1.4.1' ],
128 silly audit   micromatch: [ '4.0.8' ],
128 silly audit   minimist: [ '1.2.8' ],
128 silly audit   ms: [ '2.1.3' ],
128 silly audit   nanoid: [ '3.3.11' ],
128 silly audit   'natural-compare': [ '1.4.0' ],
128 silly audit   next: [ '15.2.4' ],
128 silly audit   postcss: [ '8.4.31', '8.5.3' ],
128 silly audit   'no-case': [ '3.0.4' ],
128 silly audit   'node-releases': [ '2.0.19' ],
128 silly audit   'normalize-range': [ '0.1.2' ],
128 silly audit   'object-assign': [ '4.1.1' ],
128 silly audit   'object-inspect': [ '1.13.4' ],
128 silly audit   'object-keys': [ '1.1.1' ],
128 silly audit   'object.assign': [ '4.1.7' ],
128 silly audit   'object.entries': [ '1.1.9' ],
128 silly audit   'object.fromentries': [ '2.0.8' ],
128 silly audit   'object.groupby': [ '1.0.3' ],
128 silly audit   'object.values': [ '1.2.1' ],
128 silly audit   once: [ '1.4.0' ],
128 silly audit   optionator: [ '0.9.4' ],
128 silly audit   'own-keys': [ '1.0.1' ],
128 silly audit   'p-limit': [ '3.1.0' ],
128 silly audit   'p-locate': [ '5.0.0' ],
128 silly audit   'parent-module': [ '1.0.1' ],
128 silly audit   'parse-json': [ '5.2.0' ],
128 silly audit   'path-exists': [ '4.0.0' ],
128 silly audit   'path-is-absolute': [ '1.0.1' ],
128 silly audit   'path-key': [ '3.1.1' ],
128 silly audit   'path-parse': [ '1.0.7' ],
128 silly audit   'path-type': [ '4.0.0' ],
128 silly audit   picocolors: [ '1.1.1' ],
128 silly audit   picomatch: [ '2.3.1', '4.0.2' ],
128 silly audit   'possible-typed-array-names': [ '1.1.0' ],
128 silly audit   'postcss-loader': [ '8.1.1' ],
128 silly audit   jiti: [ '1.21.7' ],
128 silly audit   'postcss-modules-extract-imports': [ '3.1.0' ],
128 silly audit   'postcss-modules-local-by-default': [ '4.2.0' ],
128 silly audit   'postcss-modules-scope': [ '3.2.1' ],
128 silly audit   'postcss-modules-values': [ '4.0.0' ],
128 silly audit   'postcss-selector-parser': [ '7.1.0' ],
128 silly audit   'postcss-value-parser': [ '4.2.0' ],
128 silly audit   'prelude-ls': [ '1.2.1' ],
128 silly audit   'prop-types': [ '15.8.1' ],
128 silly audit   punycode: [ '2.3.1' ],
128 silly audit   'queue-microtask': [ '1.2.3' ],
128 silly audit   react: [ '18.3.1' ],
128 silly audit   'react-dom': [ '18.3.1' ],
128 silly audit   'react-is': [ '16.13.1' ],
128 silly audit   'reflect.getprototypeof': [ '1.0.10' ],
128 silly audit   'regexp.prototype.flags': [ '1.5.4' ],
128 silly audit   'resolve-from': [ '4.0.0' ],
128 silly audit   'resolve-pkg-maps': [ '1.0.0' ],
128 silly audit   reusify: [ '1.1.0' ],
128 silly audit   rimraf: [ '3.0.2' ],
128 silly audit   'run-parallel': [ '1.2.0' ],
128 silly audit   'safe-array-concat': [ '1.1.3' ],
128 silly audit   'safe-buffer': [ '5.2.1' ],
128 silly audit   'safe-push-apply': [ '1.0.0' ],
128 silly audit   'safe-regex-test': [ '1.1.0' ],
128 silly audit   scheduler: [ '0.23.2' ],
128 silly audit   'server-only': [ '0.0.1' ],
128 silly audit   'set-function-length': [ '1.2.2' ],
128 silly audit   'set-function-name': [ '2.0.2' ],
128 silly audit   'set-proto': [ '1.0.0' ],
128 silly audit   sharp: [ '0.33.5' ],
128 silly audit   'shebang-command': [ '2.0.0' ],
128 silly audit   'shebang-regex': [ '3.0.0' ],
128 silly audit   'side-channel': [ '1.1.0' ],
128 silly audit   'side-channel-list': [ '1.0.0' ],
128 silly audit   'side-channel-map': [ '1.0.1' ],
128 silly audit   'side-channel-weakmap': [ '1.0.2' ],
128 silly audit   'simple-swizzle': [ '0.2.2' ],
128 silly audit   slash: [ '3.0.0' ],
128 silly audit   'snake-case': [ '3.0.4' ],
128 silly audit   'snakecase-keys': [ '8.0.1' ],
128 silly audit   'source-map-js': [ '1.2.1' ],
128 silly audit   'stable-hash': [ '0.0.5' ],
128 silly audit   'std-env': [ '3.8.1' ],
128 silly audit   streamsearch: [ '1.1.0' ],
128 silly audit   'string.prototype.includes': [ '2.0.1' ],
128 silly audit   'string.prototype.matchall': [ '4.0.12' ],
128 silly audit   'string.prototype.repeat': [ '1.0.0' ],
128 silly audit   'string.prototype.trim': [ '1.2.10' ],
128 silly audit   'string.prototype.trimend': [ '1.0.9' ],
128 silly audit   'string.prototype.trimstart': [ '1.0.8' ],
128 silly audit   'strip-ansi': [ '6.0.1' ],
128 silly audit   'strip-bom': [ '3.0.0' ],
128 silly audit   'strip-json-comments': [ '3.1.1' ],
128 silly audit   'styled-jsx': [ '5.1.6' ],
128 silly audit   'supports-color': [ '7.2.0' ],
128 silly audit   'supports-preserve-symlinks-flag': [ '1.0.0' ],
128 silly audit   swr: [ '2.3.3' ],
128 silly audit   tailwindcss: [ '4.0.17' ],
128 silly audit   'text-table': [ '0.2.0' ],
128 silly audit   tinyglobby: [ '0.2.12' ],
128 silly audit   fdir: [ '6.4.3' ],
128 silly audit   'to-regex-range': [ '5.0.1' ],
128 silly audit   'ts-api-utils': [ '1.4.3' ],
128 silly audit   'tsconfig-paths': [ '3.15.0' ],
128 silly audit   tslib: [ '2.8.1' ],
128 silly audit   'type-check': [ '0.4.0' ],
128 silly audit   'typed-array-buffer': [ '1.0.3' ],
128 silly audit   'typed-array-byte-length': [ '1.0.3' ],
128 silly audit   'typed-array-byte-offset': [ '1.0.4' ],
128 silly audit   'typed-array-length': [ '1.0.7' ],
128 silly audit   typescript: [ '5.8.2' ],
128 silly audit   'unbox-primitive': [ '1.1.0' ],
128 silly audit   'undici-types': [ '6.19.8' ],
128 silly audit   'unrs-resolver': [ '1.3.3' ],
128 silly audit   'update-browserslist-db': [ '1.1.3' ],
128 silly audit   'uri-js': [ '4.4.1' ],
128 silly audit   'use-sync-external-store': [ '1.4.0' ],
128 silly audit   'util-deprecate': [ '1.0.2' ],
128 silly audit   which: [ '2.0.2' ],
128 silly audit   'which-boxed-primitive': [ '1.1.1' ],
128 silly audit   'which-builtin-type': [ '1.2.1' ],
128 silly audit   'which-collection': [ '1.0.2' ],
128 silly audit   'which-typed-array': [ '1.1.19' ],
128 silly audit   'word-wrap': [ '1.2.5' ],
128 silly audit   wrappy: [ '1.0.2' ],
128 silly audit   'yocto-queue': [ '0.1.0' ],
128 silly audit   mongodb: [ '6.15.0' ],
128 silly audit   mongoose: [ '8.13.2' ],
128 silly audit   '@mongodb-js/saslprep': [ '1.2.2' ],
128 silly audit   bson: [ '6.10.3' ],
128 silly audit   'mongodb-connection-string-url': [ '3.0.2' ],
128 silly audit   'sparse-bitfield': [ '3.0.3' ],
128 silly audit   '@types/whatwg-url': [ '11.0.5' ],
128 silly audit   'whatwg-url': [ '14.2.0' ],
128 silly audit   '@types/webidl-conversions': [ '7.0.3' ],
128 silly audit   kareem: [ '2.6.3' ],
128 silly audit   mpath: [ '0.9.0' ],
128 silly audit   mquery: [ '5.0.0' ],
128 silly audit   sift: [ '17.1.3' ],
128 silly audit   'memory-pager': [ '1.5.0' ],
128 silly audit   tr46: [ '5.1.0' ],
128 silly audit   'webidl-conversions': [ '7.0.0' ]
128 silly audit }
129 verbose reify failed optional dependency C:\Users\richard.goltara\testeyau\radioman-1\node_modules\lightningcss-win32-arm64-msvc
130 silly reify mark deleted [
130 silly reify   'C:\\Users\\richard.goltara\\testeyau\\radioman-1\\node_modules\\lightningcss-win32-arm64-msvc'
130 silly reify ]
131 verbose reify failed optional dependency C:\Users\richard.goltara\testeyau\radioman-1\node_modules\lightningcss-linux-x64-musl
132 silly reify mark deleted [
132 silly reify   'C:\\Users\\richard.goltara\\testeyau\\radioman-1\\node_modules\\lightningcss-linux-x64-musl'
132 silly reify ]
133 verbose reify failed optional dependency C:\Users\richard.goltara\testeyau\radioman-1\node_modules\lightningcss-linux-x64-gnu
134 silly reify mark deleted [
134 silly reify   'C:\\Users\\richard.goltara\\testeyau\\radioman-1\\node_modules\\lightningcss-linux-x64-gnu'
134 silly reify ]
135 verbose reify failed optional dependency C:\Users\richard.goltara\testeyau\radioman-1\node_modules\lightningcss-linux-arm64-musl
136 silly reify mark deleted [
136 silly reify   'C:\\Users\\richard.goltara\\testeyau\\radioman-1\\node_modules\\lightningcss-linux-arm64-musl'
136 silly reify ]
137 verbose reify failed optional dependency C:\Users\richard.goltara\testeyau\radioman-1\node_modules\lightningcss-linux-arm64-gnu
138 silly reify mark deleted [
138 silly reify   'C:\\Users\\richard.goltara\\testeyau\\radioman-1\\node_modules\\lightningcss-linux-arm64-gnu'
138 silly reify ]
139 verbose reify failed optional dependency C:\Users\richard.goltara\testeyau\radioman-1\node_modules\lightningcss-linux-arm-gnueabihf
140 silly reify mark deleted [
140 silly reify   'C:\\Users\\richard.goltara\\testeyau\\radioman-1\\node_modules\\lightningcss-linux-arm-gnueabihf'
140 silly reify ]
141 verbose reify failed optional dependency C:\Users\richard.goltara\testeyau\radioman-1\node_modules\lightningcss-freebsd-x64
142 silly reify mark deleted [
142 silly reify   'C:\\Users\\richard.goltara\\testeyau\\radioman-1\\node_modules\\lightningcss-freebsd-x64'
142 silly reify ]
143 verbose reify failed optional dependency C:\Users\richard.goltara\testeyau\radioman-1\node_modules\lightningcss-darwin-x64
144 silly reify mark deleted [
144 silly reify   'C:\\Users\\richard.goltara\\testeyau\\radioman-1\\node_modules\\lightningcss-darwin-x64'
144 silly reify ]
145 verbose reify failed optional dependency C:\Users\richard.goltara\testeyau\radioman-1\node_modules\lightningcss-darwin-arm64
146 silly reify mark deleted [
146 silly reify   'C:\\Users\\richard.goltara\\testeyau\\radioman-1\\node_modules\\lightningcss-darwin-arm64'
146 silly reify ]
147 verbose reify failed optional dependency C:\Users\richard.goltara\testeyau\radioman-1\node_modules\@unrs\resolver-binding-win32-ia32-msvc
148 silly reify mark deleted [
148 silly reify   'C:\\Users\\richard.goltara\\testeyau\\radioman-1\\node_modules\\@unrs\\resolver-binding-win32-ia32-msvc'
148 silly reify ]
149 verbose reify failed optional dependency C:\Users\richard.goltara\testeyau\radioman-1\node_modules\@unrs\resolver-binding-win32-arm64-msvc
150 silly reify mark deleted [
150 silly reify   'C:\\Users\\richard.goltara\\testeyau\\radioman-1\\node_modules\\@unrs\\resolver-binding-win32-arm64-msvc'
150 silly reify ]
151 verbose reify failed optional dependency C:\Users\richard.goltara\testeyau\radioman-1\node_modules\@unrs\resolver-binding-wasm32-wasi
152 silly reify mark deleted [
152 silly reify   'C:\\Users\\richard.goltara\\testeyau\\radioman-1\\node_modules\\@unrs\\resolver-binding-wasm32-wasi'
152 silly reify ]
153 verbose reify failed optional dependency C:\Users\richard.goltara\testeyau\radioman-1\node_modules\@napi-rs\wasm-runtime
154 silly reify mark deleted [
154 silly reify   'C:\\Users\\richard.goltara\\testeyau\\radioman-1\\node_modules\\@napi-rs\\wasm-runtime'
154 silly reify ]
155 verbose reify failed optional dependency C:\Users\richard.goltara\testeyau\radioman-1\node_modules\@emnapi\core
156 silly reify mark deleted [
156 silly reify   'C:\\Users\\richard.goltara\\testeyau\\radioman-1\\node_modules\\@emnapi\\core'
156 silly reify ]
157 verbose reify failed optional dependency C:\Users\richard.goltara\testeyau\radioman-1\node_modules\@tybys\wasm-util
158 silly reify mark deleted [
158 silly reify   'C:\\Users\\richard.goltara\\testeyau\\radioman-1\\node_modules\\@tybys\\wasm-util'
158 silly reify ]
159 verbose reify failed optional dependency C:\Users\richard.goltara\testeyau\radioman-1\node_modules\@emnapi\wasi-threads
160 silly reify mark deleted [
160 silly reify   'C:\\Users\\richard.goltara\\testeyau\\radioman-1\\node_modules\\@emnapi\\wasi-threads'
160 silly reify ]
161 verbose reify failed optional dependency C:\Users\richard.goltara\testeyau\radioman-1\node_modules\@unrs\resolver-binding-linux-x64-musl
162 silly reify mark deleted [
162 silly reify   'C:\\Users\\richard.goltara\\testeyau\\radioman-1\\node_modules\\@unrs\\resolver-binding-linux-x64-musl'
162 silly reify ]
163 verbose reify failed optional dependency C:\Users\richard.goltara\testeyau\radioman-1\node_modules\@unrs\resolver-binding-linux-x64-gnu
164 silly reify mark deleted [
164 silly reify   'C:\\Users\\richard.goltara\\testeyau\\radioman-1\\node_modules\\@unrs\\resolver-binding-linux-x64-gnu'
164 silly reify ]
165 verbose reify failed optional dependency C:\Users\richard.goltara\testeyau\radioman-1\node_modules\@unrs\resolver-binding-linux-s390x-gnu
166 silly reify mark deleted [
166 silly reify   'C:\\Users\\richard.goltara\\testeyau\\radioman-1\\node_modules\\@unrs\\resolver-binding-linux-s390x-gnu'
166 silly reify ]
167 verbose reify failed optional dependency C:\Users\richard.goltara\testeyau\radioman-1\node_modules\@unrs\resolver-binding-linux-ppc64-gnu
168 silly reify mark deleted [
168 silly reify   'C:\\Users\\richard.goltara\\testeyau\\radioman-1\\node_modules\\@unrs\\resolver-binding-linux-ppc64-gnu'
168 silly reify ]
169 verbose reify failed optional dependency C:\Users\richard.goltara\testeyau\radioman-1\node_modules\@unrs\resolver-binding-linux-arm64-musl
170 silly reify mark deleted [
170 silly reify   'C:\\Users\\richard.goltara\\testeyau\\radioman-1\\node_modules\\@unrs\\resolver-binding-linux-arm64-musl'
170 silly reify ]
171 verbose reify failed optional dependency C:\Users\richard.goltara\testeyau\radioman-1\node_modules\@unrs\resolver-binding-linux-arm64-gnu
172 silly reify mark deleted [
172 silly reify   'C:\\Users\\richard.goltara\\testeyau\\radioman-1\\node_modules\\@unrs\\resolver-binding-linux-arm64-gnu'
172 silly reify ]
173 verbose reify failed optional dependency C:\Users\richard.goltara\testeyau\radioman-1\node_modules\@unrs\resolver-binding-linux-arm-musleabihf
174 silly reify mark deleted [
174 silly reify   'C:\\Users\\richard.goltara\\testeyau\\radioman-1\\node_modules\\@unrs\\resolver-binding-linux-arm-musleabihf'
174 silly reify ]
175 verbose reify failed optional dependency C:\Users\richard.goltara\testeyau\radioman-1\node_modules\@unrs\resolver-binding-linux-arm-gnueabihf
176 silly reify mark deleted [
176 silly reify   'C:\\Users\\richard.goltara\\testeyau\\radioman-1\\node_modules\\@unrs\\resolver-binding-linux-arm-gnueabihf'
176 silly reify ]
177 verbose reify failed optional dependency C:\Users\richard.goltara\testeyau\radioman-1\node_modules\@unrs\resolver-binding-freebsd-x64
178 silly reify mark deleted [
178 silly reify   'C:\\Users\\richard.goltara\\testeyau\\radioman-1\\node_modules\\@unrs\\resolver-binding-freebsd-x64'
178 silly reify ]
179 verbose reify failed optional dependency C:\Users\richard.goltara\testeyau\radioman-1\node_modules\@unrs\resolver-binding-darwin-x64
180 silly reify mark deleted [
180 silly reify   'C:\\Users\\richard.goltara\\testeyau\\radioman-1\\node_modules\\@unrs\\resolver-binding-darwin-x64'
180 silly reify ]
181 verbose reify failed optional dependency C:\Users\richard.goltara\testeyau\radioman-1\node_modules\@unrs\resolver-binding-darwin-arm64
182 silly reify mark deleted [
182 silly reify   'C:\\Users\\richard.goltara\\testeyau\\radioman-1\\node_modules\\@unrs\\resolver-binding-darwin-arm64'
182 silly reify ]
183 verbose reify failed optional dependency C:\Users\richard.goltara\testeyau\radioman-1\node_modules\@next\swc-win32-arm64-msvc
184 silly reify mark deleted [
184 silly reify   'C:\\Users\\richard.goltara\\testeyau\\radioman-1\\node_modules\\@next\\swc-win32-arm64-msvc'
184 silly reify ]
185 verbose reify failed optional dependency C:\Users\richard.goltara\testeyau\radioman-1\node_modules\@next\swc-linux-x64-musl
186 silly reify mark deleted [
186 silly reify   'C:\\Users\\richard.goltara\\testeyau\\radioman-1\\node_modules\\@next\\swc-linux-x64-musl'
186 silly reify ]
187 verbose reify failed optional dependency C:\Users\richard.goltara\testeyau\radioman-1\node_modules\@next\swc-linux-x64-gnu
188 silly reify mark deleted [
188 silly reify   'C:\\Users\\richard.goltara\\testeyau\\radioman-1\\node_modules\\@next\\swc-linux-x64-gnu'
188 silly reify ]
189 verbose reify failed optional dependency C:\Users\richard.goltara\testeyau\radioman-1\node_modules\@next\swc-linux-arm64-musl
190 silly reify mark deleted [
190 silly reify   'C:\\Users\\richard.goltara\\testeyau\\radioman-1\\node_modules\\@next\\swc-linux-arm64-musl'
190 silly reify ]
191 verbose reify failed optional dependency C:\Users\richard.goltara\testeyau\radioman-1\node_modules\@next\swc-linux-arm64-gnu
192 silly reify mark deleted [
192 silly reify   'C:\\Users\\richard.goltara\\testeyau\\radioman-1\\node_modules\\@next\\swc-linux-arm64-gnu'
192 silly reify ]
193 verbose reify failed optional dependency C:\Users\richard.goltara\testeyau\radioman-1\node_modules\@next\swc-darwin-x64
194 silly reify mark deleted [
194 silly reify   'C:\\Users\\richard.goltara\\testeyau\\radioman-1\\node_modules\\@next\\swc-darwin-x64'
194 silly reify ]
195 verbose reify failed optional dependency C:\Users\richard.goltara\testeyau\radioman-1\node_modules\@next\swc-darwin-arm64
196 silly reify mark deleted [
196 silly reify   'C:\\Users\\richard.goltara\\testeyau\\radioman-1\\node_modules\\@next\\swc-darwin-arm64'
196 silly reify ]
197 verbose reify failed optional dependency C:\Users\richard.goltara\testeyau\radioman-1\node_modules\@img\sharp-win32-ia32
198 silly reify mark deleted [
198 silly reify   'C:\\Users\\richard.goltara\\testeyau\\radioman-1\\node_modules\\@img\\sharp-win32-ia32'
198 silly reify ]
199 verbose reify failed optional dependency C:\Users\richard.goltara\testeyau\radioman-1\node_modules\@img\sharp-wasm32
200 silly reify mark deleted [
200 silly reify   'C:\\Users\\richard.goltara\\testeyau\\radioman-1\\node_modules\\@img\\sharp-wasm32'
200 silly reify ]
201 verbose reify failed optional dependency C:\Users\richard.goltara\testeyau\radioman-1\node_modules\@img\sharp-linuxmusl-x64
202 silly reify mark deleted [
202 silly reify   'C:\\Users\\richard.goltara\\testeyau\\radioman-1\\node_modules\\@img\\sharp-linuxmusl-x64'
202 silly reify ]
203 verbose reify failed optional dependency C:\Users\richard.goltara\testeyau\radioman-1\node_modules\@img\sharp-linuxmusl-arm64
204 silly reify mark deleted [
204 silly reify   'C:\\Users\\richard.goltara\\testeyau\\radioman-1\\node_modules\\@img\\sharp-linuxmusl-arm64'
204 silly reify ]
205 verbose reify failed optional dependency C:\Users\richard.goltara\testeyau\radioman-1\node_modules\@img\sharp-linux-x64
206 silly reify mark deleted [
206 silly reify   'C:\\Users\\richard.goltara\\testeyau\\radioman-1\\node_modules\\@img\\sharp-linux-x64'
206 silly reify ]
207 verbose reify failed optional dependency C:\Users\richard.goltara\testeyau\radioman-1\node_modules\@img\sharp-linux-s390x
208 silly reify mark deleted [
208 silly reify   'C:\\Users\\richard.goltara\\testeyau\\radioman-1\\node_modules\\@img\\sharp-linux-s390x'
208 silly reify ]
209 verbose reify failed optional dependency C:\Users\richard.goltara\testeyau\radioman-1\node_modules\@img\sharp-linux-arm64
210 silly reify mark deleted [
210 silly reify   'C:\\Users\\richard.goltara\\testeyau\\radioman-1\\node_modules\\@img\\sharp-linux-arm64'
210 silly reify ]
211 verbose reify failed optional dependency C:\Users\richard.goltara\testeyau\radioman-1\node_modules\@img\sharp-linux-arm
212 silly reify mark deleted [
212 silly reify   'C:\\Users\\richard.goltara\\testeyau\\radioman-1\\node_modules\\@img\\sharp-linux-arm'
212 silly reify ]
213 verbose reify failed optional dependency C:\Users\richard.goltara\testeyau\radioman-1\node_modules\@img\sharp-libvips-linuxmusl-x64
214 silly reify mark deleted [
214 silly reify   'C:\\Users\\richard.goltara\\testeyau\\radioman-1\\node_modules\\@img\\sharp-libvips-linuxmusl-x64'
214 silly reify ]
215 verbose reify failed optional dependency C:\Users\richard.goltara\testeyau\radioman-1\node_modules\@img\sharp-libvips-linuxmusl-arm64
216 silly reify mark deleted [
216 silly reify   'C:\\Users\\richard.goltara\\testeyau\\radioman-1\\node_modules\\@img\\sharp-libvips-linuxmusl-arm64'
216 silly reify ]
217 verbose reify failed optional dependency C:\Users\richard.goltara\testeyau\radioman-1\node_modules\@img\sharp-libvips-linux-x64
218 silly reify mark deleted [
218 silly reify   'C:\\Users\\richard.goltara\\testeyau\\radioman-1\\node_modules\\@img\\sharp-libvips-linux-x64'
218 silly reify ]
219 verbose reify failed optional dependency C:\Users\richard.goltara\testeyau\radioman-1\node_modules\@img\sharp-libvips-linux-s390x
220 silly reify mark deleted [
220 silly reify   'C:\\Users\\richard.goltara\\testeyau\\radioman-1\\node_modules\\@img\\sharp-libvips-linux-s390x'
220 silly reify ]
221 verbose reify failed optional dependency C:\Users\richard.goltara\testeyau\radioman-1\node_modules\@img\sharp-libvips-linux-arm64
222 silly reify mark deleted [
222 silly reify   'C:\\Users\\richard.goltara\\testeyau\\radioman-1\\node_modules\\@img\\sharp-libvips-linux-arm64'
222 silly reify ]
223 verbose reify failed optional dependency C:\Users\richard.goltara\testeyau\radioman-1\node_modules\@img\sharp-libvips-linux-arm
224 silly reify mark deleted [
224 silly reify   'C:\\Users\\richard.goltara\\testeyau\\radioman-1\\node_modules\\@img\\sharp-libvips-linux-arm'
224 silly reify ]
225 verbose reify failed optional dependency C:\Users\richard.goltara\testeyau\radioman-1\node_modules\@img\sharp-libvips-darwin-x64
226 silly reify mark deleted [
226 silly reify   'C:\\Users\\richard.goltara\\testeyau\\radioman-1\\node_modules\\@img\\sharp-libvips-darwin-x64'
226 silly reify ]
227 verbose reify failed optional dependency C:\Users\richard.goltara\testeyau\radioman-1\node_modules\@img\sharp-libvips-darwin-arm64
228 silly reify mark deleted [
228 silly reify   'C:\\Users\\richard.goltara\\testeyau\\radioman-1\\node_modules\\@img\\sharp-libvips-darwin-arm64'
228 silly reify ]
229 verbose reify failed optional dependency C:\Users\richard.goltara\testeyau\radioman-1\node_modules\@img\sharp-darwin-x64
230 silly reify mark deleted [
230 silly reify   'C:\\Users\\richard.goltara\\testeyau\\radioman-1\\node_modules\\@img\\sharp-darwin-x64'
230 silly reify ]
231 verbose reify failed optional dependency C:\Users\richard.goltara\testeyau\radioman-1\node_modules\@img\sharp-darwin-arm64
232 silly reify mark deleted [
232 silly reify   'C:\\Users\\richard.goltara\\testeyau\\radioman-1\\node_modules\\@img\\sharp-darwin-arm64'
232 silly reify ]
233 http cache memory-pager@https://registry.npmjs.org/memory-pager/-/memory-pager-1.5.0.tgz 0ms (cache hit)
234 http cache webidl-conversions@https://registry.npmjs.org/webidl-conversions/-/webidl-conversions-7.0.0.tgz 0ms (cache hit)
235 http cache tr46@https://registry.npmjs.org/tr46/-/tr46-5.1.0.tgz 0ms (cache hit)
236 http cache sift@https://registry.npmjs.org/sift/-/sift-17.1.3.tgz 0ms (cache hit)
237 http cache mquery@https://registry.npmjs.org/mquery/-/mquery-5.0.0.tgz 0ms (cache hit)
238 http cache kareem@https://registry.npmjs.org/kareem/-/kareem-2.6.3.tgz 0ms (cache hit)
239 http cache mpath@https://registry.npmjs.org/mpath/-/mpath-0.9.0.tgz 0ms (cache hit)
240 http cache whatwg-url@https://registry.npmjs.org/whatwg-url/-/whatwg-url-14.2.0.tgz 0ms (cache hit)
241 http cache @types/webidl-conversions@https://registry.npmjs.org/@types/webidl-conversions/-/webidl-conversions-7.0.3.tgz 0ms (cache hit)
242 http cache @types/whatwg-url@https://registry.npmjs.org/@types/whatwg-url/-/whatwg-url-11.0.5.tgz 0ms (cache hit)
243 http cache @mongodb-js/saslprep@https://registry.npmjs.org/@mongodb-js/saslprep/-/saslprep-1.2.2.tgz 0ms (cache hit)
244 http cache sparse-bitfield@https://registry.npmjs.org/sparse-bitfield/-/sparse-bitfield-3.0.3.tgz 0ms (cache hit)
245 http cache bson@https://registry.npmjs.org/bson/-/bson-6.10.3.tgz 0ms (cache hit)
246 http cache mongodb-connection-string-url@https://registry.npmjs.org/mongodb-connection-string-url/-/mongodb-connection-string-url-3.0.2.tgz 0ms (cache hit)
247 http cache mongoose@https://registry.npmjs.org/mongoose/-/mongoose-8.13.2.tgz 0ms (cache hit)
248 http cache mongodb@https://registry.npmjs.org/mongodb/-/mongodb-6.15.0.tgz 0ms (cache hit)
249 http cache @tybys/wasm-util@https://registry.npmjs.org/@tybys/wasm-util/-/wasm-util-0.9.0.tgz 0ms (cache hit)
250 http cache @napi-rs/wasm-runtime@https://registry.npmjs.org/@napi-rs/wasm-runtime/-/wasm-runtime-0.2.7.tgz 0ms (cache hit)
251 http cache @emnapi/wasi-threads@https://registry.npmjs.org/@emnapi/wasi-threads/-/wasi-threads-1.0.1.tgz 0ms (cache hit)
252 http cache @emnapi/core@https://registry.npmjs.org/@emnapi/core/-/core-1.4.0.tgz 0ms (cache hit)
253 silly tarball no local data for memory-pager@https://registry.npmjs.org/memory-pager/-/memory-pager-1.5.0.tgz. Extracting by manifest.
254 silly tarball no local data for webidl-conversions@https://registry.npmjs.org/webidl-conversions/-/webidl-conversions-7.0.0.tgz. Extracting by manifest.
255 silly tarball no local data for tr46@https://registry.npmjs.org/tr46/-/tr46-5.1.0.tgz. Extracting by manifest.
256 silly tarball no local data for sift@https://registry.npmjs.org/sift/-/sift-17.1.3.tgz. Extracting by manifest.
257 silly tarball no local data for mquery@https://registry.npmjs.org/mquery/-/mquery-5.0.0.tgz. Extracting by manifest.
258 silly tarball no local data for kareem@https://registry.npmjs.org/kareem/-/kareem-2.6.3.tgz. Extracting by manifest.
259 silly tarball no local data for mpath@https://registry.npmjs.org/mpath/-/mpath-0.9.0.tgz. Extracting by manifest.
260 silly tarball no local data for whatwg-url@https://registry.npmjs.org/whatwg-url/-/whatwg-url-14.2.0.tgz. Extracting by manifest.
261 silly tarball no local data for @types/webidl-conversions@https://registry.npmjs.org/@types/webidl-conversions/-/webidl-conversions-7.0.3.tgz. Extracting by manifest.
262 silly tarball no local data for @types/whatwg-url@https://registry.npmjs.org/@types/whatwg-url/-/whatwg-url-11.0.5.tgz. Extracting by manifest.
263 silly tarball no local data for @mongodb-js/saslprep@https://registry.npmjs.org/@mongodb-js/saslprep/-/saslprep-1.2.2.tgz. Extracting by manifest.
264 silly tarball no local data for sparse-bitfield@https://registry.npmjs.org/sparse-bitfield/-/sparse-bitfield-3.0.3.tgz. Extracting by manifest.
265 silly tarball no local data for bson@https://registry.npmjs.org/bson/-/bson-6.10.3.tgz. Extracting by manifest.
266 silly tarball no local data for mongodb-connection-string-url@https://registry.npmjs.org/mongodb-connection-string-url/-/mongodb-connection-string-url-3.0.2.tgz. Extracting by manifest.
267 silly tarball no local data for mongoose@https://registry.npmjs.org/mongoose/-/mongoose-8.13.2.tgz. Extracting by manifest.
268 silly tarball no local data for mongodb@https://registry.npmjs.org/mongodb/-/mongodb-6.15.0.tgz. Extracting by manifest.
269 http fetch POST 200 https://registry.npmjs.org/-/npm/v1/security/advisories/bulk 253ms
270 silly audit report {}
271 http fetch GET 200 https://registry.npmjs.org/memory-pager/-/memory-pager-1.5.0.tgz 247ms (cache miss)
272 http fetch GET 200 https://registry.npmjs.org/webidl-conversions/-/webidl-conversions-7.0.0.tgz 258ms (cache miss)
273 http fetch GET 200 https://registry.npmjs.org/@types/webidl-conversions/-/webidl-conversions-7.0.3.tgz 280ms (cache miss)
274 http fetch GET 200 https://registry.npmjs.org/sparse-bitfield/-/sparse-bitfield-3.0.3.tgz 294ms (cache miss)
275 http fetch GET 200 https://registry.npmjs.org/kareem/-/kareem-2.6.3.tgz 338ms (cache miss)
276 http fetch GET 200 https://registry.npmjs.org/@types/whatwg-url/-/whatwg-url-11.0.5.tgz 339ms (cache miss)
277 http fetch GET 200 https://registry.npmjs.org/tr46/-/tr46-5.1.0.tgz 349ms (cache miss)
278 http fetch GET 200 https://registry.npmjs.org/mongodb-connection-string-url/-/mongodb-connection-string-url-3.0.2.tgz 352ms (cache miss)
279 http fetch GET 200 https://registry.npmjs.org/mpath/-/mpath-0.9.0.tgz 373ms (cache miss)
280 http fetch GET 200 https://registry.npmjs.org/mquery/-/mquery-5.0.0.tgz 417ms (cache miss)
281 http fetch GET 200 https://registry.npmjs.org/whatwg-url/-/whatwg-url-14.2.0.tgz 422ms (cache miss)
282 http fetch GET 200 https://registry.npmjs.org/sift/-/sift-17.1.3.tgz 454ms (cache miss)
283 http fetch GET 200 https://registry.npmjs.org/@mongodb-js/saslprep/-/saslprep-1.2.2.tgz 512ms (cache miss)
284 http fetch GET 200 https://registry.npmjs.org/bson/-/bson-6.10.3.tgz 699ms (cache miss)
285 http fetch GET 200 https://registry.npmjs.org/mongoose/-/mongoose-8.13.2.tgz 1044ms (cache miss)
286 http fetch GET 200 https://registry.npmjs.org/mongodb/-/mongodb-6.15.0.tgz 1222ms (cache miss)
287 silly ADD node_modules/webidl-conversions
288 silly ADD node_modules/tr46
289 silly ADD node_modules/memory-pager
290 silly ADD node_modules/sift
291 silly ADD node_modules/mquery
292 silly ADD node_modules/mpath
293 silly ADD node_modules/kareem
294 silly ADD node_modules/@types/webidl-conversions
295 silly ADD node_modules/whatwg-url
296 silly ADD node_modules/@types/whatwg-url
297 silly ADD node_modules/sparse-bitfield
298 silly ADD node_modules/mongodb-connection-string-url
299 silly ADD node_modules/bson
300 silly ADD node_modules/@mongodb-js/saslprep
301 silly ADD node_modules/mongoose
302 silly ADD node_modules/mongodb
303 silly ADD
304 silly ADD
305 silly ADD
306 silly ADD
307 silly ADD
308 silly ADD
309 silly ADD
310 silly ADD
311 silly ADD
312 silly ADD
313 silly ADD
314 silly ADD
315 silly ADD
316 silly ADD
317 silly ADD
318 silly ADD
319 silly ADD
320 silly ADD
321 silly ADD
322 silly ADD
323 silly ADD
324 silly ADD
325 silly ADD
326 silly ADD
327 silly ADD
328 silly ADD
329 silly ADD
330 silly ADD
331 silly ADD
332 silly ADD
333 silly ADD
334 silly ADD
335 silly ADD
336 silly ADD
337 silly ADD
338 silly ADD
339 silly ADD
340 silly ADD
341 silly ADD
342 silly ADD
343 silly ADD
344 silly ADD
345 silly ADD
346 silly ADD
347 silly ADD
348 silly ADD
349 silly ADD
350 silly ADD
351 silly ADD
352 silly ADD
353 silly ADD
354 silly ADD
355 verbose cwd C:\Users\richard.goltara\testeyau\radioman-1
356 verbose os Windows_NT 10.0.19045
357 verbose node v20.19.0
358 verbose npm  v11.2.0
359 verbose exit 0
360 info ok
