0 verbose cli C:\Program Files\Nodejs\node.exe C:\Users\richard.goltara\AppData\Roaming\npm\node_modules\npm\bin\npm-cli.js
1 info using npm@11.2.0
2 info using node@v20.19.0
3 silly config load:file:C:\Users\richard.goltara\AppData\Roaming\npm\node_modules\npm\npmrc
4 silly config load:file:C:\Users\richard.goltara\AppData\Local\Microsoft\TypeScript\5.8\.npmrc
5 silly config load:file:C:\Users\richard.goltara\.npmrc
6 silly config load:file:C:\Users\richard.goltara\AppData\Roaming\npm\etc\npmrc
7 verbose title npm install @types/crypto-js@ts5.8 @types/jsonwebtoken@ts5.8 @types/prop-types@ts5.8 @types/react@ts5.8 @types/react-dom@ts5.8
8 verbose argv "install" "--ignore-scripts" "@types/crypto-js@ts5.8" "@types/jsonwebtoken@ts5.8" "@types/prop-types@ts5.8" "@types/react@ts5.8" "@types/react-dom@ts5.8" "--save-dev" "--user-agent" "typesInstaller/5.8.2"
9 verbose logfile logs-max:10 dir:C:\Users\richard.goltara\testeyau\radioman-1\.npm-cache\_logs\2025-06-16T10_32_35_358Z-
10 verbose logfile C:\Users\richard.goltara\testeyau\radioman-1\.npm-cache\_logs\2025-06-16T10_32_35_358Z-debug-0.log
11 silly logfile start cleaning logs, removing 1 files
12 silly packumentCache heap:2197815296 maxSize:549453824 maxEntrySize:274726912
13 silly packumentCache corgi:https://registry.npmjs.org/@types%2fcrypto-js cache-miss
14 silly packumentCache corgi:https://registry.npmjs.org/@types%2fjsonwebtoken cache-miss
15 silly packumentCache corgi:https://registry.npmjs.org/@types%2fprop-types cache-miss
16 silly packumentCache corgi:https://registry.npmjs.org/@types%2freact cache-miss
17 silly packumentCache corgi:https://registry.npmjs.org/@types%2freact-dom cache-miss
18 silly logfile done cleaning log files
19 http fetch GET 200 https://registry.npmjs.org/@types%2fcrypto-js 506ms (cache revalidated)
20 silly packumentCache corgi:https://registry.npmjs.org/@types%2fcrypto-js set size:32509 disposed:false
21 http fetch GET 200 https://registry.npmjs.org/@types%2fprop-types 593ms (cache updated)
22 silly packumentCache corgi:https://registry.npmjs.org/@types%2fprop-types set size:undefined disposed:false
23 http fetch GET 200 https://registry.npmjs.org/@types%2fjsonwebtoken 607ms (cache updated)
24 silly packumentCache corgi:https://registry.npmjs.org/@types%2fjsonwebtoken set size:undefined disposed:false
25 http fetch GET 200 https://registry.npmjs.org/@types%2freact-dom 658ms (cache updated)
26 silly packumentCache corgi:https://registry.npmjs.org/@types%2freact-dom set size:undefined disposed:false
27 http fetch GET 200 https://registry.npmjs.org/@types%2freact 723ms (cache updated)
28 silly packumentCache corgi:https://registry.npmjs.org/@types%2freact set size:undefined disposed:false
29 silly idealTree buildDeps
30 silly fetch manifest @types/crypto-js@4.2.2
31 silly packumentCache full:https://registry.npmjs.org/@types%2fcrypto-js cache-miss
32 http fetch GET 200 https://registry.npmjs.org/@types%2fcrypto-js 85ms (cache revalidated)
33 silly packumentCache full:https://registry.npmjs.org/@types%2fcrypto-js set size:68813 disposed:false
34 silly fetch manifest @types/jsonwebtoken@9.0.10
35 silly packumentCache full:https://registry.npmjs.org/@types%2fjsonwebtoken cache-miss
36 http fetch GET 200 https://registry.npmjs.org/@types%2fjsonwebtoken 150ms (cache updated)
37 silly packumentCache full:https://registry.npmjs.org/@types%2fjsonwebtoken set size:undefined disposed:false
38 silly fetch manifest @types/prop-types@15.7.15
39 silly packumentCache full:https://registry.npmjs.org/@types%2fprop-types cache-miss
40 http fetch GET 200 https://registry.npmjs.org/@types%2fprop-types 129ms (cache updated)
41 silly packumentCache full:https://registry.npmjs.org/@types%2fprop-types set size:undefined disposed:false
42 silly fetch manifest @types/react@19.1.8
43 silly packumentCache full:https://registry.npmjs.org/@types%2freact cache-miss
44 http fetch GET 200 https://registry.npmjs.org/@types%2freact 212ms (cache updated)
45 silly packumentCache full:https://registry.npmjs.org/@types%2freact set size:undefined disposed:false
46 silly fetch manifest @types/react-dom@19.1.6
47 silly packumentCache full:https://registry.npmjs.org/@types%2freact-dom cache-miss
48 http fetch GET 200 https://registry.npmjs.org/@types%2freact-dom 94ms (cache updated)
49 silly packumentCache full:https://registry.npmjs.org/@types%2freact-dom set size:undefined disposed:false
50 silly placeDep ROOT @types/crypto-js@4.2.2 REPLACE for:  want: 4.2.2
51 silly placeDep ROOT @types/jsonwebtoken@9.0.10 REPLACE for:  want: 9.0.10
52 silly placeDep ROOT @types/prop-types@15.7.15 REPLACE for:  want: 15.7.15
53 silly placeDep ROOT @types/react@19.1.8 REPLACE for:  want: 19.1.8
54 silly placeDep ROOT @types/react-dom@19.1.6 REPLACE for:  want: 19.1.6
55 silly reify mark retired [
55 silly reify   'C:\\Users\\richard.goltara\\AppData\\Local\\Microsoft\\TypeScript\\5.8\\node_modules\\@types\\jsonwebtoken'
55 silly reify ]
56 silly reify mark retired [
56 silly reify   'C:\\Users\\richard.goltara\\AppData\\Local\\Microsoft\\TypeScript\\5.8\\node_modules\\@types\\prop-types'
56 silly reify ]
57 silly reify mark retired [
57 silly reify   'C:\\Users\\richard.goltara\\AppData\\Local\\Microsoft\\TypeScript\\5.8\\node_modules\\@types\\react'
57 silly reify ]
58 silly reify mark retired [
58 silly reify   'C:\\Users\\richard.goltara\\AppData\\Local\\Microsoft\\TypeScript\\5.8\\node_modules\\@types\\react-dom'
58 silly reify ]
59 silly reify moves {
59 silly reify   'C:\\Users\\richard.goltara\\AppData\\Local\\Microsoft\\TypeScript\\5.8\\node_modules\\@types\\jsonwebtoken': 'C:\\Users\\richard.goltara\\AppData\\Local\\Microsoft\\TypeScript\\5.8\\node_modules\\@types\\.jsonwebtoken-to5rw2Vp',
59 silly reify   'C:\\Users\\richard.goltara\\AppData\\Local\\Microsoft\\TypeScript\\5.8\\node_modules\\@types\\prop-types': 'C:\\Users\\richard.goltara\\AppData\\Local\\Microsoft\\TypeScript\\5.8\\node_modules\\@types\\.prop-types-2m5P9hXQ',
59 silly reify   'C:\\Users\\richard.goltara\\AppData\\Local\\Microsoft\\TypeScript\\5.8\\node_modules\\@types\\react': 'C:\\Users\\richard.goltara\\AppData\\Local\\Microsoft\\TypeScript\\5.8\\node_modules\\@types\\.react-Mgb7VDia',
59 silly reify   'C:\\Users\\richard.goltara\\AppData\\Local\\Microsoft\\TypeScript\\5.8\\node_modules\\@types\\react-dom': 'C:\\Users\\richard.goltara\\AppData\\Local\\Microsoft\\TypeScript\\5.8\\node_modules\\@types\\.react-dom-pzXoBQov'
59 silly reify }
60 silly audit bulk request {
60 silly audit   '@types/brace-expansion': [ '1.1.2' ],
60 silly audit   '@types/debug': [ '4.1.12' ],
60 silly audit   '@types/estree': [ '1.0.7' ],
60 silly audit   '@types/json-schema': [ '7.0.15' ],
60 silly audit   '@types/ms': [ '2.1.0' ],
60 silly audit   '@types/node': [ '22.13.13' ],
60 silly audit   '@types/object-assign': [ '4.0.33' ],
60 silly audit   '@types/object.entries': [ '1.1.1' ],
60 silly audit   '@types/object.fromentries': [ '2.0.4' ],
60 silly audit   '@types/page': [ '1.11.9' ],
60 silly audit   '@types/react-is': [ '19.0.0' ],
60 silly audit   csstype: [ '3.1.3' ],
60 silly audit   'types-registry': [ '0.1.725' ],
60 silly audit   'undici-types': [ '6.20.0' ],
60 silly audit   '@types/crypto-js': [ '4.2.2' ],
60 silly audit   '@types/jsonwebtoken': [ '9.0.10' ],
60 silly audit   '@types/prop-types': [ '15.7.15' ],
60 silly audit   '@types/react': [ '19.1.8' ],
60 silly audit   '@types/react-dom': [ '19.1.6' ]
60 silly audit }
61 http cache @types/react-dom@https://registry.npmjs.org/@types/react-dom/-/react-dom-19.1.6.tgz 0ms (cache hit)
62 http cache @types/react@https://registry.npmjs.org/@types/react/-/react-19.1.8.tgz 0ms (cache hit)
63 http cache @types/prop-types@https://registry.npmjs.org/@types/prop-types/-/prop-types-15.7.15.tgz 0ms (cache hit)
64 http cache @types/jsonwebtoken@https://registry.npmjs.org/@types/jsonwebtoken/-/jsonwebtoken-9.0.10.tgz 0ms (cache hit)
65 silly tarball no local data for @types/react-dom@https://registry.npmjs.org/@types/react-dom/-/react-dom-19.1.6.tgz. Extracting by manifest.
66 silly tarball no local data for @types/react@https://registry.npmjs.org/@types/react/-/react-19.1.8.tgz. Extracting by manifest.
67 silly tarball no local data for @types/prop-types@https://registry.npmjs.org/@types/prop-types/-/prop-types-15.7.15.tgz. Extracting by manifest.
68 silly tarball no local data for @types/jsonwebtoken@https://registry.npmjs.org/@types/jsonwebtoken/-/jsonwebtoken-9.0.10.tgz. Extracting by manifest.
69 http fetch GET 200 https://registry.npmjs.org/@types/prop-types/-/prop-types-15.7.15.tgz 106ms (cache miss)
70 http fetch GET 200 https://registry.npmjs.org/@types/jsonwebtoken/-/jsonwebtoken-9.0.10.tgz 107ms (cache miss)
71 http fetch GET 200 https://registry.npmjs.org/@types/react-dom/-/react-dom-19.1.6.tgz 162ms (cache miss)
72 http fetch POST 200 https://registry.npmjs.org/-/npm/v1/security/advisories/bulk 206ms
73 silly audit report {}
74 http fetch GET 200 https://registry.npmjs.org/@types/react/-/react-19.1.8.tgz 234ms (cache miss)
75 silly CHANGE node_modules/@types/react-dom
76 silly CHANGE node_modules/@types/react
77 silly CHANGE node_modules/@types/prop-types
78 silly CHANGE node_modules/@types/jsonwebtoken
79 verbose cwd C:\Users\richard.goltara\AppData\Local\Microsoft\TypeScript\5.8
80 verbose os Windows_NT 10.0.19045
81 verbose node v20.19.0
82 verbose npm  v11.2.0
83 verbose exit 0
84 info ok
