0 verbose cli C:\Program Files\Nodejs\node.exe C:\Users\richard.goltara\AppData\Roaming\npm\node_modules\npm\bin\npm-cli.js
1 info using npm@11.2.0
2 info using node@v20.19.0
3 silly config load:file:C:\Users\richard.goltara\AppData\Roaming\npm\node_modules\npm\npmrc
4 silly config load:file:C:\Users\richard.goltara\AppData\Local\Microsoft\TypeScript\5.8\.npmrc
5 silly config load:file:C:\Users\richard.goltara\.npmrc
6 silly config load:file:C:\Users\richard.goltara\AppData\Roaming\npm\etc\npmrc
7 verbose title npm install types-registry@latest
8 verbose argv "install" "--ignore-scripts" "types-registry@latest"
9 verbose logfile logs-max:10 dir:C:\Users\richard.goltara\testeyau\radioman-1\.npm-cache\_logs\2025-07-03T13_09_21_805Z-
10 verbose logfile C:\Users\richard.goltara\testeyau\radioman-1\.npm-cache\_logs\2025-07-03T13_09_21_805Z-debug-0.log
11 silly logfile start cleaning logs, removing 1 files
12 silly packumentCache heap:2197815296 maxSize:549453824 maxEntrySize:274726912
13 silly logfile done cleaning log files
14 silly packumentCache corgi:https://registry.npmjs.org/types-registry cache-miss
15 http fetch GET 200 https://registry.npmjs.org/types-registry 289ms (cache revalidated)
16 silly packumentCache corgi:https://registry.npmjs.org/types-registry set size:601972 disposed:false
17 silly idealTree buildDeps
18 silly fetch manifest types-registry@0.1.727
19 silly packumentCache full:https://registry.npmjs.org/types-registry cache-miss
20 http fetch GET 200 https://registry.npmjs.org/types-registry 54ms (cache revalidated)
21 silly packumentCache full:https://registry.npmjs.org/types-registry set size:1278580 disposed:false
22 silly placeDep ROOT types-registry@0.1.727 REPLACE for:  want: 0.1.727
23 silly reify moves {}
24 silly audit bulk request {
24 silly audit   '@types/brace-expansion': [ '1.1.2' ],
24 silly audit   '@types/crypto-js': [ '4.2.2' ],
24 silly audit   '@types/debug': [ '4.1.12' ],
24 silly audit   '@types/estree': [ '1.0.7' ],
24 silly audit   '@types/json-schema': [ '7.0.15' ],
24 silly audit   '@types/jsonwebtoken': [ '9.0.10' ],
24 silly audit   '@types/ms': [ '2.1.0' ],
24 silly audit   '@types/node': [ '22.13.13' ],
24 silly audit   '@types/object-assign': [ '4.0.33' ],
24 silly audit   '@types/object.entries': [ '1.1.1' ],
24 silly audit   '@types/object.fromentries': [ '2.0.4' ],
24 silly audit   '@types/page': [ '1.11.9' ],
24 silly audit   '@types/prop-types': [ '15.7.15' ],
24 silly audit   '@types/react': [ '19.1.8' ],
24 silly audit   '@types/react-dom': [ '19.1.6' ],
24 silly audit   '@types/react-is': [ '19.0.0' ],
24 silly audit   csstype: [ '3.1.3' ],
24 silly audit   'undici-types': [ '6.20.0' ],
24 silly audit   'types-registry': [ '0.1.727' ]
24 silly audit }
25 http fetch POST 200 https://registry.npmjs.org/-/npm/v1/security/advisories/bulk 226ms
26 silly audit report {}
27 verbose cwd C:\Users\richard.goltara\AppData\Local\Microsoft\TypeScript\5.8
28 verbose os Windows_NT 10.0.19045
29 verbose node v20.19.0
30 verbose npm  v11.2.0
31 verbose exit 0
32 info ok
