0 verbose cli C:\Program Files\nodejs\node.exe C:\Users\richard.goltara\AppData\Roaming\npm\node_modules\npm\bin\npm-cli.js
1 info using npm@11.2.0
2 info using node@v22.14.0
3 silly config load:file:C:\Users\richard.goltara\AppData\Roaming\npm\node_modules\npm\npmrc
4 silly config load:file:C:\Users\richard.goltara\testeyau\radioman-1\.npmrc
5 silly config load:file:C:\Users\richard.goltara\.npmrc
6 silly config load:file:C:\Users\richard.goltara\AppData\Roaming\npm\etc\npmrc
7 verbose title npm exec run build
8 verbose argv "exec" "--" "run" "build"
9 verbose logfile logs-max:10 dir:C:\Users\richard.goltara\testeyau\radioman-1\.npm-cache\_logs\2025-03-28T12_17_52_360Z-
10 verbose logfile C:\Users\richard.goltara\testeyau\radioman-1\.npm-cache\_logs\2025-03-28T12_17_52_360Z-debug-0.log
11 silly logfile start cleaning logs, removing 1 files
12 silly logfile done cleaning log files
13 silly packumentCache heap:2197815296 maxSize:549453824 maxEntrySize:274726912
14 http fetch GET 200 https://registry.npmjs.org/run 181ms (cache miss)
15 silly packumentCache heap:2197815296 maxSize:549453824 maxEntrySize:274726912
16 silly packumentCache heap:2197815296 maxSize:549453824 maxEntrySize:274726912
17 silly idealTree buildDeps
18 silly fetch manifest run@1.5.0
19 silly packumentCache full:https://registry.npmjs.org/run cache-miss
20 http fetch GET 200 https://registry.npmjs.org/run 83ms (cache miss)
21 silly packumentCache full:https://registry.npmjs.org/run set size:undefined disposed:false
22 silly placeDep ROOT run@1.5.0 OK for:  want: 1.5.0
23 silly fetch manifest minimatch@*
24 silly packumentCache full:https://registry.npmjs.org/minimatch cache-miss
25 http cache https://registry.npmjs.org/minimatch 17ms (cache hit)
26 silly packumentCache full:https://registry.npmjs.org/minimatch set size:398328 disposed:false
27 silly placeDep ROOT minimatch@10.0.1 OK for: run@1.5.0 want: *
28 silly fetch manifest brace-expansion@^2.0.1
29 silly packumentCache full:https://registry.npmjs.org/brace-expansion cache-miss
30 http cache https://registry.npmjs.org/brace-expansion 7ms (cache hit)
31 silly packumentCache full:https://registry.npmjs.org/brace-expansion set size:42345 disposed:false
32 silly placeDep ROOT brace-expansion@2.0.1 OK for: minimatch@10.0.1 want: ^2.0.1
33 silly fetch manifest balanced-match@^1.0.0
34 silly packumentCache full:https://registry.npmjs.org/balanced-match cache-miss
35 http cache https://registry.npmjs.org/balanced-match 8ms (cache hit)
36 silly packumentCache full:https://registry.npmjs.org/balanced-match set size:33860 disposed:false
37 silly placeDep ROOT balanced-match@1.0.2 OK for: brace-expansion@2.0.1 want: ^1.0.0
38 silly reify moves {}
39 silly audit bulk request {
39 silly audit   run: [ '1.5.0' ],
39 silly audit   minimatch: [ '10.0.1' ],
39 silly audit   'brace-expansion': [ '2.0.1' ],
39 silly audit   'balanced-match': [ '1.0.2' ]
39 silly audit }
40 http cache balanced-match@https://registry.npmjs.org/balanced-match/-/balanced-match-1.0.2.tgz 0ms (cache hit)
41 http cache brace-expansion@https://registry.npmjs.org/brace-expansion/-/brace-expansion-2.0.1.tgz 0ms (cache hit)
42 http cache minimatch@https://registry.npmjs.org/minimatch/-/minimatch-10.0.1.tgz 0ms (cache hit)
43 http cache run@https://registry.npmjs.org/run/-/run-1.5.0.tgz 0ms (cache hit)
44 silly tarball no local data for minimatch@https://registry.npmjs.org/minimatch/-/minimatch-10.0.1.tgz. Extracting by manifest.
45 silly tarball no local data for run@https://registry.npmjs.org/run/-/run-1.5.0.tgz. Extracting by manifest.
46 http fetch GET 200 https://registry.npmjs.org/run/-/run-1.5.0.tgz 110ms (cache miss)
47 http fetch GET 200 https://registry.npmjs.org/minimatch/-/minimatch-10.0.1.tgz 164ms (cache miss)
48 http fetch POST 200 https://registry.npmjs.org/-/npm/v1/security/advisories/bulk 207ms
49 silly audit report {}
50 verbose cwd C:\Users\richard.goltara\testeyau\radioman-1
51 verbose os Windows_NT 10.0.19045
52 verbose node v22.14.0
53 verbose npm  v11.2.0
54 verbose exit 0
55 info ok
