0 verbose cli C:\Program Files\Nodejs\node.exe C:\Users\richard.goltara\AppData\Roaming\npm\node_modules\npm\bin\npm-cli.js
1 info using npm@11.2.0
2 info using node@v20.19.0
3 silly config load:file:C:\Users\richard.goltara\AppData\Roaming\npm\node_modules\npm\npmrc
4 silly config load:file:C:\Users\richard.goltara\testeyau\radioman-1\.npmrc
5 silly config load:file:C:\Users\richard.goltara\.npmrc
6 silly config load:file:C:\Users\richard.goltara\AppData\Roaming\npm\etc\npmrc
7 verbose title npm install micro
8 verbose argv "install" "micro"
9 verbose logfile logs-max:10 dir:C:\Users\richard.goltara\testeyau\radioman-1\.npm-cache\_logs\2025-07-02T12_48_20_536Z-
10 verbose logfile C:\Users\richard.goltara\testeyau\radioman-1\.npm-cache\_logs\2025-07-02T12_48_20_536Z-debug-0.log
11 silly logfile start cleaning logs, removing 1 files
12 silly packumentCache heap:2197815296 maxSize:549453824 maxEntrySize:274726912
13 silly logfile done cleaning log files
14 silly idealTree buildDeps
15 silly fetch manifest micro@*
16 silly packumentCache full:https://registry.npmjs.org/micro cache-miss
17 http fetch GET 200 https://registry.npmjs.org/micro 288ms (cache miss)
18 silly packumentCache full:https://registry.npmjs.org/micro set size:undefined disposed:false
19 silly placeDep ROOT micro@10.0.1 OK for: papyo2@0.1.0 want: *
20 silly fetch manifest arg@4.1.0
21 silly packumentCache full:https://registry.npmjs.org/arg cache-miss
22 silly fetch manifest raw-body@2.4.1
23 silly packumentCache full:https://registry.npmjs.org/raw-body cache-miss
24 silly fetch manifest content-type@1.0.4
25 silly packumentCache full:https://registry.npmjs.org/content-type cache-miss
26 http fetch GET 200 https://registry.npmjs.org/arg 62ms (cache miss)
27 silly packumentCache full:https://registry.npmjs.org/arg set size:undefined disposed:false
28 http fetch GET 200 https://registry.npmjs.org/raw-body 66ms (cache miss)
29 silly packumentCache full:https://registry.npmjs.org/raw-body set size:undefined disposed:false
30 http fetch GET 200 https://registry.npmjs.org/content-type 73ms (cache miss)
31 silly packumentCache full:https://registry.npmjs.org/content-type set size:undefined disposed:false
32 silly placeDep ROOT arg@4.1.0 OK for: micro@10.0.1 want: 4.1.0
33 silly placeDep ROOT content-type@1.0.4 OK for: micro@10.0.1 want: 1.0.4
34 silly placeDep ROOT raw-body@2.4.1 OK for: micro@10.0.1 want: 2.4.1
35 silly fetch manifest bytes@3.1.0
36 silly packumentCache full:https://registry.npmjs.org/bytes cache-miss
37 silly fetch manifest unpipe@1.0.0
38 silly packumentCache full:https://registry.npmjs.org/unpipe cache-miss
39 silly fetch manifest iconv-lite@0.4.24
40 silly packumentCache full:https://registry.npmjs.org/iconv-lite cache-miss
41 silly fetch manifest http-errors@1.7.3
42 silly packumentCache full:https://registry.npmjs.org/http-errors cache-miss
43 http fetch GET 200 https://registry.npmjs.org/bytes 38ms (cache miss)
44 silly packumentCache full:https://registry.npmjs.org/bytes set size:undefined disposed:false
45 http fetch GET 200 https://registry.npmjs.org/iconv-lite 42ms (cache miss)
46 silly packumentCache full:https://registry.npmjs.org/iconv-lite set size:undefined disposed:false
47 http fetch GET 200 https://registry.npmjs.org/http-errors 52ms (cache miss)
48 silly packumentCache full:https://registry.npmjs.org/http-errors set size:undefined disposed:false
49 http fetch GET 200 https://registry.npmjs.org/unpipe 62ms (cache miss)
50 silly packumentCache full:https://registry.npmjs.org/unpipe set size:undefined disposed:false
51 silly placeDep ROOT bytes@3.1.0 OK for: raw-body@2.4.1 want: 3.1.0
52 silly placeDep ROOT http-errors@1.7.3 OK for: raw-body@2.4.1 want: 1.7.3
53 silly placeDep ROOT iconv-lite@0.4.24 OK for: raw-body@2.4.1 want: 0.4.24
54 silly placeDep ROOT unpipe@1.0.0 OK for: raw-body@2.4.1 want: 1.0.0
55 silly fetch manifest depd@~1.1.2
56 silly packumentCache full:https://registry.npmjs.org/depd cache-miss
57 silly fetch manifest statuses@>= 1.5.0 < 2
58 silly packumentCache full:https://registry.npmjs.org/statuses cache-miss
59 silly fetch manifest toidentifier@1.0.0
60 silly packumentCache full:https://registry.npmjs.org/toidentifier cache-miss
61 silly fetch manifest setprototypeof@1.1.1
62 silly packumentCache full:https://registry.npmjs.org/setprototypeof cache-miss
63 silly fetch manifest safer-buffer@>= 2.1.2 < 3
64 silly packumentCache full:https://registry.npmjs.org/safer-buffer cache-miss
65 http fetch GET 200 https://registry.npmjs.org/depd 40ms (cache miss)
66 silly packumentCache full:https://registry.npmjs.org/depd set size:undefined disposed:false
67 http fetch GET 200 https://registry.npmjs.org/toidentifier 42ms (cache miss)
68 silly packumentCache full:https://registry.npmjs.org/toidentifier set size:undefined disposed:false
69 http fetch GET 200 https://registry.npmjs.org/statuses 47ms (cache miss)
70 silly packumentCache full:https://registry.npmjs.org/statuses set size:undefined disposed:false
71 http fetch GET 200 https://registry.npmjs.org/setprototypeof 51ms (cache miss)
72 silly packumentCache full:https://registry.npmjs.org/setprototypeof set size:undefined disposed:false
73 http fetch GET 200 https://registry.npmjs.org/safer-buffer 87ms (cache miss)
74 silly packumentCache full:https://registry.npmjs.org/safer-buffer set size:undefined disposed:false
75 silly placeDep ROOT depd@1.1.2 OK for: http-errors@1.7.3 want: ~1.1.2
76 silly placeDep ROOT setprototypeof@1.1.1 OK for: http-errors@1.7.3 want: 1.1.1
77 silly placeDep ROOT statuses@1.5.0 OK for: http-errors@1.7.3 want: >= 1.5.0 < 2
78 silly placeDep ROOT toidentifier@1.0.0 OK for: http-errors@1.7.3 want: 1.0.0
79 silly placeDep ROOT safer-buffer@2.1.2 OK for: iconv-lite@0.4.24 want: >= 2.1.2 < 3
80 silly reify moves {}
81 silly audit bulk request {
81 silly audit   '@babel/code-frame': [ '7.27.1' ],
81 silly audit   '@babel/helper-validator-identifier': [ '7.27.1' ],
81 silly audit   '@clerk/backend': [ '2.3.1' ],
81 silly audit   '@clerk/clerk-react': [ '5.32.3' ],
81 silly audit   '@clerk/nextjs': [ '6.23.2' ],
81 silly audit   '@clerk/shared': [ '3.10.1' ],
81 silly audit   '@clerk/types': [ '4.62.1' ],
81 silly audit   '@emnapi/core': [ '1.4.3' ],
81 silly audit   '@emnapi/runtime': [ '1.4.3' ],
81 silly audit   '@emnapi/wasi-threads': [ '1.0.2' ],
81 silly audit   '@eslint-community/eslint-utils': [ '4.7.0' ],
81 silly audit   '@eslint-community/regexpp': [ '4.12.1' ],
81 silly audit   '@eslint/eslintrc': [ '2.1.4' ],
81 silly audit   'brace-expansion': [ '1.1.12', '2.0.2' ],
81 silly audit   globals: [ '13.24.0', '16.3.0' ],
81 silly audit   minimatch: [ '3.1.2', '9.0.5' ],
81 silly audit   'type-fest': [ '0.20.2', '4.41.0' ],
81 silly audit   '@eslint/js': [ '8.57.1' ],
81 silly audit   '@heroicons/react': [ '2.2.0' ],
81 silly audit   '@humanwhocodes/config-array': [ '0.13.0' ],
81 silly audit   '@humanwhocodes/module-importer': [ '1.0.1' ],
81 silly audit   '@humanwhocodes/object-schema': [ '2.0.3' ],
81 silly audit   '@img/sharp-darwin-arm64': [ '0.34.2' ],
81 silly audit   '@img/sharp-darwin-x64': [ '0.34.2' ],
81 silly audit   '@img/sharp-libvips-darwin-arm64': [ '1.1.0' ],
81 silly audit   '@img/sharp-libvips-darwin-x64': [ '1.1.0' ],
81 silly audit   '@img/sharp-libvips-linux-arm': [ '1.1.0' ],
81 silly audit   '@img/sharp-libvips-linux-arm64': [ '1.1.0' ],
81 silly audit   '@img/sharp-libvips-linux-ppc64': [ '1.1.0' ],
81 silly audit   '@img/sharp-libvips-linux-s390x': [ '1.1.0' ],
81 silly audit   '@img/sharp-libvips-linux-x64': [ '1.1.0' ],
81 silly audit   '@img/sharp-libvips-linuxmusl-arm64': [ '1.1.0' ],
81 silly audit   '@img/sharp-libvips-linuxmusl-x64': [ '1.1.0' ],
81 silly audit   '@img/sharp-linux-arm': [ '0.34.2' ],
81 silly audit   '@img/sharp-linux-arm64': [ '0.34.2' ],
81 silly audit   '@img/sharp-linux-s390x': [ '0.34.2' ],
81 silly audit   '@img/sharp-linux-x64': [ '0.34.2' ],
81 silly audit   '@img/sharp-linuxmusl-arm64': [ '0.34.2' ],
81 silly audit   '@img/sharp-linuxmusl-x64': [ '0.34.2' ],
81 silly audit   '@img/sharp-wasm32': [ '0.34.2' ],
81 silly audit   '@img/sharp-win32-arm64': [ '0.34.2' ],
81 silly audit   '@img/sharp-win32-ia32': [ '0.34.2' ],
81 silly audit   '@img/sharp-win32-x64': [ '0.34.2' ],
81 silly audit   '@mongodb-js/saslprep': [ '1.3.0' ],
81 silly audit   '@napi-rs/wasm-runtime': [ '0.2.11' ],
81 silly audit   '@next/env': [ '15.3.4' ],
81 silly audit   '@next/eslint-plugin-next': [ '15.3.4' ],
81 silly audit   '@next/swc-darwin-arm64': [ '15.3.4' ],
81 silly audit   '@next/swc-darwin-x64': [ '15.3.4' ],
81 silly audit   '@next/swc-linux-arm64-gnu': [ '15.3.4' ],
81 silly audit   '@next/swc-linux-arm64-musl': [ '15.3.4' ],
81 silly audit   '@next/swc-linux-x64-gnu': [ '15.3.4' ],
81 silly audit   '@next/swc-linux-x64-musl': [ '15.3.4' ],
81 silly audit   '@next/swc-win32-arm64-msvc': [ '15.3.4' ],
81 silly audit   '@next/swc-win32-x64-msvc': [ '15.3.4' ],
81 silly audit   '@nodelib/fs.scandir': [ '2.1.5' ],
81 silly audit   '@nodelib/fs.stat': [ '2.0.5' ],
81 silly audit   '@nodelib/fs.walk': [ '1.2.8' ],
81 silly audit   '@nolyfill/is-core-module': [ '1.0.39' ],
81 silly audit   '@rtsao/scc': [ '1.1.0' ],
81 silly audit   '@rushstack/eslint-patch': [ '1.12.0' ],
81 silly audit   '@stripe/react-stripe-js': [ '3.7.0' ],
81 silly audit   '@stripe/stripe-js': [ '7.4.0' ],
81 silly audit   '@swc/counter': [ '0.1.3' ],
81 silly audit   '@swc/helpers': [ '0.5.15' ],
81 silly audit   '@tybys/wasm-util': [ '0.9.0' ],
81 silly audit   '@types/json5': [ '0.0.29' ],
81 silly audit   '@types/node': [ '20.19.4' ],
81 silly audit   '@types/prop-types': [ '15.7.15' ],
81 silly audit   '@types/react': [ '18.3.23' ],
81 silly audit   '@types/webidl-conversions': [ '7.0.3' ],
81 silly audit   '@types/whatwg-url': [ '11.0.5' ],
81 silly audit   '@typescript-eslint/eslint-plugin': [ '7.18.0' ],
81 silly audit   '@typescript-eslint/parser': [ '7.18.0' ],
81 silly audit   '@typescript-eslint/scope-manager': [ '7.18.0' ],
81 silly audit   '@typescript-eslint/type-utils': [ '7.18.0' ],
81 silly audit   '@typescript-eslint/types': [ '7.18.0' ],
81 silly audit   '@typescript-eslint/typescript-estree': [ '7.18.0' ],
81 silly audit   '@typescript-eslint/utils': [ '7.18.0' ],
81 silly audit   '@typescript-eslint/visitor-keys': [ '7.18.0' ],
81 silly audit   '@ungap/structured-clone': [ '1.3.0' ],
81 silly audit   '@unrs/resolver-binding-android-arm-eabi': [ '1.9.2' ],
81 silly audit   '@unrs/resolver-binding-android-arm64': [ '1.9.2' ],
81 silly audit   '@unrs/resolver-binding-darwin-arm64': [ '1.9.2' ],
81 silly audit   '@unrs/resolver-binding-darwin-x64': [ '1.9.2' ],
81 silly audit   '@unrs/resolver-binding-freebsd-x64': [ '1.9.2' ],
81 silly audit   '@unrs/resolver-binding-linux-arm-gnueabihf': [ '1.9.2' ],
81 silly audit   '@unrs/resolver-binding-linux-arm-musleabihf': [ '1.9.2' ],
81 silly audit   '@unrs/resolver-binding-linux-arm64-gnu': [ '1.9.2' ],
81 silly audit   '@unrs/resolver-binding-linux-arm64-musl': [ '1.9.2' ],
81 silly audit   '@unrs/resolver-binding-linux-ppc64-gnu': [ '1.9.2' ],
81 silly audit   '@unrs/resolver-binding-linux-riscv64-gnu': [ '1.9.2' ],
81 silly audit   '@unrs/resolver-binding-linux-riscv64-musl': [ '1.9.2' ],
81 silly audit   '@unrs/resolver-binding-linux-s390x-gnu': [ '1.9.2' ],
81 silly audit   '@unrs/resolver-binding-linux-x64-gnu': [ '1.9.2' ],
81 silly audit   '@unrs/resolver-binding-linux-x64-musl': [ '1.9.2' ],
81 silly audit   '@unrs/resolver-binding-wasm32-wasi': [ '1.9.2' ],
81 silly audit   '@unrs/resolver-binding-win32-arm64-msvc': [ '1.9.2' ],
81 silly audit   '@unrs/resolver-binding-win32-ia32-msvc': [ '1.9.2' ],
81 silly audit   '@unrs/resolver-binding-win32-x64-msvc': [ '1.9.2' ],
81 silly audit   acorn: [ '8.15.0' ],
81 silly audit   'acorn-jsx': [ '5.3.2' ],
81 silly audit   ajv: [ '6.12.6' ],
81 silly audit   'ansi-regex': [ '5.0.1' ],
81 silly audit   'ansi-styles': [ '4.3.0' ],
81 silly audit   argparse: [ '2.0.1' ],
81 silly audit   'aria-query': [ '5.3.2' ],
81 silly audit   'array-buffer-byte-length': [ '1.0.2' ],
81 silly audit   'array-includes': [ '3.1.9' ],
81 silly audit   'array-union': [ '2.1.0' ],
81 silly audit   'array.prototype.findlast': [ '1.2.5' ],
81 silly audit   'array.prototype.findlastindex': [ '1.2.6' ],
81 silly audit   'array.prototype.flat': [ '1.3.3' ],
81 silly audit   'array.prototype.flatmap': [ '1.3.3' ],
81 silly audit   'array.prototype.tosorted': [ '1.1.4' ],
81 silly audit   'arraybuffer.prototype.slice': [ '1.0.4' ],
81 silly audit   'ast-types-flow': [ '0.0.8' ],
81 silly audit   'async-function': [ '1.0.0' ],
81 silly audit   autoprefixer: [ '10.4.21' ],
81 silly audit   'available-typed-arrays': [ '1.0.7' ],
81 silly audit   'axe-core': [ '4.10.3' ],
81 silly audit   'axobject-query': [ '4.1.0' ],
81 silly audit   'balanced-match': [ '1.0.2' ],
81 silly audit   braces: [ '3.0.3' ],
81 silly audit   browserslist: [ '4.25.1' ],
81 silly audit   bson: [ '6.10.4' ],
81 silly audit   'buffer-equal-constant-time': [ '1.0.1' ],
81 silly audit   busboy: [ '1.6.0' ],
81 silly audit   'call-bind': [ '1.0.8' ],
81 silly audit   'call-bind-apply-helpers': [ '1.0.2' ],
81 silly audit   'call-bound': [ '1.0.4' ],
81 silly audit   callsites: [ '3.1.0' ],
81 silly audit   'caniuse-lite': [ '1.0.30001726' ],
81 silly audit   chalk: [ '4.1.2' ],
81 silly audit   'client-only': [ '0.0.1' ],
81 silly audit   color: [ '4.2.3' ],
81 silly audit   'color-convert': [ '2.0.1' ],
81 silly audit   'color-name': [ '1.1.4' ],
81 silly audit   'color-string': [ '1.9.1' ],
81 silly audit   'concat-map': [ '0.0.1' ],
81 silly audit   cookie: [ '1.0.2' ],
81 silly audit   cosmiconfig: [ '9.0.0' ],
81 silly audit   'cross-spawn': [ '7.0.6' ],
81 silly audit   'crypto-js': [ '4.2.0' ],
81 silly audit   'css-loader': [ '7.1.2' ],
81 silly audit   cssesc: [ '3.0.0' ],
81 silly audit   csstype: [ '3.1.3' ],
81 silly audit   'damerau-levenshtein': [ '1.0.8' ],
81 silly audit   'data-view-buffer': [ '1.0.2' ],
81 silly audit   'data-view-byte-length': [ '1.0.2' ],
81 silly audit   'data-view-byte-offset': [ '1.0.1' ],
81 silly audit   debug: [ '4.4.1', '3.2.7' ],
81 silly audit   'deep-is': [ '0.1.4' ],
81 silly audit   'define-data-property': [ '1.1.4' ],
81 silly audit   'define-properties': [ '1.2.1' ],
81 silly audit   dequal: [ '2.0.3' ],
81 silly audit   'detect-libc': [ '2.0.4' ],
81 silly audit   'dir-glob': [ '3.0.1' ],
81 silly audit   doctrine: [ '3.0.0', '2.1.0' ],
81 silly audit   'dot-case': [ '3.0.4' ],
81 silly audit   'dunder-proto': [ '1.0.1' ],
81 silly audit   'ecdsa-sig-formatter': [ '1.0.11' ],
81 silly audit   'electron-to-chromium': [ '1.5.178' ],
81 silly audit   'emoji-regex': [ '9.2.2' ],
81 silly audit   'env-paths': [ '2.2.1' ],
81 silly audit   'error-ex': [ '1.3.2' ],
81 silly audit   'es-abstract': [ '1.24.0' ],
81 silly audit   'es-define-property': [ '1.0.1' ],
81 silly audit   'es-errors': [ '1.3.0' ],
81 silly audit   'es-iterator-helpers': [ '1.2.1' ],
81 silly audit   'es-object-atoms': [ '1.1.1' ],
81 silly audit   'es-set-tostringtag': [ '2.1.0' ],
81 silly audit   'es-shim-unscopables': [ '1.1.0' ],
81 silly audit   'es-to-primitive': [ '1.3.0' ],
81 silly audit   escalade: [ '3.2.0' ],
81 silly audit   'escape-string-regexp': [ '4.0.0' ],
81 silly audit   eslint: [ '8.57.1' ],
81 silly audit   'eslint-config-next': [ '15.3.4' ],
81 silly audit   'eslint-import-resolver-typescript': [ '3.10.1' ],
81 silly audit   'eslint-plugin-react-hooks': [ '5.2.0', '4.6.2' ],
81 silly audit   'eslint-import-resolver-node': [ '0.3.9' ],
81 silly audit   'eslint-module-utils': [ '2.12.1' ],
81 silly audit   'eslint-plugin-import': [ '2.32.0' ],
81 silly audit   semver: [ '6.3.1', '7.7.2' ],
81 silly audit   'eslint-plugin-jsx-a11y': [ '6.10.2' ],
81 silly audit   'eslint-plugin-react': [ '7.37.5' ],
81 silly audit   resolve: [ '2.0.0-next.5', '1.22.10' ],
81 silly audit   'eslint-scope': [ '7.2.2' ],
81 silly audit   'eslint-visitor-keys': [ '3.4.3' ],
81 silly audit   espree: [ '9.6.1' ],
81 silly audit   esquery: [ '1.6.0' ],
81 silly audit   esrecurse: [ '4.3.0' ],
81 silly audit   estraverse: [ '5.3.0' ],
81 silly audit   esutils: [ '2.0.3' ],
81 silly audit   'fast-deep-equal': [ '3.1.3' ],
81 silly audit   'fast-glob': [ '3.3.1' ],
81 silly audit   'glob-parent': [ '5.1.2', '6.0.2' ],
81 silly audit   'fast-json-stable-stringify': [ '2.1.0' ],
81 silly audit   'fast-levenshtein': [ '2.0.6' ],
81 silly audit   fastq: [ '1.19.1' ],
81 silly audit   'file-entry-cache': [ '6.0.1' ],
81 silly audit   'fill-range': [ '7.1.1' ],
81 silly audit   'find-up': [ '5.0.0' ],
81 silly audit   'flat-cache': [ '3.2.0' ],
81 silly audit   flatted: [ '3.3.3' ],
81 silly audit   'for-each': [ '0.3.5' ],
81 silly audit   'fraction.js': [ '4.3.7' ],
81 silly audit   'fs.realpath': [ '1.0.0' ],
81 silly audit   'function-bind': [ '1.1.2' ],
81 silly audit   'function.prototype.name': [ '1.1.8' ],
81 silly audit   'functions-have-names': [ '1.2.3' ],
81 silly audit   'get-intrinsic': [ '1.3.0' ],
81 silly audit   'get-proto': [ '1.0.1' ],
81 silly audit   'get-symbol-description': [ '1.1.0' ],
81 silly audit   'get-tsconfig': [ '4.10.1' ],
81 silly audit   glob: [ '7.2.3' ],
81 silly audit   'glob-to-regexp': [ '0.4.1' ],
81 silly audit   globalthis: [ '1.0.4' ],
81 silly audit   globby: [ '11.1.0' ],
81 silly audit   gopd: [ '1.2.0' ],
81 silly audit   graphemer: [ '1.4.0' ],
81 silly audit   'has-bigints': [ '1.1.0' ],
81 silly audit   'has-flag': [ '4.0.0' ],
81 silly audit   'has-property-descriptors': [ '1.0.2' ],
81 silly audit   'has-proto': [ '1.2.0' ],
81 silly audit   'has-symbols': [ '1.1.0' ],
81 silly audit   'has-tostringtag': [ '1.0.2' ],
81 silly audit   hasown: [ '2.0.2' ],
81 silly audit   'icss-utils': [ '5.1.0' ],
81 silly audit   ignore: [ '5.3.2' ],
81 silly audit   'import-fresh': [ '3.3.1' ],
81 silly audit   imurmurhash: [ '0.1.4' ],
81 silly audit   inflight: [ '1.0.6' ],
81 silly audit   inherits: [ '2.0.4' ],
81 silly audit   'internal-slot': [ '1.1.0' ],
81 silly audit   'is-array-buffer': [ '3.0.5' ],
81 silly audit   'is-arrayish': [ '0.2.1', '0.3.2' ],
81 silly audit   'is-async-function': [ '2.1.1' ],
81 silly audit   'is-bigint': [ '1.1.0' ],
81 silly audit   'is-boolean-object': [ '1.2.2' ],
81 silly audit   'is-bun-module': [ '2.0.0' ],
81 silly audit   'is-callable': [ '1.2.7' ],
81 silly audit   'is-core-module': [ '2.16.1' ],
81 silly audit   'is-data-view': [ '1.0.2' ],
81 silly audit   'is-date-object': [ '1.1.0' ],
81 silly audit   'is-extglob': [ '2.1.1' ],
81 silly audit   'is-finalizationregistry': [ '1.1.1' ],
81 silly audit   'is-generator-function': [ '1.1.0' ],
81 silly audit   'is-glob': [ '4.0.3' ],
81 silly audit   'is-map': [ '2.0.3' ],
81 silly audit   'is-negative-zero': [ '2.0.3' ],
81 silly audit   'is-number': [ '7.0.0' ],
81 silly audit   'is-number-object': [ '1.1.1' ],
81 silly audit   'is-path-inside': [ '3.0.3' ],
81 silly audit   'is-regex': [ '1.2.1' ],
81 silly audit   'is-set': [ '2.0.3' ],
81 silly audit   'is-shared-array-buffer': [ '1.0.4' ],
81 silly audit   'is-string': [ '1.1.1' ],
81 silly audit   'is-symbol': [ '1.1.1' ],
81 silly audit   'is-typed-array': [ '1.1.15' ],
81 silly audit   'is-weakmap': [ '2.0.2' ],
81 silly audit   'is-weakref': [ '1.1.1' ],
81 silly audit   'is-weakset': [ '2.0.4' ],
81 silly audit   isarray: [ '2.0.5' ],
81 silly audit   isexe: [ '2.0.0' ],
81 silly audit   'iterator.prototype': [ '1.1.5' ],
81 silly audit   jiti: [ '1.21.7' ],
81 silly audit   'js-cookie': [ '3.0.5' ],
81 silly audit   'js-tokens': [ '4.0.0' ],
81 silly audit   'js-yaml': [ '4.1.0' ],
81 silly audit   'json-buffer': [ '3.0.1' ],
81 silly audit   'json-parse-even-better-errors': [ '2.3.1' ],
81 silly audit   'json-schema-traverse': [ '0.4.1' ],
81 silly audit   'json-stable-stringify-without-jsonify': [ '1.0.1' ],
81 silly audit   json5: [ '1.0.2' ],
81 silly audit   jsonwebtoken: [ '9.0.2' ],
81 silly audit   'jsx-ast-utils': [ '3.3.5' ],
81 silly audit   jwa: [ '1.4.2' ],
81 silly audit   jws: [ '3.2.2' ],
81 silly audit   kareem: [ '2.6.3' ],
81 silly audit   keyv: [ '4.5.4' ],
81 silly audit   'language-subtag-registry': [ '0.3.23' ],
81 silly audit   'language-tags': [ '1.0.9' ],
81 silly audit   levn: [ '0.4.1' ],
81 silly audit   lightningcss: [ '1.30.1' ],
81 silly audit   'lightningcss-darwin-arm64': [ '1.30.1' ],
81 silly audit   'lightningcss-darwin-x64': [ '1.30.1' ],
81 silly audit   'lightningcss-freebsd-x64': [ '1.30.1' ],
81 silly audit   'lightningcss-linux-arm-gnueabihf': [ '1.30.1' ],
81 silly audit   'lightningcss-linux-arm64-gnu': [ '1.30.1' ],
81 silly audit   'lightningcss-linux-arm64-musl': [ '1.30.1' ],
81 silly audit   'lightningcss-linux-x64-gnu': [ '1.30.1' ],
81 silly audit   'lightningcss-linux-x64-musl': [ '1.30.1' ],
81 silly audit   'lightningcss-win32-arm64-msvc': [ '1.30.1' ],
81 silly audit   'lightningcss-win32-x64-msvc': [ '1.30.1' ],
81 silly audit   'lines-and-columns': [ '1.2.4' ],
81 silly audit   'locate-path': [ '6.0.0' ],
81 silly audit   'lodash.includes': [ '4.3.0' ],
81 silly audit   'lodash.isboolean': [ '3.0.3' ],
81 silly audit   'lodash.isinteger': [ '4.0.4' ],
81 silly audit   'lodash.isnumber': [ '3.0.3' ],
81 silly audit   'lodash.isplainobject': [ '4.0.6' ],
81 silly audit   'lodash.isstring': [ '4.0.1' ],
81 silly audit   'lodash.merge': [ '4.6.2' ],
81 silly audit   'lodash.once': [ '4.1.1' ],
81 silly audit   'loose-envify': [ '1.4.0' ],
81 silly audit   'lower-case': [ '2.0.2' ],
81 silly audit   'map-obj': [ '4.3.0' ],
81 silly audit   'math-intrinsics': [ '1.1.0' ],
81 silly audit   'memory-pager': [ '1.5.0' ],
81 silly audit   merge2: [ '1.4.1' ],
81 silly audit   micromatch: [ '4.0.8' ],
81 silly audit   minimist: [ '1.2.8' ],
81 silly audit   mongodb: [ '6.17.0' ],
81 silly audit   'mongodb-connection-string-url': [ '3.0.2' ],
81 silly audit   mongoose: [ '8.16.1' ],
81 silly audit   mpath: [ '0.9.0' ],
81 silly audit   mquery: [ '5.0.0' ],
81 silly audit   ms: [ '2.1.3' ],
81 silly audit   nanoid: [ '3.3.11' ],
81 silly audit   'napi-postinstall': [ '0.2.5' ],
81 silly audit   'natural-compare': [ '1.4.0' ],
81 silly audit   next: [ '15.3.4' ],
81 silly audit   postcss: [ '8.4.31', '8.5.6' ],
81 silly audit   'no-case': [ '3.0.4' ],
81 silly audit   'node-releases': [ '2.0.19' ],
81 silly audit   'normalize-range': [ '0.1.2' ],
81 silly audit   'object-assign': [ '4.1.1' ],
81 silly audit   'object-inspect': [ '1.13.4' ],
81 silly audit   'object-keys': [ '1.1.1' ],
81 silly audit   'object.assign': [ '4.1.7' ],
81 silly audit   'object.entries': [ '1.1.9' ],
81 silly audit   'object.fromentries': [ '2.0.8' ],
81 silly audit   'object.groupby': [ '1.0.3' ],
81 silly audit   'object.values': [ '1.2.1' ],
81 silly audit   once: [ '1.4.0' ],
81 silly audit   optionator: [ '0.9.4' ],
81 silly audit   'own-keys': [ '1.0.1' ],
81 silly audit   'p-limit': [ '3.1.0' ],
81 silly audit   'p-locate': [ '5.0.0' ],
81 silly audit   'parent-module': [ '1.0.1' ],
81 silly audit   'parse-json': [ '5.2.0' ],
81 silly audit   'path-exists': [ '4.0.0' ],
81 silly audit   'path-is-absolute': [ '1.0.1' ],
81 silly audit   'path-key': [ '3.1.1' ],
81 silly audit   'path-parse': [ '1.0.7' ],
81 silly audit   'path-type': [ '4.0.0' ],
81 silly audit   picocolors: [ '1.1.1' ],
81 silly audit   picomatch: [ '2.3.1', '4.0.2' ],
81 silly audit   'possible-typed-array-names': [ '1.1.0' ],
81 silly audit   'postcss-loader': [ '8.1.1' ],
81 silly audit   'postcss-modules-extract-imports': [ '3.1.0' ],
81 silly audit   'postcss-modules-local-by-default': [ '4.2.0' ],
81 silly audit   'postcss-modules-scope': [ '3.2.1' ],
81 silly audit   'postcss-modules-values': [ '4.0.0' ],
81 silly audit   'postcss-selector-parser': [ '7.1.0' ],
81 silly audit   'postcss-value-parser': [ '4.2.0' ],
81 silly audit   'prelude-ls': [ '1.2.1' ],
81 silly audit   'prop-types': [ '15.8.1' ],
81 silly audit   punycode: [ '2.3.1' ],
81 silly audit   qs: [ '6.14.0' ],
81 silly audit   'queue-microtask': [ '1.2.3' ],
81 silly audit   react: [ '18.3.1' ],
81 silly audit   'react-dom': [ '18.3.1' ],
81 silly audit   'react-is': [ '16.13.1' ],
81 silly audit   'reflect.getprototypeof': [ '1.0.10' ],
81 silly audit   'regexp.prototype.flags': [ '1.5.4' ],
81 silly audit   'resolve-from': [ '4.0.0' ],
81 silly audit   'resolve-pkg-maps': [ '1.0.0' ],
81 silly audit   reusify: [ '1.1.0' ],
81 silly audit   rimraf: [ '3.0.2' ],
81 silly audit   'run-parallel': [ '1.2.0' ],
81 silly audit   'safe-array-concat': [ '1.1.3' ],
81 silly audit   'safe-buffer': [ '5.2.1' ],
81 silly audit   'safe-push-apply': [ '1.0.0' ],
81 silly audit   'safe-regex-test': [ '1.1.0' ],
81 silly audit   scheduler: [ '0.23.2' ],
81 silly audit   'server-only': [ '0.0.1' ],
81 silly audit   'set-function-length': [ '1.2.2' ],
81 silly audit   'set-function-name': [ '2.0.2' ],
81 silly audit   'set-proto': [ '1.0.0' ],
81 silly audit   sharp: [ '0.34.2' ],
81 silly audit   'shebang-command': [ '2.0.0' ],
81 silly audit   'shebang-regex': [ '3.0.0' ],
81 silly audit   'side-channel': [ '1.1.0' ],
81 silly audit   'side-channel-list': [ '1.0.0' ],
81 silly audit   'side-channel-map': [ '1.0.1' ],
81 silly audit   'side-channel-weakmap': [ '1.0.2' ],
81 silly audit   sift: [ '17.1.3' ],
81 silly audit   'simple-swizzle': [ '0.2.2' ],
81 silly audit   slash: [ '3.0.0' ],
81 silly audit   'snake-case': [ '3.0.4' ],
81 silly audit   'snakecase-keys': [ '8.0.1' ],
81 silly audit   'source-map-js': [ '1.2.1' ],
81 silly audit   'sparse-bitfield': [ '3.0.3' ],
81 silly audit   'stable-hash': [ '0.0.5' ],
81 silly audit   'std-env': [ '3.9.0' ],
81 silly audit   'stop-iteration-iterator': [ '1.1.0' ],
81 silly audit   streamsearch: [ '1.1.0' ],
81 silly audit   'string.prototype.includes': [ '2.0.1' ],
81 silly audit   'string.prototype.matchall': [ '4.0.12' ],
81 silly audit   'string.prototype.repeat': [ '1.0.0' ],
81 silly audit   'string.prototype.trim': [ '1.2.10' ],
81 silly audit   'string.prototype.trimend': [ '1.0.9' ],
81 silly audit   'string.prototype.trimstart': [ '1.0.8' ],
81 silly audit   'strip-ansi': [ '6.0.1' ],
81 silly audit   'strip-bom': [ '3.0.0' ],
81 silly audit   'strip-json-comments': [ '3.1.1' ],
81 silly audit   stripe: [ '18.3.0' ],
81 silly audit   'styled-jsx': [ '5.1.6' ],
81 silly audit   'supports-color': [ '7.2.0' ],
81 silly audit   'supports-preserve-symlinks-flag': [ '1.0.0' ],
81 silly audit   swr: [ '2.3.3' ],
81 silly audit   tailwindcss: [ '4.1.11' ],
81 silly audit   'text-table': [ '0.2.0' ],
81 silly audit   tinyglobby: [ '0.2.14' ],
81 silly audit   fdir: [ '6.4.6' ],
81 silly audit   'to-regex-range': [ '5.0.1' ],
81 silly audit   tr46: [ '5.1.1' ],
81 silly audit   'ts-api-utils': [ '1.4.3' ],
81 silly audit   'tsconfig-paths': [ '3.15.0' ],
81 silly audit   tslib: [ '2.8.1' ],
81 silly audit   'type-check': [ '0.4.0' ],
81 silly audit   'typed-array-buffer': [ '1.0.3' ],
81 silly audit   'typed-array-byte-length': [ '1.0.3' ],
81 silly audit   'typed-array-byte-offset': [ '1.0.4' ],
81 silly audit   'typed-array-length': [ '1.0.7' ],
81 silly audit   typescript: [ '5.8.3' ],
81 silly audit   'unbox-primitive': [ '1.1.0' ],
81 silly audit   'undici-types': [ '6.21.0' ],
81 silly audit   'unrs-resolver': [ '1.9.2' ],
81 silly audit   'update-browserslist-db': [ '1.1.3' ],
81 silly audit   'uri-js': [ '4.4.1' ],
81 silly audit   'use-sync-external-store': [ '1.5.0' ],
81 silly audit   'util-deprecate': [ '1.0.2' ],
81 silly audit   'webidl-conversions': [ '7.0.0' ],
81 silly audit   'whatwg-url': [ '14.2.0' ],
81 silly audit   which: [ '2.0.2' ],
81 silly audit   'which-boxed-primitive': [ '1.1.1' ],
81 silly audit   'which-builtin-type': [ '1.2.1' ],
81 silly audit   'which-collection': [ '1.0.2' ],
81 silly audit   'which-typed-array': [ '1.1.19' ],
81 silly audit   'word-wrap': [ '1.2.5' ],
81 silly audit   wrappy: [ '1.0.2' ],
81 silly audit   'yocto-queue': [ '0.1.0' ],
81 silly audit   micro: [ '10.0.1' ],
81 silly audit   arg: [ '4.1.0' ],
81 silly audit   'content-type': [ '1.0.4' ],
81 silly audit   'raw-body': [ '2.4.1' ],
81 silly audit   bytes: [ '3.1.0' ],
81 silly audit   'http-errors': [ '1.7.3' ],
81 silly audit   'iconv-lite': [ '0.4.24' ],
81 silly audit   unpipe: [ '1.0.0' ],
81 silly audit   depd: [ '1.1.2' ],
81 silly audit   setprototypeof: [ '1.1.1' ],
81 silly audit   statuses: [ '1.5.0' ],
81 silly audit   toidentifier: [ '1.0.0' ],
81 silly audit   'safer-buffer': [ '2.1.2' ]
81 silly audit }
82 verbose reify failed optional dependency C:\Users\richard.goltara\testeyau\radioman-1\node_modules\lightningcss-win32-arm64-msvc
83 silly reify mark deleted [
83 silly reify   'C:\\Users\\richard.goltara\\testeyau\\radioman-1\\node_modules\\lightningcss-win32-arm64-msvc'
83 silly reify ]
84 verbose reify failed optional dependency C:\Users\richard.goltara\testeyau\radioman-1\node_modules\lightningcss-linux-x64-musl
85 silly reify mark deleted [
85 silly reify   'C:\\Users\\richard.goltara\\testeyau\\radioman-1\\node_modules\\lightningcss-linux-x64-musl'
85 silly reify ]
86 verbose reify failed optional dependency C:\Users\richard.goltara\testeyau\radioman-1\node_modules\lightningcss-linux-x64-gnu
87 silly reify mark deleted [
87 silly reify   'C:\\Users\\richard.goltara\\testeyau\\radioman-1\\node_modules\\lightningcss-linux-x64-gnu'
87 silly reify ]
88 verbose reify failed optional dependency C:\Users\richard.goltara\testeyau\radioman-1\node_modules\lightningcss-linux-arm64-musl
89 silly reify mark deleted [
89 silly reify   'C:\\Users\\richard.goltara\\testeyau\\radioman-1\\node_modules\\lightningcss-linux-arm64-musl'
89 silly reify ]
90 verbose reify failed optional dependency C:\Users\richard.goltara\testeyau\radioman-1\node_modules\lightningcss-linux-arm64-gnu
91 silly reify mark deleted [
91 silly reify   'C:\\Users\\richard.goltara\\testeyau\\radioman-1\\node_modules\\lightningcss-linux-arm64-gnu'
91 silly reify ]
92 verbose reify failed optional dependency C:\Users\richard.goltara\testeyau\radioman-1\node_modules\lightningcss-linux-arm-gnueabihf
93 silly reify mark deleted [
93 silly reify   'C:\\Users\\richard.goltara\\testeyau\\radioman-1\\node_modules\\lightningcss-linux-arm-gnueabihf'
93 silly reify ]
94 verbose reify failed optional dependency C:\Users\richard.goltara\testeyau\radioman-1\node_modules\lightningcss-freebsd-x64
95 silly reify mark deleted [
95 silly reify   'C:\\Users\\richard.goltara\\testeyau\\radioman-1\\node_modules\\lightningcss-freebsd-x64'
95 silly reify ]
96 verbose reify failed optional dependency C:\Users\richard.goltara\testeyau\radioman-1\node_modules\lightningcss-darwin-x64
97 silly reify mark deleted [
97 silly reify   'C:\\Users\\richard.goltara\\testeyau\\radioman-1\\node_modules\\lightningcss-darwin-x64'
97 silly reify ]
98 verbose reify failed optional dependency C:\Users\richard.goltara\testeyau\radioman-1\node_modules\lightningcss-darwin-arm64
99 silly reify mark deleted [
99 silly reify   'C:\\Users\\richard.goltara\\testeyau\\radioman-1\\node_modules\\lightningcss-darwin-arm64'
99 silly reify ]
100 verbose reify failed optional dependency C:\Users\richard.goltara\testeyau\radioman-1\node_modules\@unrs\resolver-binding-win32-ia32-msvc
101 silly reify mark deleted [
101 silly reify   'C:\\Users\\richard.goltara\\testeyau\\radioman-1\\node_modules\\@unrs\\resolver-binding-win32-ia32-msvc'
101 silly reify ]
102 verbose reify failed optional dependency C:\Users\richard.goltara\testeyau\radioman-1\node_modules\@unrs\resolver-binding-win32-arm64-msvc
103 silly reify mark deleted [
103 silly reify   'C:\\Users\\richard.goltara\\testeyau\\radioman-1\\node_modules\\@unrs\\resolver-binding-win32-arm64-msvc'
103 silly reify ]
104 verbose reify failed optional dependency C:\Users\richard.goltara\testeyau\radioman-1\node_modules\@unrs\resolver-binding-wasm32-wasi
105 silly reify mark deleted [
105 silly reify   'C:\\Users\\richard.goltara\\testeyau\\radioman-1\\node_modules\\@unrs\\resolver-binding-wasm32-wasi'
105 silly reify ]
106 verbose reify failed optional dependency C:\Users\richard.goltara\testeyau\radioman-1\node_modules\@napi-rs\wasm-runtime
107 silly reify mark deleted [
107 silly reify   'C:\\Users\\richard.goltara\\testeyau\\radioman-1\\node_modules\\@napi-rs\\wasm-runtime'
107 silly reify ]
108 verbose reify failed optional dependency C:\Users\richard.goltara\testeyau\radioman-1\node_modules\@emnapi\core
109 silly reify mark deleted [
109 silly reify   'C:\\Users\\richard.goltara\\testeyau\\radioman-1\\node_modules\\@emnapi\\core'
109 silly reify ]
110 verbose reify failed optional dependency C:\Users\richard.goltara\testeyau\radioman-1\node_modules\@tybys\wasm-util
111 silly reify mark deleted [
111 silly reify   'C:\\Users\\richard.goltara\\testeyau\\radioman-1\\node_modules\\@tybys\\wasm-util'
111 silly reify ]
112 verbose reify failed optional dependency C:\Users\richard.goltara\testeyau\radioman-1\node_modules\@emnapi\wasi-threads
113 silly reify mark deleted [
113 silly reify   'C:\\Users\\richard.goltara\\testeyau\\radioman-1\\node_modules\\@emnapi\\wasi-threads'
113 silly reify ]
114 verbose reify failed optional dependency C:\Users\richard.goltara\testeyau\radioman-1\node_modules\@unrs\resolver-binding-linux-x64-musl
115 silly reify mark deleted [
115 silly reify   'C:\\Users\\richard.goltara\\testeyau\\radioman-1\\node_modules\\@unrs\\resolver-binding-linux-x64-musl'
115 silly reify ]
116 verbose reify failed optional dependency C:\Users\richard.goltara\testeyau\radioman-1\node_modules\@unrs\resolver-binding-linux-x64-gnu
117 silly reify mark deleted [
117 silly reify   'C:\\Users\\richard.goltara\\testeyau\\radioman-1\\node_modules\\@unrs\\resolver-binding-linux-x64-gnu'
117 silly reify ]
118 verbose reify failed optional dependency C:\Users\richard.goltara\testeyau\radioman-1\node_modules\@unrs\resolver-binding-linux-s390x-gnu
119 silly reify mark deleted [
119 silly reify   'C:\\Users\\richard.goltara\\testeyau\\radioman-1\\node_modules\\@unrs\\resolver-binding-linux-s390x-gnu'
119 silly reify ]
120 verbose reify failed optional dependency C:\Users\richard.goltara\testeyau\radioman-1\node_modules\@unrs\resolver-binding-linux-riscv64-musl
121 silly reify mark deleted [
121 silly reify   'C:\\Users\\richard.goltara\\testeyau\\radioman-1\\node_modules\\@unrs\\resolver-binding-linux-riscv64-musl'
121 silly reify ]
122 verbose reify failed optional dependency C:\Users\richard.goltara\testeyau\radioman-1\node_modules\@unrs\resolver-binding-linux-riscv64-gnu
123 silly reify mark deleted [
123 silly reify   'C:\\Users\\richard.goltara\\testeyau\\radioman-1\\node_modules\\@unrs\\resolver-binding-linux-riscv64-gnu'
123 silly reify ]
124 verbose reify failed optional dependency C:\Users\richard.goltara\testeyau\radioman-1\node_modules\@unrs\resolver-binding-linux-ppc64-gnu
125 silly reify mark deleted [
125 silly reify   'C:\\Users\\richard.goltara\\testeyau\\radioman-1\\node_modules\\@unrs\\resolver-binding-linux-ppc64-gnu'
125 silly reify ]
126 verbose reify failed optional dependency C:\Users\richard.goltara\testeyau\radioman-1\node_modules\@unrs\resolver-binding-linux-arm64-musl
127 silly reify mark deleted [
127 silly reify   'C:\\Users\\richard.goltara\\testeyau\\radioman-1\\node_modules\\@unrs\\resolver-binding-linux-arm64-musl'
127 silly reify ]
128 verbose reify failed optional dependency C:\Users\richard.goltara\testeyau\radioman-1\node_modules\@unrs\resolver-binding-linux-arm64-gnu
129 silly reify mark deleted [
129 silly reify   'C:\\Users\\richard.goltara\\testeyau\\radioman-1\\node_modules\\@unrs\\resolver-binding-linux-arm64-gnu'
129 silly reify ]
130 verbose reify failed optional dependency C:\Users\richard.goltara\testeyau\radioman-1\node_modules\@unrs\resolver-binding-linux-arm-musleabihf
131 silly reify mark deleted [
131 silly reify   'C:\\Users\\richard.goltara\\testeyau\\radioman-1\\node_modules\\@unrs\\resolver-binding-linux-arm-musleabihf'
131 silly reify ]
132 verbose reify failed optional dependency C:\Users\richard.goltara\testeyau\radioman-1\node_modules\@unrs\resolver-binding-linux-arm-gnueabihf
133 silly reify mark deleted [
133 silly reify   'C:\\Users\\richard.goltara\\testeyau\\radioman-1\\node_modules\\@unrs\\resolver-binding-linux-arm-gnueabihf'
133 silly reify ]
134 verbose reify failed optional dependency C:\Users\richard.goltara\testeyau\radioman-1\node_modules\@unrs\resolver-binding-freebsd-x64
135 silly reify mark deleted [
135 silly reify   'C:\\Users\\richard.goltara\\testeyau\\radioman-1\\node_modules\\@unrs\\resolver-binding-freebsd-x64'
135 silly reify ]
136 verbose reify failed optional dependency C:\Users\richard.goltara\testeyau\radioman-1\node_modules\@unrs\resolver-binding-darwin-x64
137 silly reify mark deleted [
137 silly reify   'C:\\Users\\richard.goltara\\testeyau\\radioman-1\\node_modules\\@unrs\\resolver-binding-darwin-x64'
137 silly reify ]
138 verbose reify failed optional dependency C:\Users\richard.goltara\testeyau\radioman-1\node_modules\@unrs\resolver-binding-darwin-arm64
139 silly reify mark deleted [
139 silly reify   'C:\\Users\\richard.goltara\\testeyau\\radioman-1\\node_modules\\@unrs\\resolver-binding-darwin-arm64'
139 silly reify ]
140 verbose reify failed optional dependency C:\Users\richard.goltara\testeyau\radioman-1\node_modules\@unrs\resolver-binding-android-arm64
141 silly reify mark deleted [
141 silly reify   'C:\\Users\\richard.goltara\\testeyau\\radioman-1\\node_modules\\@unrs\\resolver-binding-android-arm64'
141 silly reify ]
142 verbose reify failed optional dependency C:\Users\richard.goltara\testeyau\radioman-1\node_modules\@unrs\resolver-binding-android-arm-eabi
143 silly reify mark deleted [
143 silly reify   'C:\\Users\\richard.goltara\\testeyau\\radioman-1\\node_modules\\@unrs\\resolver-binding-android-arm-eabi'
143 silly reify ]
144 verbose reify failed optional dependency C:\Users\richard.goltara\testeyau\radioman-1\node_modules\@next\swc-win32-arm64-msvc
145 silly reify mark deleted [
145 silly reify   'C:\\Users\\richard.goltara\\testeyau\\radioman-1\\node_modules\\@next\\swc-win32-arm64-msvc'
145 silly reify ]
146 verbose reify failed optional dependency C:\Users\richard.goltara\testeyau\radioman-1\node_modules\@next\swc-linux-x64-musl
147 silly reify mark deleted [
147 silly reify   'C:\\Users\\richard.goltara\\testeyau\\radioman-1\\node_modules\\@next\\swc-linux-x64-musl'
147 silly reify ]
148 verbose reify failed optional dependency C:\Users\richard.goltara\testeyau\radioman-1\node_modules\@next\swc-linux-x64-gnu
149 silly reify mark deleted [
149 silly reify   'C:\\Users\\richard.goltara\\testeyau\\radioman-1\\node_modules\\@next\\swc-linux-x64-gnu'
149 silly reify ]
150 verbose reify failed optional dependency C:\Users\richard.goltara\testeyau\radioman-1\node_modules\@next\swc-linux-arm64-musl
151 silly reify mark deleted [
151 silly reify   'C:\\Users\\richard.goltara\\testeyau\\radioman-1\\node_modules\\@next\\swc-linux-arm64-musl'
151 silly reify ]
152 verbose reify failed optional dependency C:\Users\richard.goltara\testeyau\radioman-1\node_modules\@next\swc-linux-arm64-gnu
153 silly reify mark deleted [
153 silly reify   'C:\\Users\\richard.goltara\\testeyau\\radioman-1\\node_modules\\@next\\swc-linux-arm64-gnu'
153 silly reify ]
154 verbose reify failed optional dependency C:\Users\richard.goltara\testeyau\radioman-1\node_modules\@next\swc-darwin-x64
155 silly reify mark deleted [
155 silly reify   'C:\\Users\\richard.goltara\\testeyau\\radioman-1\\node_modules\\@next\\swc-darwin-x64'
155 silly reify ]
156 verbose reify failed optional dependency C:\Users\richard.goltara\testeyau\radioman-1\node_modules\@next\swc-darwin-arm64
157 silly reify mark deleted [
157 silly reify   'C:\\Users\\richard.goltara\\testeyau\\radioman-1\\node_modules\\@next\\swc-darwin-arm64'
157 silly reify ]
158 verbose reify failed optional dependency C:\Users\richard.goltara\testeyau\radioman-1\node_modules\@img\sharp-win32-ia32
159 silly reify mark deleted [
159 silly reify   'C:\\Users\\richard.goltara\\testeyau\\radioman-1\\node_modules\\@img\\sharp-win32-ia32'
159 silly reify ]
160 verbose reify failed optional dependency C:\Users\richard.goltara\testeyau\radioman-1\node_modules\@img\sharp-win32-arm64
161 silly reify mark deleted [
161 silly reify   'C:\\Users\\richard.goltara\\testeyau\\radioman-1\\node_modules\\@img\\sharp-win32-arm64'
161 silly reify ]
162 verbose reify failed optional dependency C:\Users\richard.goltara\testeyau\radioman-1\node_modules\@img\sharp-wasm32
163 silly reify mark deleted [
163 silly reify   'C:\\Users\\richard.goltara\\testeyau\\radioman-1\\node_modules\\@img\\sharp-wasm32'
163 silly reify ]
164 verbose reify failed optional dependency C:\Users\richard.goltara\testeyau\radioman-1\node_modules\@img\sharp-linuxmusl-x64
165 silly reify mark deleted [
165 silly reify   'C:\\Users\\richard.goltara\\testeyau\\radioman-1\\node_modules\\@img\\sharp-linuxmusl-x64'
165 silly reify ]
166 verbose reify failed optional dependency C:\Users\richard.goltara\testeyau\radioman-1\node_modules\@img\sharp-linuxmusl-arm64
167 silly reify mark deleted [
167 silly reify   'C:\\Users\\richard.goltara\\testeyau\\radioman-1\\node_modules\\@img\\sharp-linuxmusl-arm64'
167 silly reify ]
168 verbose reify failed optional dependency C:\Users\richard.goltara\testeyau\radioman-1\node_modules\@img\sharp-linux-x64
169 silly reify mark deleted [
169 silly reify   'C:\\Users\\richard.goltara\\testeyau\\radioman-1\\node_modules\\@img\\sharp-linux-x64'
169 silly reify ]
170 verbose reify failed optional dependency C:\Users\richard.goltara\testeyau\radioman-1\node_modules\@img\sharp-linux-s390x
171 silly reify mark deleted [
171 silly reify   'C:\\Users\\richard.goltara\\testeyau\\radioman-1\\node_modules\\@img\\sharp-linux-s390x'
171 silly reify ]
172 verbose reify failed optional dependency C:\Users\richard.goltara\testeyau\radioman-1\node_modules\@img\sharp-linux-arm64
173 silly reify mark deleted [
173 silly reify   'C:\\Users\\richard.goltara\\testeyau\\radioman-1\\node_modules\\@img\\sharp-linux-arm64'
173 silly reify ]
174 verbose reify failed optional dependency C:\Users\richard.goltara\testeyau\radioman-1\node_modules\@img\sharp-linux-arm
175 silly reify mark deleted [
175 silly reify   'C:\\Users\\richard.goltara\\testeyau\\radioman-1\\node_modules\\@img\\sharp-linux-arm'
175 silly reify ]
176 verbose reify failed optional dependency C:\Users\richard.goltara\testeyau\radioman-1\node_modules\@img\sharp-libvips-linuxmusl-x64
177 silly reify mark deleted [
177 silly reify   'C:\\Users\\richard.goltara\\testeyau\\radioman-1\\node_modules\\@img\\sharp-libvips-linuxmusl-x64'
177 silly reify ]
178 verbose reify failed optional dependency C:\Users\richard.goltara\testeyau\radioman-1\node_modules\@img\sharp-libvips-linuxmusl-arm64
179 silly reify mark deleted [
179 silly reify   'C:\\Users\\richard.goltara\\testeyau\\radioman-1\\node_modules\\@img\\sharp-libvips-linuxmusl-arm64'
179 silly reify ]
180 verbose reify failed optional dependency C:\Users\richard.goltara\testeyau\radioman-1\node_modules\@img\sharp-libvips-linux-x64
181 silly reify mark deleted [
181 silly reify   'C:\\Users\\richard.goltara\\testeyau\\radioman-1\\node_modules\\@img\\sharp-libvips-linux-x64'
181 silly reify ]
182 verbose reify failed optional dependency C:\Users\richard.goltara\testeyau\radioman-1\node_modules\@img\sharp-libvips-linux-s390x
183 silly reify mark deleted [
183 silly reify   'C:\\Users\\richard.goltara\\testeyau\\radioman-1\\node_modules\\@img\\sharp-libvips-linux-s390x'
183 silly reify ]
184 verbose reify failed optional dependency C:\Users\richard.goltara\testeyau\radioman-1\node_modules\@img\sharp-libvips-linux-ppc64
185 silly reify mark deleted [
185 silly reify   'C:\\Users\\richard.goltara\\testeyau\\radioman-1\\node_modules\\@img\\sharp-libvips-linux-ppc64'
185 silly reify ]
186 verbose reify failed optional dependency C:\Users\richard.goltara\testeyau\radioman-1\node_modules\@img\sharp-libvips-linux-arm64
187 silly reify mark deleted [
187 silly reify   'C:\\Users\\richard.goltara\\testeyau\\radioman-1\\node_modules\\@img\\sharp-libvips-linux-arm64'
187 silly reify ]
188 verbose reify failed optional dependency C:\Users\richard.goltara\testeyau\radioman-1\node_modules\@img\sharp-libvips-linux-arm
189 silly reify mark deleted [
189 silly reify   'C:\\Users\\richard.goltara\\testeyau\\radioman-1\\node_modules\\@img\\sharp-libvips-linux-arm'
189 silly reify ]
190 verbose reify failed optional dependency C:\Users\richard.goltara\testeyau\radioman-1\node_modules\@img\sharp-libvips-darwin-x64
191 silly reify mark deleted [
191 silly reify   'C:\\Users\\richard.goltara\\testeyau\\radioman-1\\node_modules\\@img\\sharp-libvips-darwin-x64'
191 silly reify ]
192 verbose reify failed optional dependency C:\Users\richard.goltara\testeyau\radioman-1\node_modules\@img\sharp-libvips-darwin-arm64
193 silly reify mark deleted [
193 silly reify   'C:\\Users\\richard.goltara\\testeyau\\radioman-1\\node_modules\\@img\\sharp-libvips-darwin-arm64'
193 silly reify ]
194 verbose reify failed optional dependency C:\Users\richard.goltara\testeyau\radioman-1\node_modules\@img\sharp-darwin-x64
195 silly reify mark deleted [
195 silly reify   'C:\\Users\\richard.goltara\\testeyau\\radioman-1\\node_modules\\@img\\sharp-darwin-x64'
195 silly reify ]
196 verbose reify failed optional dependency C:\Users\richard.goltara\testeyau\radioman-1\node_modules\@img\sharp-darwin-arm64
197 silly reify mark deleted [
197 silly reify   'C:\\Users\\richard.goltara\\testeyau\\radioman-1\\node_modules\\@img\\sharp-darwin-arm64'
197 silly reify ]
198 http cache statuses@https://registry.npmjs.org/statuses/-/statuses-1.5.0.tgz 1ms (cache hit)
199 http cache toidentifier@https://registry.npmjs.org/toidentifier/-/toidentifier-1.0.0.tgz 0ms (cache hit)
200 http cache safer-buffer@https://registry.npmjs.org/safer-buffer/-/safer-buffer-2.1.2.tgz 0ms (cache hit)
201 http cache depd@https://registry.npmjs.org/depd/-/depd-1.1.2.tgz 0ms (cache hit)
202 http cache unpipe@https://registry.npmjs.org/unpipe/-/unpipe-1.0.0.tgz 0ms (cache hit)
203 http cache http-errors@https://registry.npmjs.org/http-errors/-/http-errors-1.7.3.tgz 0ms (cache hit)
204 http cache setprototypeof@https://registry.npmjs.org/setprototypeof/-/setprototypeof-1.1.1.tgz 0ms (cache hit)
205 http cache iconv-lite@https://registry.npmjs.org/iconv-lite/-/iconv-lite-0.4.24.tgz 0ms (cache hit)
206 http cache raw-body@https://registry.npmjs.org/raw-body/-/raw-body-2.4.1.tgz 0ms (cache hit)
207 http cache arg@https://registry.npmjs.org/arg/-/arg-4.1.0.tgz 0ms (cache hit)
208 http cache bytes@https://registry.npmjs.org/bytes/-/bytes-3.1.0.tgz 0ms (cache hit)
209 http cache micro@https://registry.npmjs.org/micro/-/micro-10.0.1.tgz 0ms (cache hit)
210 http cache @tybys/wasm-util@https://registry.npmjs.org/@tybys/wasm-util/-/wasm-util-0.9.0.tgz 0ms (cache hit)
211 http cache content-type@https://registry.npmjs.org/content-type/-/content-type-1.0.4.tgz 0ms (cache hit)
212 http cache @emnapi/core@https://registry.npmjs.org/@emnapi/core/-/core-1.4.3.tgz 0ms (cache hit)
213 http cache @napi-rs/wasm-runtime@https://registry.npmjs.org/@napi-rs/wasm-runtime/-/wasm-runtime-0.2.11.tgz 0ms (cache hit)
214 silly tarball no local data for statuses@https://registry.npmjs.org/statuses/-/statuses-1.5.0.tgz. Extracting by manifest.
215 silly tarball no local data for toidentifier@https://registry.npmjs.org/toidentifier/-/toidentifier-1.0.0.tgz. Extracting by manifest.
216 http cache @emnapi/wasi-threads@https://registry.npmjs.org/@emnapi/wasi-threads/-/wasi-threads-1.0.2.tgz 0ms (cache hit)
217 silly tarball no local data for safer-buffer@https://registry.npmjs.org/safer-buffer/-/safer-buffer-2.1.2.tgz. Extracting by manifest.
218 silly tarball no local data for depd@https://registry.npmjs.org/depd/-/depd-1.1.2.tgz. Extracting by manifest.
219 silly tarball no local data for unpipe@https://registry.npmjs.org/unpipe/-/unpipe-1.0.0.tgz. Extracting by manifest.
220 silly tarball no local data for http-errors@https://registry.npmjs.org/http-errors/-/http-errors-1.7.3.tgz. Extracting by manifest.
221 silly tarball no local data for setprototypeof@https://registry.npmjs.org/setprototypeof/-/setprototypeof-1.1.1.tgz. Extracting by manifest.
222 silly tarball no local data for iconv-lite@https://registry.npmjs.org/iconv-lite/-/iconv-lite-0.4.24.tgz. Extracting by manifest.
223 silly tarball no local data for raw-body@https://registry.npmjs.org/raw-body/-/raw-body-2.4.1.tgz. Extracting by manifest.
224 silly tarball no local data for arg@https://registry.npmjs.org/arg/-/arg-4.1.0.tgz. Extracting by manifest.
225 silly tarball no local data for bytes@https://registry.npmjs.org/bytes/-/bytes-3.1.0.tgz. Extracting by manifest.
226 silly tarball no local data for micro@https://registry.npmjs.org/micro/-/micro-10.0.1.tgz. Extracting by manifest.
227 silly tarball no local data for content-type@https://registry.npmjs.org/content-type/-/content-type-1.0.4.tgz. Extracting by manifest.
228 http fetch GET 200 https://registry.npmjs.org/toidentifier/-/toidentifier-1.0.0.tgz 248ms (cache miss)
229 http fetch POST 200 https://registry.npmjs.org/-/npm/v1/security/advisories/bulk 290ms
230 silly audit report {}
231 http fetch GET 200 https://registry.npmjs.org/statuses/-/statuses-1.5.0.tgz 279ms (cache miss)
232 http fetch GET 200 https://registry.npmjs.org/unpipe/-/unpipe-1.0.0.tgz 281ms (cache miss)
233 http fetch GET 200 https://registry.npmjs.org/bytes/-/bytes-3.1.0.tgz 277ms (cache miss)
234 http fetch GET 200 https://registry.npmjs.org/content-type/-/content-type-1.0.4.tgz 281ms (cache miss)
235 http fetch GET 200 https://registry.npmjs.org/setprototypeof/-/setprototypeof-1.1.1.tgz 287ms (cache miss)
236 http fetch GET 200 https://registry.npmjs.org/http-errors/-/http-errors-1.7.3.tgz 291ms (cache miss)
237 http fetch GET 200 https://registry.npmjs.org/safer-buffer/-/safer-buffer-2.1.2.tgz 294ms (cache miss)
238 http fetch GET 200 https://registry.npmjs.org/arg/-/arg-4.1.0.tgz 298ms (cache miss)
239 http fetch GET 200 https://registry.npmjs.org/raw-body/-/raw-body-2.4.1.tgz 305ms (cache miss)
240 http fetch GET 200 https://registry.npmjs.org/depd/-/depd-1.1.2.tgz 311ms (cache miss)
241 http fetch GET 200 https://registry.npmjs.org/micro/-/micro-10.0.1.tgz 402ms (cache miss)
242 http fetch GET 200 https://registry.npmjs.org/iconv-lite/-/iconv-lite-0.4.24.tgz 438ms (cache miss)
243 silly ADD node_modules/safer-buffer
244 silly ADD node_modules/toidentifier
245 silly ADD node_modules/statuses
246 silly ADD node_modules/setprototypeof
247 silly ADD node_modules/depd
248 silly ADD node_modules/unpipe
249 silly ADD node_modules/iconv-lite
250 silly ADD node_modules/http-errors
251 silly ADD node_modules/bytes
252 silly ADD node_modules/raw-body
253 silly ADD node_modules/content-type
254 silly ADD node_modules/arg
255 silly ADD node_modules/micro
256 silly ADD
257 silly ADD
258 silly ADD
259 silly ADD
260 silly ADD
261 silly ADD
262 silly ADD
263 silly ADD
264 silly ADD
265 silly ADD
266 silly ADD
267 silly ADD
268 silly ADD
269 silly ADD
270 silly ADD
271 silly ADD
272 silly ADD
273 silly ADD
274 silly ADD
275 silly ADD
276 silly ADD
277 silly ADD
278 silly ADD
279 silly ADD
280 silly ADD
281 silly ADD
282 silly ADD
283 silly ADD
284 silly ADD
285 silly ADD
286 silly ADD
287 silly ADD
288 silly ADD
289 silly ADD
290 silly ADD
291 silly ADD
292 silly ADD
293 silly ADD
294 silly ADD
295 silly ADD
296 silly ADD
297 silly ADD
298 silly ADD
299 silly ADD
300 silly ADD
301 silly ADD
302 silly ADD
303 silly ADD
304 silly ADD
305 silly ADD
306 silly ADD
307 silly ADD
308 silly ADD
309 silly ADD
310 silly ADD
311 silly ADD
312 silly ADD
313 silly ADD
314 verbose cwd C:\Users\richard.goltara\testeyau\radioman-1
315 verbose os Windows_NT 10.0.19045
316 verbose node v20.19.0
317 verbose npm  v11.2.0
318 verbose exit 0
319 info ok
