0 verbose cli C:\Program Files\Nodejs\node.exe C:\Users\richard.goltara\AppData\Roaming\npm\node_modules\npm\bin\npm-cli.js
1 info using npm@11.2.0
2 info using node@v20.19.0
3 silly config load:file:C:\Users\richard.goltara\AppData\Roaming\npm\node_modules\npm\npmrc
4 silly config load:file:C:\Users\richard.goltara\testeyau\radioman-1\.npmrc
5 silly config load:file:C:\Users\richard.goltara\.npmrc
6 silly config load:file:C:\Users\richard.goltara\AppData\Roaming\npm\etc\npmrc
7 verbose title npm install tailwindcss@latest
8 verbose argv "install" "--save-dev" "tailwindcss@latest"
9 verbose logfile logs-max:10 dir:C:\Users\richard.goltara\testeyau\radioman-1\.npm-cache\_logs\2025-03-31T09_46_03_812Z-
10 verbose logfile C:\Users\richard.goltara\testeyau\radioman-1\.npm-cache\_logs\2025-03-31T09_46_03_812Z-debug-0.log
11 silly logfile start cleaning logs, removing 1 files
12 silly packumentCache heap:2197815296 maxSize:549453824 maxEntrySize:274726912
13 silly logfile done cleaning log files
14 silly packumentCache corgi:https://registry.npmjs.org/tailwindcss cache-miss
15 http fetch GET 200 https://registry.npmjs.org/tailwindcss 347ms (cache miss)
16 silly packumentCache corgi:https://registry.npmjs.org/tailwindcss set size:undefined disposed:false
17 silly idealTree buildDeps
18 silly fetch manifest tailwindcss@4.0.17
19 silly packumentCache full:https://registry.npmjs.org/tailwindcss cache-miss
20 http fetch GET 200 https://registry.npmjs.org/tailwindcss 184ms (cache updated)
21 silly packumentCache full:https://registry.npmjs.org/tailwindcss set size:undefined disposed:false
22 silly placeDep ROOT tailwindcss@4.0.17 OK for: papyo2@0.1.0 want: 4.0.17
23 silly reify moves {}
24 silly audit bulk request {
24 silly audit   '@babel/code-frame': [ '7.26.2' ],
24 silly audit   '@babel/helper-validator-identifier': [ '7.25.9' ],
24 silly audit   '@clerk/backend': [ '1.25.8' ],
24 silly audit   '@clerk/clerk-react': [ '5.25.5' ],
24 silly audit   '@clerk/nextjs': [ '6.12.12' ],
24 silly audit   '@clerk/shared': [ '3.2.3' ],
24 silly audit   '@clerk/types': [ '4.50.1' ],
24 silly audit   '@emnapi/core': [ '1.4.0' ],
24 silly audit   '@emnapi/runtime': [ '1.4.0' ],
24 silly audit   '@emnapi/wasi-threads': [ '1.0.1' ],
24 silly audit   '@eslint-community/eslint-utils': [ '4.5.1' ],
24 silly audit   '@eslint-community/regexpp': [ '4.12.1' ],
24 silly audit   '@eslint/eslintrc': [ '2.1.4' ],
24 silly audit   'brace-expansion': [ '1.1.11', '2.0.1' ],
24 silly audit   globals: [ '13.24.0', '16.0.0' ],
24 silly audit   minimatch: [ '3.1.2', '9.0.5' ],
24 silly audit   'type-fest': [ '0.20.2', '4.38.0' ],
24 silly audit   '@eslint/js': [ '8.57.1' ],
24 silly audit   '@heroicons/react': [ '2.2.0' ],
24 silly audit   '@humanwhocodes/config-array': [ '0.13.0' ],
24 silly audit   '@humanwhocodes/module-importer': [ '1.0.1' ],
24 silly audit   '@humanwhocodes/object-schema': [ '2.0.3' ],
24 silly audit   '@img/sharp-darwin-arm64': [ '0.33.5' ],
24 silly audit   '@img/sharp-darwin-x64': [ '0.33.5' ],
24 silly audit   '@img/sharp-libvips-darwin-arm64': [ '1.0.4' ],
24 silly audit   '@img/sharp-libvips-darwin-x64': [ '1.0.4' ],
24 silly audit   '@img/sharp-libvips-linux-arm': [ '1.0.5' ],
24 silly audit   '@img/sharp-libvips-linux-arm64': [ '1.0.4' ],
24 silly audit   '@img/sharp-libvips-linux-s390x': [ '1.0.4' ],
24 silly audit   '@img/sharp-libvips-linux-x64': [ '1.0.4' ],
24 silly audit   '@img/sharp-libvips-linuxmusl-arm64': [ '1.0.4' ],
24 silly audit   '@img/sharp-libvips-linuxmusl-x64': [ '1.0.4' ],
24 silly audit   '@img/sharp-linux-arm': [ '0.33.5' ],
24 silly audit   '@img/sharp-linux-arm64': [ '0.33.5' ],
24 silly audit   '@img/sharp-linux-s390x': [ '0.33.5' ],
24 silly audit   '@img/sharp-linux-x64': [ '0.33.5' ],
24 silly audit   '@img/sharp-linuxmusl-arm64': [ '0.33.5' ],
24 silly audit   '@img/sharp-linuxmusl-x64': [ '0.33.5' ],
24 silly audit   '@img/sharp-wasm32': [ '0.33.5' ],
24 silly audit   '@img/sharp-win32-ia32': [ '0.33.5' ],
24 silly audit   '@img/sharp-win32-x64': [ '0.33.5' ],
24 silly audit   '@napi-rs/wasm-runtime': [ '0.2.7' ],
24 silly audit   '@next/env': [ '15.2.4' ],
24 silly audit   '@next/eslint-plugin-next': [ '15.2.4' ],
24 silly audit   'fast-glob': [ '3.3.1', '3.3.3' ],
24 silly audit   'glob-parent': [ '5.1.2', '6.0.2' ],
24 silly audit   '@next/swc-darwin-arm64': [ '15.2.4' ],
24 silly audit   '@next/swc-darwin-x64': [ '15.2.4' ],
24 silly audit   '@next/swc-linux-arm64-gnu': [ '15.2.4' ],
24 silly audit   '@next/swc-linux-arm64-musl': [ '15.2.4' ],
24 silly audit   '@next/swc-linux-x64-gnu': [ '15.2.4' ],
24 silly audit   '@next/swc-linux-x64-musl': [ '15.2.4' ],
24 silly audit   '@next/swc-win32-arm64-msvc': [ '15.2.4' ],
24 silly audit   '@next/swc-win32-x64-msvc': [ '15.2.4' ],
24 silly audit   '@nodelib/fs.scandir': [ '2.1.5' ],
24 silly audit   '@nodelib/fs.stat': [ '2.0.5' ],
24 silly audit   '@nodelib/fs.walk': [ '1.2.8' ],
24 silly audit   '@nolyfill/is-core-module': [ '1.0.39' ],
24 silly audit   '@rtsao/scc': [ '1.1.0' ],
24 silly audit   '@rushstack/eslint-patch': [ '1.11.0' ],
24 silly audit   '@swc/counter': [ '0.1.3' ],
24 silly audit   '@swc/helpers': [ '0.5.15' ],
24 silly audit   '@tybys/wasm-util': [ '0.9.0' ],
24 silly audit   '@types/json5': [ '0.0.29' ],
24 silly audit   '@types/node': [ '20.17.28' ],
24 silly audit   '@types/prop-types': [ '15.7.14' ],
24 silly audit   '@types/react': [ '18.3.20' ],
24 silly audit   '@typescript-eslint/eslint-plugin': [ '8.28.0' ],
24 silly audit   '@typescript-eslint/parser': [ '8.28.0' ],
24 silly audit   '@typescript-eslint/scope-manager': [ '8.28.0' ],
24 silly audit   '@typescript-eslint/type-utils': [ '8.28.0' ],
24 silly audit   '@typescript-eslint/types': [ '8.28.0' ],
24 silly audit   '@typescript-eslint/typescript-estree': [ '8.28.0' ],
24 silly audit   '@typescript-eslint/utils': [ '8.28.0' ],
24 silly audit   '@typescript-eslint/visitor-keys': [ '8.28.0' ],
24 silly audit   'eslint-visitor-keys': [ '4.2.0', '3.4.3' ],
24 silly audit   '@ungap/structured-clone': [ '1.3.0' ],
24 silly audit   '@unrs/resolver-binding-darwin-arm64': [ '1.3.2' ],
24 silly audit   '@unrs/resolver-binding-darwin-x64': [ '1.3.2' ],
24 silly audit   '@unrs/resolver-binding-freebsd-x64': [ '1.3.2' ],
24 silly audit   '@unrs/resolver-binding-linux-arm-gnueabihf': [ '1.3.2' ],
24 silly audit   '@unrs/resolver-binding-linux-arm-musleabihf': [ '1.3.2' ],
24 silly audit   '@unrs/resolver-binding-linux-arm64-gnu': [ '1.3.2' ],
24 silly audit   '@unrs/resolver-binding-linux-arm64-musl': [ '1.3.2' ],
24 silly audit   '@unrs/resolver-binding-linux-ppc64-gnu': [ '1.3.2' ],
24 silly audit   '@unrs/resolver-binding-linux-s390x-gnu': [ '1.3.2' ],
24 silly audit   '@unrs/resolver-binding-linux-x64-gnu': [ '1.3.2' ],
24 silly audit   '@unrs/resolver-binding-linux-x64-musl': [ '1.3.2' ],
24 silly audit   '@unrs/resolver-binding-wasm32-wasi': [ '1.3.2' ],
24 silly audit   '@unrs/resolver-binding-win32-arm64-msvc': [ '1.3.2' ],
24 silly audit   '@unrs/resolver-binding-win32-ia32-msvc': [ '1.3.2' ],
24 silly audit   '@unrs/resolver-binding-win32-x64-msvc': [ '1.3.2' ],
24 silly audit   acorn: [ '8.14.1' ],
24 silly audit   'acorn-jsx': [ '5.3.2' ],
24 silly audit   ajv: [ '6.12.6' ],
24 silly audit   'ansi-regex': [ '5.0.1' ],
24 silly audit   'ansi-styles': [ '4.3.0' ],
24 silly audit   argparse: [ '2.0.1' ],
24 silly audit   'aria-query': [ '5.3.2' ],
24 silly audit   'array-buffer-byte-length': [ '1.0.2' ],
24 silly audit   'array-includes': [ '3.1.8' ],
24 silly audit   'array.prototype.findlast': [ '1.2.5' ],
24 silly audit   'array.prototype.findlastindex': [ '1.2.6' ],
24 silly audit   'array.prototype.flat': [ '1.3.3' ],
24 silly audit   'array.prototype.flatmap': [ '1.3.3' ],
24 silly audit   'array.prototype.tosorted': [ '1.1.4' ],
24 silly audit   'arraybuffer.prototype.slice': [ '1.0.4' ],
24 silly audit   'ast-types-flow': [ '0.0.8' ],
24 silly audit   'async-function': [ '1.0.0' ],
24 silly audit   autoprefixer: [ '10.4.21' ],
24 silly audit   'available-typed-arrays': [ '1.0.7' ],
24 silly audit   'axe-core': [ '4.10.3' ],
24 silly audit   'axobject-query': [ '4.1.0' ],
24 silly audit   'balanced-match': [ '1.0.2' ],
24 silly audit   braces: [ '3.0.3' ],
24 silly audit   browserslist: [ '4.24.4' ],
24 silly audit   'buffer-equal-constant-time': [ '1.0.1' ],
24 silly audit   busboy: [ '1.6.0' ],
24 silly audit   'call-bind': [ '1.0.8' ],
24 silly audit   'call-bind-apply-helpers': [ '1.0.2' ],
24 silly audit   'call-bound': [ '1.0.4' ],
24 silly audit   callsites: [ '3.1.0' ],
24 silly audit   'caniuse-lite': [ '1.0.30001707' ],
24 silly audit   chalk: [ '4.1.2' ],
24 silly audit   'client-only': [ '0.0.1' ],
24 silly audit   color: [ '4.2.3' ],
24 silly audit   'color-convert': [ '2.0.1' ],
24 silly audit   'color-name': [ '1.1.4' ],
24 silly audit   'color-string': [ '1.9.1' ],
24 silly audit   'concat-map': [ '0.0.1' ],
24 silly audit   cookie: [ '1.0.2' ],
24 silly audit   cosmiconfig: [ '9.0.0' ],
24 silly audit   'cross-spawn': [ '7.0.6' ],
24 silly audit   'crypto-js': [ '4.2.0' ],
24 silly audit   'css-loader': [ '7.1.2' ],
24 silly audit   cssesc: [ '3.0.0' ],
24 silly audit   csstype: [ '3.1.3' ],
24 silly audit   'damerau-levenshtein': [ '1.0.8' ],
24 silly audit   'data-view-buffer': [ '1.0.2' ],
24 silly audit   'data-view-byte-length': [ '1.0.2' ],
24 silly audit   'data-view-byte-offset': [ '1.0.1' ],
24 silly audit   debug: [ '4.4.0', '3.2.7' ],
24 silly audit   'deep-is': [ '0.1.4' ],
24 silly audit   'define-data-property': [ '1.1.4' ],
24 silly audit   'define-properties': [ '1.2.1' ],
24 silly audit   dequal: [ '2.0.3' ],
24 silly audit   'detect-libc': [ '2.0.3' ],
24 silly audit   doctrine: [ '3.0.0', '2.1.0' ],
24 silly audit   'dot-case': [ '3.0.4' ],
24 silly audit   'dunder-proto': [ '1.0.1' ],
24 silly audit   'ecdsa-sig-formatter': [ '1.0.11' ],
24 silly audit   'electron-to-chromium': [ '1.5.128' ],
24 silly audit   'emoji-regex': [ '9.2.2' ],
24 silly audit   'env-paths': [ '2.2.1' ],
24 silly audit   'error-ex': [ '1.3.2' ],
24 silly audit   'es-abstract': [ '1.23.9' ],
24 silly audit   'es-define-property': [ '1.0.1' ],
24 silly audit   'es-errors': [ '1.3.0' ],
24 silly audit   'es-iterator-helpers': [ '1.2.1' ],
24 silly audit   'es-object-atoms': [ '1.1.1' ],
24 silly audit   'es-set-tostringtag': [ '2.1.0' ],
24 silly audit   'es-shim-unscopables': [ '1.1.0' ],
24 silly audit   'es-to-primitive': [ '1.3.0' ],
24 silly audit   escalade: [ '3.2.0' ],
24 silly audit   'escape-string-regexp': [ '4.0.0' ],
24 silly audit   eslint: [ '8.57.1' ],
24 silly audit   'eslint-config-next': [ '15.2.4' ],
24 silly audit   'eslint-import-resolver-node': [ '0.3.9' ],
24 silly audit   'eslint-import-resolver-typescript': [ '3.10.0' ],
24 silly audit   'eslint-module-utils': [ '2.12.0' ],
24 silly audit   'eslint-plugin-import': [ '2.31.0' ],
24 silly audit   semver: [ '6.3.1', '7.7.1' ],
24 silly audit   'eslint-plugin-jsx-a11y': [ '6.10.2' ],
24 silly audit   'eslint-plugin-react': [ '7.37.4' ],
24 silly audit   'eslint-plugin-react-hooks': [ '5.2.0' ],
24 silly audit   resolve: [ '2.0.0-next.5', '1.22.10' ],
24 silly audit   'eslint-scope': [ '7.2.2' ],
24 silly audit   espree: [ '9.6.1' ],
24 silly audit   esquery: [ '1.6.0' ],
24 silly audit   esrecurse: [ '4.3.0' ],
24 silly audit   estraverse: [ '5.3.0' ],
24 silly audit   esutils: [ '2.0.3' ],
24 silly audit   'fast-deep-equal': [ '3.1.3' ],
24 silly audit   'fast-json-stable-stringify': [ '2.1.0' ],
24 silly audit   'fast-levenshtein': [ '2.0.6' ],
24 silly audit   fastq: [ '1.19.1' ],
24 silly audit   'file-entry-cache': [ '6.0.1' ],
24 silly audit   'fill-range': [ '7.1.1' ],
24 silly audit   'find-up': [ '5.0.0' ],
24 silly audit   'flat-cache': [ '3.2.0' ],
24 silly audit   flatted: [ '3.3.3' ],
24 silly audit   'for-each': [ '0.3.5' ],
24 silly audit   'fraction.js': [ '4.3.7' ],
24 silly audit   'fs.realpath': [ '1.0.0' ],
24 silly audit   'function-bind': [ '1.1.2' ],
24 silly audit   'function.prototype.name': [ '1.1.8' ],
24 silly audit   'functions-have-names': [ '1.2.3' ],
24 silly audit   'get-intrinsic': [ '1.3.0' ],
24 silly audit   'get-proto': [ '1.0.1' ],
24 silly audit   'get-symbol-description': [ '1.1.0' ],
24 silly audit   'get-tsconfig': [ '4.10.0' ],
24 silly audit   glob: [ '7.2.3' ],
24 silly audit   'glob-to-regexp': [ '0.4.1' ],
24 silly audit   globalthis: [ '1.0.4' ],
24 silly audit   gopd: [ '1.2.0' ],
24 silly audit   graphemer: [ '1.4.0' ],
24 silly audit   'has-bigints': [ '1.1.0' ],
24 silly audit   'has-flag': [ '4.0.0' ],
24 silly audit   'has-property-descriptors': [ '1.0.2' ],
24 silly audit   'has-proto': [ '1.2.0' ],
24 silly audit   'has-symbols': [ '1.1.0' ],
24 silly audit   'has-tostringtag': [ '1.0.2' ],
24 silly audit   hasown: [ '2.0.2' ],
24 silly audit   'icss-utils': [ '5.1.0' ],
24 silly audit   ignore: [ '5.3.2' ],
24 silly audit   'import-fresh': [ '3.3.1' ],
24 silly audit   imurmurhash: [ '0.1.4' ],
24 silly audit   inflight: [ '1.0.6' ],
24 silly audit   inherits: [ '2.0.4' ],
24 silly audit   'internal-slot': [ '1.1.0' ],
24 silly audit   'is-array-buffer': [ '3.0.5' ],
24 silly audit   'is-arrayish': [ '0.2.1', '0.3.2' ],
24 silly audit   'is-async-function': [ '2.1.1' ],
24 silly audit   'is-bigint': [ '1.1.0' ],
24 silly audit   'is-boolean-object': [ '1.2.2' ],
24 silly audit   'is-bun-module': [ '2.0.0' ],
24 silly audit   'is-callable': [ '1.2.7' ],
24 silly audit   'is-core-module': [ '2.16.1' ],
24 silly audit   'is-data-view': [ '1.0.2' ],
24 silly audit   'is-date-object': [ '1.1.0' ],
24 silly audit   'is-extglob': [ '2.1.1' ],
24 silly audit   'is-finalizationregistry': [ '1.1.1' ],
24 silly audit   'is-generator-function': [ '1.1.0' ],
24 silly audit   'is-glob': [ '4.0.3' ],
24 silly audit   'is-map': [ '2.0.3' ],
24 silly audit   'is-number': [ '7.0.0' ],
24 silly audit   'is-number-object': [ '1.1.1' ],
24 silly audit   'is-path-inside': [ '3.0.3' ],
24 silly audit   'is-regex': [ '1.2.1' ],
24 silly audit   'is-set': [ '2.0.3' ],
24 silly audit   'is-shared-array-buffer': [ '1.0.4' ],
24 silly audit   'is-string': [ '1.1.1' ],
24 silly audit   'is-symbol': [ '1.1.1' ],
24 silly audit   'is-typed-array': [ '1.1.15' ],
24 silly audit   'is-weakmap': [ '2.0.2' ],
24 silly audit   'is-weakref': [ '1.1.1' ],
24 silly audit   'is-weakset': [ '2.0.4' ],
24 silly audit   isarray: [ '2.0.5' ],
24 silly audit   isexe: [ '2.0.0' ],
24 silly audit   'iterator.prototype': [ '1.1.5' ],
24 silly audit   'js-cookie': [ '3.0.5' ],
24 silly audit   'js-tokens': [ '4.0.0' ],
24 silly audit   'js-yaml': [ '4.1.0' ],
24 silly audit   'json-buffer': [ '3.0.1' ],
24 silly audit   'json-parse-even-better-errors': [ '2.3.1' ],
24 silly audit   'json-schema-traverse': [ '0.4.1' ],
24 silly audit   'json-stable-stringify-without-jsonify': [ '1.0.1' ],
24 silly audit   json5: [ '1.0.2' ],
24 silly audit   jsonwebtoken: [ '9.0.2' ],
24 silly audit   'jsx-ast-utils': [ '3.3.5' ],
24 silly audit   jwa: [ '1.4.1' ],
24 silly audit   jws: [ '3.2.2' ],
24 silly audit   keyv: [ '4.5.4' ],
24 silly audit   'language-subtag-registry': [ '0.3.23' ],
24 silly audit   'language-tags': [ '1.0.9' ],
24 silly audit   levn: [ '0.4.1' ],
24 silly audit   lightningcss: [ '1.29.3' ],
24 silly audit   'lightningcss-darwin-arm64': [ '1.29.3' ],
24 silly audit   'lightningcss-darwin-x64': [ '1.29.3' ],
24 silly audit   'lightningcss-freebsd-x64': [ '1.29.3' ],
24 silly audit   'lightningcss-linux-arm-gnueabihf': [ '1.29.3' ],
24 silly audit   'lightningcss-linux-arm64-gnu': [ '1.29.3' ],
24 silly audit   'lightningcss-linux-arm64-musl': [ '1.29.3' ],
24 silly audit   'lightningcss-linux-x64-gnu': [ '1.29.3' ],
24 silly audit   'lightningcss-linux-x64-musl': [ '1.29.3' ],
24 silly audit   'lightningcss-win32-arm64-msvc': [ '1.29.3' ],
24 silly audit   'lightningcss-win32-x64-msvc': [ '1.29.3' ],
24 silly audit   'lines-and-columns': [ '1.2.4' ],
24 silly audit   'locate-path': [ '6.0.0' ],
24 silly audit   'lodash.includes': [ '4.3.0' ],
24 silly audit   'lodash.isboolean': [ '3.0.3' ],
24 silly audit   'lodash.isinteger': [ '4.0.4' ],
24 silly audit   'lodash.isnumber': [ '3.0.3' ],
24 silly audit   'lodash.isplainobject': [ '4.0.6' ],
24 silly audit   'lodash.isstring': [ '4.0.1' ],
24 silly audit   'lodash.merge': [ '4.6.2' ],
24 silly audit   'lodash.once': [ '4.1.1' ],
24 silly audit   'loose-envify': [ '1.4.0' ],
24 silly audit   'lower-case': [ '2.0.2' ],
24 silly audit   'map-obj': [ '4.3.0' ],
24 silly audit   'math-intrinsics': [ '1.1.0' ],
24 silly audit   merge2: [ '1.4.1' ],
24 silly audit   micromatch: [ '4.0.8' ],
24 silly audit   minimist: [ '1.2.8' ],
24 silly audit   ms: [ '2.1.3' ],
24 silly audit   nanoid: [ '3.3.11' ],
24 silly audit   'natural-compare': [ '1.4.0' ],
24 silly audit   next: [ '15.2.4' ],
24 silly audit   postcss: [ '8.4.31', '8.5.3' ],
24 silly audit   'no-case': [ '3.0.4' ],
24 silly audit   'node-releases': [ '2.0.19' ],
24 silly audit   'normalize-range': [ '0.1.2' ],
24 silly audit   'object-assign': [ '4.1.1' ],
24 silly audit   'object-inspect': [ '1.13.4' ],
24 silly audit   'object-keys': [ '1.1.1' ],
24 silly audit   'object.assign': [ '4.1.7' ],
24 silly audit   'object.entries': [ '1.1.9' ],
24 silly audit   'object.fromentries': [ '2.0.8' ],
24 silly audit   'object.groupby': [ '1.0.3' ],
24 silly audit   'object.values': [ '1.2.1' ],
24 silly audit   once: [ '1.4.0' ],
24 silly audit   optionator: [ '0.9.4' ],
24 silly audit   'own-keys': [ '1.0.1' ],
24 silly audit   'p-limit': [ '3.1.0' ],
24 silly audit   'p-locate': [ '5.0.0' ],
24 silly audit   'parent-module': [ '1.0.1' ],
24 silly audit   'parse-json': [ '5.2.0' ],
24 silly audit   'path-exists': [ '4.0.0' ],
24 silly audit   'path-is-absolute': [ '1.0.1' ],
24 silly audit   'path-key': [ '3.1.1' ],
24 silly audit   'path-parse': [ '1.0.7' ],
24 silly audit   picocolors: [ '1.1.1' ],
24 silly audit   picomatch: [ '2.3.1', '4.0.2' ],
24 silly audit   'possible-typed-array-names': [ '1.1.0' ],
24 silly audit   'postcss-loader': [ '8.1.1' ],
24 silly audit   jiti: [ '1.21.7' ],
24 silly audit   'postcss-modules-extract-imports': [ '3.1.0' ],
24 silly audit   'postcss-modules-local-by-default': [ '4.2.0' ],
24 silly audit   'postcss-modules-scope': [ '3.2.1' ],
24 silly audit   'postcss-modules-values': [ '4.0.0' ],
24 silly audit   'postcss-selector-parser': [ '7.1.0' ],
24 silly audit   'postcss-value-parser': [ '4.2.0' ],
24 silly audit   'prelude-ls': [ '1.2.1' ],
24 silly audit   'prop-types': [ '15.8.1' ],
24 silly audit   punycode: [ '2.3.1' ],
24 silly audit   'queue-microtask': [ '1.2.3' ],
24 silly audit   react: [ '18.3.1' ],
24 silly audit   'react-dom': [ '18.3.1' ],
24 silly audit   'react-is': [ '16.13.1' ],
24 silly audit   'reflect.getprototypeof': [ '1.0.10' ],
24 silly audit   'regexp.prototype.flags': [ '1.5.4' ],
24 silly audit   'resolve-from': [ '4.0.0' ],
24 silly audit   'resolve-pkg-maps': [ '1.0.0' ],
24 silly audit   reusify: [ '1.1.0' ],
24 silly audit   rimraf: [ '3.0.2' ],
24 silly audit   'run-parallel': [ '1.2.0' ],
24 silly audit   'safe-array-concat': [ '1.1.3' ],
24 silly audit   'safe-buffer': [ '5.2.1' ],
24 silly audit   'safe-push-apply': [ '1.0.0' ],
24 silly audit   'safe-regex-test': [ '1.1.0' ],
24 silly audit   scheduler: [ '0.23.2' ],
24 silly audit   'server-only': [ '0.0.1' ],
24 silly audit   'set-function-length': [ '1.2.2' ],
24 silly audit   'set-function-name': [ '2.0.2' ],
24 silly audit   'set-proto': [ '1.0.0' ],
24 silly audit   sharp: [ '0.33.5' ],
24 silly audit   'shebang-command': [ '2.0.0' ],
24 silly audit   'shebang-regex': [ '3.0.0' ],
24 silly audit   'side-channel': [ '1.1.0' ],
24 silly audit   'side-channel-list': [ '1.0.0' ],
24 silly audit   'side-channel-map': [ '1.0.1' ],
24 silly audit   'side-channel-weakmap': [ '1.0.2' ],
24 silly audit   'simple-swizzle': [ '0.2.2' ],
24 silly audit   'snake-case': [ '3.0.4' ],
24 silly audit   'snakecase-keys': [ '8.0.1' ],
24 silly audit   'source-map-js': [ '1.2.1' ],
24 silly audit   'stable-hash': [ '0.0.5' ],
24 silly audit   'std-env': [ '3.8.1' ],
24 silly audit   streamsearch: [ '1.1.0' ],
24 silly audit   'string.prototype.includes': [ '2.0.1' ],
24 silly audit   'string.prototype.matchall': [ '4.0.12' ],
24 silly audit   'string.prototype.repeat': [ '1.0.0' ],
24 silly audit   'string.prototype.trim': [ '1.2.10' ],
24 silly audit   'string.prototype.trimend': [ '1.0.9' ],
24 silly audit   'string.prototype.trimstart': [ '1.0.8' ],
24 silly audit   'strip-ansi': [ '6.0.1' ],
24 silly audit   'strip-bom': [ '3.0.0' ],
24 silly audit   'strip-json-comments': [ '3.1.1' ],
24 silly audit   'styled-jsx': [ '5.1.6' ],
24 silly audit   'supports-color': [ '7.2.0' ],
24 silly audit   'supports-preserve-symlinks-flag': [ '1.0.0' ],
24 silly audit   swr: [ '2.3.3' ],
24 silly audit   'text-table': [ '0.2.0' ],
24 silly audit   tinyglobby: [ '0.2.12' ],
24 silly audit   fdir: [ '6.4.3' ],
24 silly audit   'to-regex-range': [ '5.0.1' ],
24 silly audit   'ts-api-utils': [ '2.1.0' ],
24 silly audit   'tsconfig-paths': [ '3.15.0' ],
24 silly audit   tslib: [ '2.8.1' ],
24 silly audit   'type-check': [ '0.4.0' ],
24 silly audit   'typed-array-buffer': [ '1.0.3' ],
24 silly audit   'typed-array-byte-length': [ '1.0.3' ],
24 silly audit   'typed-array-byte-offset': [ '1.0.4' ],
24 silly audit   'typed-array-length': [ '1.0.7' ],
24 silly audit   typescript: [ '5.8.2' ],
24 silly audit   'unbox-primitive': [ '1.1.0' ],
24 silly audit   'undici-types': [ '6.19.8' ],
24 silly audit   'unrs-resolver': [ '1.3.2' ],
24 silly audit   'update-browserslist-db': [ '1.1.3' ],
24 silly audit   'uri-js': [ '4.4.1' ],
24 silly audit   'use-sync-external-store': [ '1.4.0' ],
24 silly audit   'util-deprecate': [ '1.0.2' ],
24 silly audit   which: [ '2.0.2' ],
24 silly audit   'which-boxed-primitive': [ '1.1.1' ],
24 silly audit   'which-builtin-type': [ '1.2.1' ],
24 silly audit   'which-collection': [ '1.0.2' ],
24 silly audit   'which-typed-array': [ '1.1.19' ],
24 silly audit   'word-wrap': [ '1.2.5' ],
24 silly audit   wrappy: [ '1.0.2' ],
24 silly audit   'yocto-queue': [ '0.1.0' ],
24 silly audit   tailwindcss: [ '4.0.17' ]
24 silly audit }
25 verbose reify failed optional dependency C:\Users\richard.goltara\testeyau\radioman-1\node_modules\lightningcss-win32-arm64-msvc
26 silly reify mark deleted [
26 silly reify   'C:\\Users\\richard.goltara\\testeyau\\radioman-1\\node_modules\\lightningcss-win32-arm64-msvc'
26 silly reify ]
27 verbose reify failed optional dependency C:\Users\richard.goltara\testeyau\radioman-1\node_modules\lightningcss-linux-x64-musl
28 silly reify mark deleted [
28 silly reify   'C:\\Users\\richard.goltara\\testeyau\\radioman-1\\node_modules\\lightningcss-linux-x64-musl'
28 silly reify ]
29 verbose reify failed optional dependency C:\Users\richard.goltara\testeyau\radioman-1\node_modules\lightningcss-linux-x64-gnu
30 silly reify mark deleted [
30 silly reify   'C:\\Users\\richard.goltara\\testeyau\\radioman-1\\node_modules\\lightningcss-linux-x64-gnu'
30 silly reify ]
31 verbose reify failed optional dependency C:\Users\richard.goltara\testeyau\radioman-1\node_modules\lightningcss-linux-arm64-musl
32 silly reify mark deleted [
32 silly reify   'C:\\Users\\richard.goltara\\testeyau\\radioman-1\\node_modules\\lightningcss-linux-arm64-musl'
32 silly reify ]
33 verbose reify failed optional dependency C:\Users\richard.goltara\testeyau\radioman-1\node_modules\lightningcss-linux-arm64-gnu
34 silly reify mark deleted [
34 silly reify   'C:\\Users\\richard.goltara\\testeyau\\radioman-1\\node_modules\\lightningcss-linux-arm64-gnu'
34 silly reify ]
35 verbose reify failed optional dependency C:\Users\richard.goltara\testeyau\radioman-1\node_modules\lightningcss-linux-arm-gnueabihf
36 silly reify mark deleted [
36 silly reify   'C:\\Users\\richard.goltara\\testeyau\\radioman-1\\node_modules\\lightningcss-linux-arm-gnueabihf'
36 silly reify ]
37 verbose reify failed optional dependency C:\Users\richard.goltara\testeyau\radioman-1\node_modules\lightningcss-freebsd-x64
38 silly reify mark deleted [
38 silly reify   'C:\\Users\\richard.goltara\\testeyau\\radioman-1\\node_modules\\lightningcss-freebsd-x64'
38 silly reify ]
39 verbose reify failed optional dependency C:\Users\richard.goltara\testeyau\radioman-1\node_modules\lightningcss-darwin-x64
40 silly reify mark deleted [
40 silly reify   'C:\\Users\\richard.goltara\\testeyau\\radioman-1\\node_modules\\lightningcss-darwin-x64'
40 silly reify ]
41 verbose reify failed optional dependency C:\Users\richard.goltara\testeyau\radioman-1\node_modules\lightningcss-darwin-arm64
42 silly reify mark deleted [
42 silly reify   'C:\\Users\\richard.goltara\\testeyau\\radioman-1\\node_modules\\lightningcss-darwin-arm64'
42 silly reify ]
43 verbose reify failed optional dependency C:\Users\richard.goltara\testeyau\radioman-1\node_modules\@unrs\resolver-binding-win32-ia32-msvc
44 silly reify mark deleted [
44 silly reify   'C:\\Users\\richard.goltara\\testeyau\\radioman-1\\node_modules\\@unrs\\resolver-binding-win32-ia32-msvc'
44 silly reify ]
45 verbose reify failed optional dependency C:\Users\richard.goltara\testeyau\radioman-1\node_modules\@unrs\resolver-binding-win32-arm64-msvc
46 silly reify mark deleted [
46 silly reify   'C:\\Users\\richard.goltara\\testeyau\\radioman-1\\node_modules\\@unrs\\resolver-binding-win32-arm64-msvc'
46 silly reify ]
47 verbose reify failed optional dependency C:\Users\richard.goltara\testeyau\radioman-1\node_modules\@unrs\resolver-binding-wasm32-wasi
48 silly reify mark deleted [
48 silly reify   'C:\\Users\\richard.goltara\\testeyau\\radioman-1\\node_modules\\@unrs\\resolver-binding-wasm32-wasi'
48 silly reify ]
49 verbose reify failed optional dependency C:\Users\richard.goltara\testeyau\radioman-1\node_modules\@napi-rs\wasm-runtime
50 silly reify mark deleted [
50 silly reify   'C:\\Users\\richard.goltara\\testeyau\\radioman-1\\node_modules\\@napi-rs\\wasm-runtime'
50 silly reify ]
51 verbose reify failed optional dependency C:\Users\richard.goltara\testeyau\radioman-1\node_modules\@emnapi\core
52 silly reify mark deleted [
52 silly reify   'C:\\Users\\richard.goltara\\testeyau\\radioman-1\\node_modules\\@emnapi\\core'
52 silly reify ]
53 verbose reify failed optional dependency C:\Users\richard.goltara\testeyau\radioman-1\node_modules\@tybys\wasm-util
54 silly reify mark deleted [
54 silly reify   'C:\\Users\\richard.goltara\\testeyau\\radioman-1\\node_modules\\@tybys\\wasm-util'
54 silly reify ]
55 verbose reify failed optional dependency C:\Users\richard.goltara\testeyau\radioman-1\node_modules\@emnapi\wasi-threads
56 silly reify mark deleted [
56 silly reify   'C:\\Users\\richard.goltara\\testeyau\\radioman-1\\node_modules\\@emnapi\\wasi-threads'
56 silly reify ]
57 verbose reify failed optional dependency C:\Users\richard.goltara\testeyau\radioman-1\node_modules\@unrs\resolver-binding-linux-x64-musl
58 silly reify mark deleted [
58 silly reify   'C:\\Users\\richard.goltara\\testeyau\\radioman-1\\node_modules\\@unrs\\resolver-binding-linux-x64-musl'
58 silly reify ]
59 verbose reify failed optional dependency C:\Users\richard.goltara\testeyau\radioman-1\node_modules\@unrs\resolver-binding-linux-x64-gnu
60 silly reify mark deleted [
60 silly reify   'C:\\Users\\richard.goltara\\testeyau\\radioman-1\\node_modules\\@unrs\\resolver-binding-linux-x64-gnu'
60 silly reify ]
61 verbose reify failed optional dependency C:\Users\richard.goltara\testeyau\radioman-1\node_modules\@unrs\resolver-binding-linux-s390x-gnu
62 silly reify mark deleted [
62 silly reify   'C:\\Users\\richard.goltara\\testeyau\\radioman-1\\node_modules\\@unrs\\resolver-binding-linux-s390x-gnu'
62 silly reify ]
63 verbose reify failed optional dependency C:\Users\richard.goltara\testeyau\radioman-1\node_modules\@unrs\resolver-binding-linux-ppc64-gnu
64 silly reify mark deleted [
64 silly reify   'C:\\Users\\richard.goltara\\testeyau\\radioman-1\\node_modules\\@unrs\\resolver-binding-linux-ppc64-gnu'
64 silly reify ]
65 verbose reify failed optional dependency C:\Users\richard.goltara\testeyau\radioman-1\node_modules\@unrs\resolver-binding-linux-arm64-musl
66 silly reify mark deleted [
66 silly reify   'C:\\Users\\richard.goltara\\testeyau\\radioman-1\\node_modules\\@unrs\\resolver-binding-linux-arm64-musl'
66 silly reify ]
67 verbose reify failed optional dependency C:\Users\richard.goltara\testeyau\radioman-1\node_modules\@unrs\resolver-binding-linux-arm64-gnu
68 silly reify mark deleted [
68 silly reify   'C:\\Users\\richard.goltara\\testeyau\\radioman-1\\node_modules\\@unrs\\resolver-binding-linux-arm64-gnu'
68 silly reify ]
69 verbose reify failed optional dependency C:\Users\richard.goltara\testeyau\radioman-1\node_modules\@unrs\resolver-binding-linux-arm-musleabihf
70 silly reify mark deleted [
70 silly reify   'C:\\Users\\richard.goltara\\testeyau\\radioman-1\\node_modules\\@unrs\\resolver-binding-linux-arm-musleabihf'
70 silly reify ]
71 verbose reify failed optional dependency C:\Users\richard.goltara\testeyau\radioman-1\node_modules\@unrs\resolver-binding-linux-arm-gnueabihf
72 silly reify mark deleted [
72 silly reify   'C:\\Users\\richard.goltara\\testeyau\\radioman-1\\node_modules\\@unrs\\resolver-binding-linux-arm-gnueabihf'
72 silly reify ]
73 verbose reify failed optional dependency C:\Users\richard.goltara\testeyau\radioman-1\node_modules\@unrs\resolver-binding-freebsd-x64
74 silly reify mark deleted [
74 silly reify   'C:\\Users\\richard.goltara\\testeyau\\radioman-1\\node_modules\\@unrs\\resolver-binding-freebsd-x64'
74 silly reify ]
75 verbose reify failed optional dependency C:\Users\richard.goltara\testeyau\radioman-1\node_modules\@unrs\resolver-binding-darwin-x64
76 silly reify mark deleted [
76 silly reify   'C:\\Users\\richard.goltara\\testeyau\\radioman-1\\node_modules\\@unrs\\resolver-binding-darwin-x64'
76 silly reify ]
77 verbose reify failed optional dependency C:\Users\richard.goltara\testeyau\radioman-1\node_modules\@unrs\resolver-binding-darwin-arm64
78 silly reify mark deleted [
78 silly reify   'C:\\Users\\richard.goltara\\testeyau\\radioman-1\\node_modules\\@unrs\\resolver-binding-darwin-arm64'
78 silly reify ]
79 verbose reify failed optional dependency C:\Users\richard.goltara\testeyau\radioman-1\node_modules\@next\swc-win32-arm64-msvc
80 silly reify mark deleted [
80 silly reify   'C:\\Users\\richard.goltara\\testeyau\\radioman-1\\node_modules\\@next\\swc-win32-arm64-msvc'
80 silly reify ]
81 verbose reify failed optional dependency C:\Users\richard.goltara\testeyau\radioman-1\node_modules\@next\swc-linux-x64-musl
82 silly reify mark deleted [
82 silly reify   'C:\\Users\\richard.goltara\\testeyau\\radioman-1\\node_modules\\@next\\swc-linux-x64-musl'
82 silly reify ]
83 verbose reify failed optional dependency C:\Users\richard.goltara\testeyau\radioman-1\node_modules\@next\swc-linux-x64-gnu
84 silly reify mark deleted [
84 silly reify   'C:\\Users\\richard.goltara\\testeyau\\radioman-1\\node_modules\\@next\\swc-linux-x64-gnu'
84 silly reify ]
85 verbose reify failed optional dependency C:\Users\richard.goltara\testeyau\radioman-1\node_modules\@next\swc-linux-arm64-musl
86 silly reify mark deleted [
86 silly reify   'C:\\Users\\richard.goltara\\testeyau\\radioman-1\\node_modules\\@next\\swc-linux-arm64-musl'
86 silly reify ]
87 verbose reify failed optional dependency C:\Users\richard.goltara\testeyau\radioman-1\node_modules\@next\swc-linux-arm64-gnu
88 silly reify mark deleted [
88 silly reify   'C:\\Users\\richard.goltara\\testeyau\\radioman-1\\node_modules\\@next\\swc-linux-arm64-gnu'
88 silly reify ]
89 verbose reify failed optional dependency C:\Users\richard.goltara\testeyau\radioman-1\node_modules\@next\swc-darwin-x64
90 silly reify mark deleted [
90 silly reify   'C:\\Users\\richard.goltara\\testeyau\\radioman-1\\node_modules\\@next\\swc-darwin-x64'
90 silly reify ]
91 verbose reify failed optional dependency C:\Users\richard.goltara\testeyau\radioman-1\node_modules\@next\swc-darwin-arm64
92 silly reify mark deleted [
92 silly reify   'C:\\Users\\richard.goltara\\testeyau\\radioman-1\\node_modules\\@next\\swc-darwin-arm64'
92 silly reify ]
93 verbose reify failed optional dependency C:\Users\richard.goltara\testeyau\radioman-1\node_modules\@img\sharp-win32-ia32
94 silly reify mark deleted [
94 silly reify   'C:\\Users\\richard.goltara\\testeyau\\radioman-1\\node_modules\\@img\\sharp-win32-ia32'
94 silly reify ]
95 verbose reify failed optional dependency C:\Users\richard.goltara\testeyau\radioman-1\node_modules\@img\sharp-wasm32
96 silly reify mark deleted [
96 silly reify   'C:\\Users\\richard.goltara\\testeyau\\radioman-1\\node_modules\\@img\\sharp-wasm32'
96 silly reify ]
97 verbose reify failed optional dependency C:\Users\richard.goltara\testeyau\radioman-1\node_modules\@img\sharp-linuxmusl-x64
98 silly reify mark deleted [
98 silly reify   'C:\\Users\\richard.goltara\\testeyau\\radioman-1\\node_modules\\@img\\sharp-linuxmusl-x64'
98 silly reify ]
99 verbose reify failed optional dependency C:\Users\richard.goltara\testeyau\radioman-1\node_modules\@img\sharp-linuxmusl-arm64
100 silly reify mark deleted [
100 silly reify   'C:\\Users\\richard.goltara\\testeyau\\radioman-1\\node_modules\\@img\\sharp-linuxmusl-arm64'
100 silly reify ]
101 verbose reify failed optional dependency C:\Users\richard.goltara\testeyau\radioman-1\node_modules\@img\sharp-linux-x64
102 silly reify mark deleted [
102 silly reify   'C:\\Users\\richard.goltara\\testeyau\\radioman-1\\node_modules\\@img\\sharp-linux-x64'
102 silly reify ]
103 verbose reify failed optional dependency C:\Users\richard.goltara\testeyau\radioman-1\node_modules\@img\sharp-linux-s390x
104 silly reify mark deleted [
104 silly reify   'C:\\Users\\richard.goltara\\testeyau\\radioman-1\\node_modules\\@img\\sharp-linux-s390x'
104 silly reify ]
105 verbose reify failed optional dependency C:\Users\richard.goltara\testeyau\radioman-1\node_modules\@img\sharp-linux-arm64
106 silly reify mark deleted [
106 silly reify   'C:\\Users\\richard.goltara\\testeyau\\radioman-1\\node_modules\\@img\\sharp-linux-arm64'
106 silly reify ]
107 verbose reify failed optional dependency C:\Users\richard.goltara\testeyau\radioman-1\node_modules\@img\sharp-linux-arm
108 silly reify mark deleted [
108 silly reify   'C:\\Users\\richard.goltara\\testeyau\\radioman-1\\node_modules\\@img\\sharp-linux-arm'
108 silly reify ]
109 verbose reify failed optional dependency C:\Users\richard.goltara\testeyau\radioman-1\node_modules\@img\sharp-libvips-linuxmusl-x64
110 silly reify mark deleted [
110 silly reify   'C:\\Users\\richard.goltara\\testeyau\\radioman-1\\node_modules\\@img\\sharp-libvips-linuxmusl-x64'
110 silly reify ]
111 verbose reify failed optional dependency C:\Users\richard.goltara\testeyau\radioman-1\node_modules\@img\sharp-libvips-linuxmusl-arm64
112 silly reify mark deleted [
112 silly reify   'C:\\Users\\richard.goltara\\testeyau\\radioman-1\\node_modules\\@img\\sharp-libvips-linuxmusl-arm64'
112 silly reify ]
113 verbose reify failed optional dependency C:\Users\richard.goltara\testeyau\radioman-1\node_modules\@img\sharp-libvips-linux-x64
114 silly reify mark deleted [
114 silly reify   'C:\\Users\\richard.goltara\\testeyau\\radioman-1\\node_modules\\@img\\sharp-libvips-linux-x64'
114 silly reify ]
115 verbose reify failed optional dependency C:\Users\richard.goltara\testeyau\radioman-1\node_modules\@img\sharp-libvips-linux-s390x
116 silly reify mark deleted [
116 silly reify   'C:\\Users\\richard.goltara\\testeyau\\radioman-1\\node_modules\\@img\\sharp-libvips-linux-s390x'
116 silly reify ]
117 verbose reify failed optional dependency C:\Users\richard.goltara\testeyau\radioman-1\node_modules\@img\sharp-libvips-linux-arm64
118 silly reify mark deleted [
118 silly reify   'C:\\Users\\richard.goltara\\testeyau\\radioman-1\\node_modules\\@img\\sharp-libvips-linux-arm64'
118 silly reify ]
119 verbose reify failed optional dependency C:\Users\richard.goltara\testeyau\radioman-1\node_modules\@img\sharp-libvips-linux-arm
120 silly reify mark deleted [
120 silly reify   'C:\\Users\\richard.goltara\\testeyau\\radioman-1\\node_modules\\@img\\sharp-libvips-linux-arm'
120 silly reify ]
121 verbose reify failed optional dependency C:\Users\richard.goltara\testeyau\radioman-1\node_modules\@img\sharp-libvips-darwin-x64
122 silly reify mark deleted [
122 silly reify   'C:\\Users\\richard.goltara\\testeyau\\radioman-1\\node_modules\\@img\\sharp-libvips-darwin-x64'
122 silly reify ]
123 verbose reify failed optional dependency C:\Users\richard.goltara\testeyau\radioman-1\node_modules\@img\sharp-libvips-darwin-arm64
124 silly reify mark deleted [
124 silly reify   'C:\\Users\\richard.goltara\\testeyau\\radioman-1\\node_modules\\@img\\sharp-libvips-darwin-arm64'
124 silly reify ]
125 verbose reify failed optional dependency C:\Users\richard.goltara\testeyau\radioman-1\node_modules\@img\sharp-darwin-x64
126 silly reify mark deleted [
126 silly reify   'C:\\Users\\richard.goltara\\testeyau\\radioman-1\\node_modules\\@img\\sharp-darwin-x64'
126 silly reify ]
127 verbose reify failed optional dependency C:\Users\richard.goltara\testeyau\radioman-1\node_modules\@img\sharp-darwin-arm64
128 silly reify mark deleted [
128 silly reify   'C:\\Users\\richard.goltara\\testeyau\\radioman-1\\node_modules\\@img\\sharp-darwin-arm64'
128 silly reify ]
129 http cache tailwindcss@https://registry.npmjs.org/tailwindcss/-/tailwindcss-4.0.17.tgz 0ms (cache hit)
130 http cache @tybys/wasm-util@https://registry.npmjs.org/@tybys/wasm-util/-/wasm-util-0.9.0.tgz 0ms (cache hit)
131 http cache @emnapi/core@https://registry.npmjs.org/@emnapi/core/-/core-1.4.0.tgz 0ms (cache hit)
132 http cache @emnapi/wasi-threads@https://registry.npmjs.org/@emnapi/wasi-threads/-/wasi-threads-1.0.1.tgz 1ms (cache hit)
133 http cache @napi-rs/wasm-runtime@https://registry.npmjs.org/@napi-rs/wasm-runtime/-/wasm-runtime-0.2.7.tgz 0ms (cache hit)
134 http fetch POST 200 https://registry.npmjs.org/-/npm/v1/security/advisories/bulk 425ms
135 silly audit report {}
136 silly ADD node_modules/tailwindcss
137 silly ADD
138 silly ADD
139 silly ADD
140 silly ADD
141 silly ADD
142 silly ADD
143 silly ADD
144 silly ADD
145 silly ADD
146 silly ADD
147 silly ADD
148 silly ADD
149 silly ADD
150 silly ADD
151 silly ADD
152 silly ADD
153 silly ADD
154 silly ADD
155 silly ADD
156 silly ADD
157 silly ADD
158 silly ADD
159 silly ADD
160 silly ADD
161 silly ADD
162 silly ADD
163 silly ADD
164 silly ADD
165 silly ADD
166 silly ADD
167 silly ADD
168 silly ADD
169 silly ADD
170 silly ADD
171 silly ADD
172 silly ADD
173 silly ADD
174 silly ADD
175 silly ADD
176 silly ADD
177 silly ADD
178 silly ADD
179 silly ADD
180 silly ADD
181 silly ADD
182 silly ADD
183 silly ADD
184 silly ADD
185 silly ADD
186 silly ADD
187 silly ADD
188 silly ADD
189 verbose cwd C:\Users\richard.goltara\testeyau\radioman-1
190 verbose os Windows_NT 10.0.19045
191 verbose node v20.19.0
192 verbose npm  v11.2.0
193 verbose exit 0
194 info ok
